2026-02-18 18:13:52,487 - ERROR - Необработанное исключение: SystemDoesNotExist: <Model: System> instance matching query does not exist:
SQL: SELECT `t1`.`id`, `t1`.`title_id`, `t1`.`total_athletes`, `t1`.`total_group`, `t1`.`max_player`, `t1`.`stage`, `t1`.`type_table`, `t1`.`page_vid`, `t1`.`label_string`, `t1`.`kol_game_string`, `t1`.`choice_flag`, `t1`.`score_flag`, `t1`.`visible_game`, `t1`.`stage_exit`, `t1`.`mesta_exit`, `t1`.`no_game`, `t1`.`sex` FROM `system` AS `t1` WHERE ((`t1`.`title_id` = %s) AND (`t1`.`stage` = %s)) LIMIT %s OFFSET %s
Params: [68, 'Парный разряд', 1, 0]
2026-02-18 18:13:52,487 - ERROR - Трассировка стека:
Traceback (most recent call last):
  File "C:\Users\Alex_SSHOR13\Competitions_TT\venv\Lib\site-packages\peewee.py", line 7297, in get
    return clone.execute(database)[0]
           ~~~~~~~~~~~~~~~~~~~~~~~^^^
  File "C:\Users\Alex_SSHOR13\Competitions_TT\venv\Lib\site-packages\peewee.py", line 4583, in __getitem__
    return self.row_cache[item]
           ~~~~~~~~~~~~~~^^^^^^
IndexError: list index out of range

During handling of the above exception, another exception occurred:

Traceback (most recent call last):
  File "c:\Users\Alex_SSHOR13\Competitions_TT\main.py", line 4152, in tool_page
    page()
  File "c:\Users\Alex_SSHOR13\Competitions_TT\main.py", line 4547, in page
    id_sys = sf.select().where(System.stage == "Парный разряд").get()
             ^^^^^^^^^^^^^^^^^^^^^^^^^^^^^^^^^^^^^^^^^^^^^^^^^^^^^^^^
  File "C:\Users\Alex_SSHOR13\Competitions_TT\venv\Lib\site-packages\peewee.py", line 7300, in get
    raise self.model.DoesNotExist('%s instance matching query does '
models.SystemDoesNotExist: <Model: System> instance matching query does not exist:
SQL: SELECT `t1`.`id`, `t1`.`title_id`, `t1`.`total_athletes`, `t1`.`total_group`, `t1`.`max_player`, `t1`.`stage`, `t1`.`type_table`, `t1`.`page_vid`, `t1`.`label_string`, `t1`.`kol_game_string`, `t1`.`choice_flag`, `t1`.`score_flag`, `t1`.`visible_game`, `t1`.`stage_exit`, `t1`.`mesta_exit`, `t1`.`no_game`, `t1`.`sex` FROM `system` AS `t1` WHERE ((`t1`.`title_id` = %s) AND (`t1`.`stage` = %s)) LIMIT %s OFFSET %s
Params: [68, 'Парный разряд', 1, 0]
2026-02-18 18:18:20,762 - ERROR - Необработанное исключение: SystemDoesNotExist: <Model: System> instance matching query does not exist:
SQL: SELECT `t1`.`id`, `t1`.`title_id`, `t1`.`total_athletes`, `t1`.`total_group`, `t1`.`max_player`, `t1`.`stage`, `t1`.`type_table`, `t1`.`page_vid`, `t1`.`label_string`, `t1`.`kol_game_string`, `t1`.`choice_flag`, `t1`.`score_flag`, `t1`.`visible_game`, `t1`.`stage_exit`, `t1`.`mesta_exit`, `t1`.`no_game`, `t1`.`sex` FROM `system` AS `t1` WHERE ((`t1`.`title_id` = %s) AND (`t1`.`stage` = %s)) LIMIT %s OFFSET %s
Params: [68, 'Парный разряд', 1, 0]
2026-02-18 18:18:20,762 - ERROR - Трассировка стека:
Traceback (most recent call last):
  File "C:\Users\Alex_SSHOR13\Competitions_TT\venv\Lib\site-packages\peewee.py", line 7297, in get
    return clone.execute(database)[0]
           ~~~~~~~~~~~~~~~~~~~~~~~^^^
  File "C:\Users\Alex_SSHOR13\Competitions_TT\venv\Lib\site-packages\peewee.py", line 4583, in __getitem__
    return self.row_cache[item]
           ~~~~~~~~~~~~~~^^^^^^
IndexError: list index out of range

During handling of the above exception, another exception occurred:

Traceback (most recent call last):
  File "c:\Users\Alex_SSHOR13\Competitions_TT\main.py", line 4152, in tool_page
    page()
  File "c:\Users\Alex_SSHOR13\Competitions_TT\main.py", line 4547, in page
    id_sys = sf.select().where(System.stage == "Парный разряд").get()
             ^^^^^^^^^^^^^^^^^^^^^^^^^^^^^^^^^^^^^^^^^^^^^^^^^^^^^^^^
  File "C:\Users\Alex_SSHOR13\Competitions_TT\venv\Lib\site-packages\peewee.py", line 7300, in get
    raise self.model.DoesNotExist('%s instance matching query does '
models.SystemDoesNotExist: <Model: System> instance matching query does not exist:
SQL: SELECT `t1`.`id`, `t1`.`title_id`, `t1`.`total_athletes`, `t1`.`total_group`, `t1`.`max_player`, `t1`.`stage`, `t1`.`type_table`, `t1`.`page_vid`, `t1`.`label_string`, `t1`.`kol_game_string`, `t1`.`choice_flag`, `t1`.`score_flag`, `t1`.`visible_game`, `t1`.`stage_exit`, `t1`.`mesta_exit`, `t1`.`no_game`, `t1`.`sex` FROM `system` AS `t1` WHERE ((`t1`.`title_id` = %s) AND (`t1`.`stage` = %s)) LIMIT %s OFFSET %s
Params: [68, 'Парный разряд', 1, 0]
2026-02-18 18:19:38,371 - ERROR - Необработанное исключение: SystemDoesNotExist: <Model: System> instance matching query does not exist:
SQL: SELECT `t1`.`id`, `t1`.`title_id`, `t1`.`total_athletes`, `t1`.`total_group`, `t1`.`max_player`, `t1`.`stage`, `t1`.`type_table`, `t1`.`page_vid`, `t1`.`label_string`, `t1`.`kol_game_string`, `t1`.`choice_flag`, `t1`.`score_flag`, `t1`.`visible_game`, `t1`.`stage_exit`, `t1`.`mesta_exit`, `t1`.`no_game`, `t1`.`sex` FROM `system` AS `t1` WHERE ((`t1`.`title_id` = %s) AND (`t1`.`stage` = %s)) LIMIT %s OFFSET %s
Params: [68, 'Парный разряд', 1, 0]
2026-02-18 18:19:38,372 - ERROR - Трассировка стека:
Traceback (most recent call last):
  File "C:\Users\Alex_SSHOR13\Competitions_TT\venv\Lib\site-packages\peewee.py", line 7297, in get
    return clone.execute(database)[0]
           ~~~~~~~~~~~~~~~~~~~~~~~^^^
  File "C:\Users\Alex_SSHOR13\Competitions_TT\venv\Lib\site-packages\peewee.py", line 4583, in __getitem__
    return self.row_cache[item]
           ~~~~~~~~~~~~~~^^^^^^
IndexError: list index out of range

During handling of the above exception, another exception occurred:

Traceback (most recent call last):
  File "c:\Users\Alex_SSHOR13\Competitions_TT\main.py", line 4152, in tool_page
    page()
  File "c:\Users\Alex_SSHOR13\Competitions_TT\main.py", line 4547, in page
    id_sys = sf.select().where(System.stage == "Парный разряд").get()
             ^^^^^^^^^^^^^^^^^^^^^^^^^^^^^^^^^^^^^^^^^^^^^^^^^^^^^^^^
  File "C:\Users\Alex_SSHOR13\Competitions_TT\venv\Lib\site-packages\peewee.py", line 7300, in get
    raise self.model.DoesNotExist('%s instance matching query does '
models.SystemDoesNotExist: <Model: System> instance matching query does not exist:
SQL: SELECT `t1`.`id`, `t1`.`title_id`, `t1`.`total_athletes`, `t1`.`total_group`, `t1`.`max_player`, `t1`.`stage`, `t1`.`type_table`, `t1`.`page_vid`, `t1`.`label_string`, `t1`.`kol_game_string`, `t1`.`choice_flag`, `t1`.`score_flag`, `t1`.`visible_game`, `t1`.`stage_exit`, `t1`.`mesta_exit`, `t1`.`no_game`, `t1`.`sex` FROM `system` AS `t1` WHERE ((`t1`.`title_id` = %s) AND (`t1`.`stage` = %s)) LIMIT %s OFFSET %s
Params: [68, 'Парный разряд', 1, 0]
