2025-11-15 18:56:46,606 - ERROR - Необработанное исключение: PlayerDoesNotExist: <Model: Player> instance matching query does not exist:
SQL: SELECT `t1`.`id`, `t1`.`player`, `t1`.`bday`, `t1`.`rank`, `t1`.`city`, `t1`.`region`, `t1`.`razryad`, `t1`.`coach_id`, `t1`.`mesto`, `t1`.`full_name`, `t1`.`title_id`, `t1`.`pay_rejting`, `t1`.`comment`, `t1`.`coefficient_victories`, `t1`.`total_game_player`, `t1`.`total_win_game`, `t1`.`application`, `t1`.`patronymic_id`, `t1`.`sex` FROM `players` AS `t1` WHERE ((`t1`.`title_id` = %s) AND (`t1`.`full_name` = %s)) LIMIT %s OFFSET %s
Params: [60, 'ЖУКОВА Мария/Щелокова', 1, 0]
2025-11-15 18:56:46,607 - ERROR - Трассировка стека:
Traceback (most recent call last):
  File "C:\Users\Alex_SSHOR13\Competitions_TT\venv\Lib\site-packages\peewee.py", line 7297, in get
    return clone.execute(database)[0]
           ~~~~~~~~~~~~~~~~~~~~~~~^^^
  File "C:\Users\Alex_SSHOR13\Competitions_TT\venv\Lib\site-packages\peewee.py", line 4583, in __getitem__
    return self.row_cache[item]
           ~~~~~~~~~~~~~~^^^^^^
IndexError: list index out of range

During handling of the above exception, another exception occurred:

Traceback (most recent call last):
  File "c:\Users\Alex_SSHOR13\Competitions_TT\main.py", line 18611, in made_file_excel_for_rejting
    id_los =  players.select().where(Player.full_name == pl_los).get()
              ^^^^^^^^^^^^^^^^^^^^^^^^^^^^^^^^^^^^^^^^^^^^^^^^^^^^^^^^
  File "C:\Users\Alex_SSHOR13\Competitions_TT\venv\Lib\site-packages\peewee.py", line 7300, in get
    raise self.model.DoesNotExist('%s instance matching query does '
models.PlayerDoesNotExist: <Model: Player> instance matching query does not exist:
SQL: SELECT `t1`.`id`, `t1`.`player`, `t1`.`bday`, `t1`.`rank`, `t1`.`city`, `t1`.`region`, `t1`.`razryad`, `t1`.`coach_id`, `t1`.`mesto`, `t1`.`full_name`, `t1`.`title_id`, `t1`.`pay_rejting`, `t1`.`comment`, `t1`.`coefficient_victories`, `t1`.`total_game_player`, `t1`.`total_win_game`, `t1`.`application`, `t1`.`patronymic_id`, `t1`.`sex` FROM `players` AS `t1` WHERE ((`t1`.`title_id` = %s) AND (`t1`.`full_name` = %s)) LIMIT %s OFFSET %s
Params: [60, 'ЖУКОВА Мария/Щелокова', 1, 0]
