2026-04-03 11:20:24,244 - ERROR - Необработанное исключение: IndexError: list index out of range
2026-04-03 11:20:24,245 - ERROR - Трассировка стека:
Traceback (most recent call last):
  File "c:\Users\Alex\Competitions_TT\main.py", line 6076, in view
    view_file = made_pdf_table_for_view(sender)
  File "c:\Users\Alex\Competitions_TT\main.py", line 8509, in made_pdf_table_for_view
    table_made(pv, stage)
    ~~~~~~~~~~^^^^^^^^^^^
  File "c:\Users\Alex\Competitions_TT\main.py", line 16373, in table_made
    dict_table = tbl(stage, kg, ts, zagolovok, cW, rH)
  File "c:\Users\Alex\Competitions_TT\main.py", line 15593, in tbl
    tdt_all = table_data(stage, kg)  # данные результатов в группах
  File "c:\Users\Alex\Competitions_TT\main.py", line 20021, in table_data
    tdt_tmp = tdt_news(max_gamer, posev_data, count_player_group, tr, num_gr)
  File "c:\Users\Alex\Competitions_TT\main.py", line 20119, in tdt_news
    tbl_tmp[i - 1][1] = fam
    ~~~~~~~^^^^^^^
IndexError: list index out of range
2026-04-03 11:20:32,945 - ERROR - Необработанное исключение: IndexError: list index out of range
2026-04-03 11:20:32,946 - ERROR - Трассировка стека:
Traceback (most recent call last):
  File "c:\Users\Alex\Competitions_TT\main.py", line 6076, in view
    view_file = made_pdf_table_for_view(sender)
  File "c:\Users\Alex\Competitions_TT\main.py", line 8509, in made_pdf_table_for_view
    table_made(pv, stage)
    ~~~~~~~~~~^^^^^^^^^^^
  File "c:\Users\Alex\Competitions_TT\main.py", line 16373, in table_made
    dict_table = tbl(stage, kg, ts, zagolovok, cW, rH)
  File "c:\Users\Alex\Competitions_TT\main.py", line 15593, in tbl
    tdt_all = table_data(stage, kg)  # данные результатов в группах
  File "c:\Users\Alex\Competitions_TT\main.py", line 20021, in table_data
    tdt_tmp = tdt_news(max_gamer, posev_data, count_player_group, tr, num_gr)
  File "c:\Users\Alex\Competitions_TT\main.py", line 20119, in tdt_news
    tbl_tmp[i - 1][1] = fam
    ~~~~~~~^^^^^^^
IndexError: list index out of range
