2026-03-27 15:58:36,524 - ERROR - Необработанное исключение: KeyError: 3
2026-03-27 15:58:36,524 - ERROR - Трассировка стека:
Traceback (most recent call last):
  File "c:\Users\Alex_SSHOR13\Competitions_TT\main.py", line 6076, in view
    view_file = made_pdf_table_for_view(sender)
                ^^^^^^^^^^^^^^^^^^^^^^^^^^^^^^^
  File "c:\Users\Alex_SSHOR13\Competitions_TT\main.py", line 8509, in made_pdf_table_for_view
    table_made(pv, stage)
  File "c:\Users\Alex_SSHOR13\Competitions_TT\main.py", line 16052, in table_made
    dict_table = tbl(stage, kg, ts, zagolovok, cW, rH)
                 ^^^^^^^^^^^^^^^^^^^^^^^^^^^^^^^^^^^^^
  File "c:\Users\Alex_SSHOR13\Competitions_TT\main.py", line 15272, in tbl
    tdt_all = table_data(stage, kg)  # данные результатов в группах
              ^^^^^^^^^^^^^^^^^^^^^
  File "c:\Users\Alex_SSHOR13\Competitions_TT\main.py", line 19700, in table_data
    tdt_tmp = tdt_news(max_gamer, posev_data, count_player_group, tr, num_gr)
              ^^^^^^^^^^^^^^^^^^^^^^^^^^^^^^^^^^^^^^^^^^^^^^^^^^^^^^^^^^^^^^^
  File "c:\Users\Alex_SSHOR13\Competitions_TT\main.py", line 19811, in tdt_news
    td_color = score_in_table(td, num_gr)
               ^^^^^^^^^^^^^^^^^^^^^^^^^^
  File "c:\Users\Alex_SSHOR13\Competitions_TT\main.py", line 20042, in score_in_table
    plr1 = total_score[p1]
           ~~~~~~~~~~~^^^^
KeyError: 3
2026-03-27 15:59:06,088 - ERROR - Необработанное исключение: KeyError: 3
2026-03-27 15:59:06,089 - ERROR - Трассировка стека:
Traceback (most recent call last):
  File "c:\Users\Alex_SSHOR13\Competitions_TT\main.py", line 6076, in view
    view_file = made_pdf_table_for_view(sender)
                ^^^^^^^^^^^^^^^^^^^^^^^^^^^^^^^
  File "c:\Users\Alex_SSHOR13\Competitions_TT\main.py", line 8509, in made_pdf_table_for_view
    table_made(pv, stage)
  File "c:\Users\Alex_SSHOR13\Competitions_TT\main.py", line 16052, in table_made
    dict_table = tbl(stage, kg, ts, zagolovok, cW, rH)
                 ^^^^^^^^^^^^^^^^^^^^^^^^^^^^^^^^^^^^^
  File "c:\Users\Alex_SSHOR13\Competitions_TT\main.py", line 15272, in tbl
    tdt_all = table_data(stage, kg)  # данные результатов в группах
              ^^^^^^^^^^^^^^^^^^^^^
  File "c:\Users\Alex_SSHOR13\Competitions_TT\main.py", line 19700, in table_data
    tdt_tmp = tdt_news(max_gamer, posev_data, count_player_group, tr, num_gr)
              ^^^^^^^^^^^^^^^^^^^^^^^^^^^^^^^^^^^^^^^^^^^^^^^^^^^^^^^^^^^^^^^
  File "c:\Users\Alex_SSHOR13\Competitions_TT\main.py", line 19811, in tdt_news
    td_color = score_in_table(td, num_gr)
               ^^^^^^^^^^^^^^^^^^^^^^^^^^
  File "c:\Users\Alex_SSHOR13\Competitions_TT\main.py", line 20042, in score_in_table
    plr1 = total_score[p1]
           ~~~~~~~~~~~^^^^
KeyError: 3
