2026-03-21 15:07:51,049 - ERROR - Необработанное исключение: ProgrammingError: (1064, "You have an error in your SQL syntax; check the manual that corresponds to your MySQL server version for the right syntax to use near 'ON (`t1`.`sf_group`) `t1`.`id`, `t1`.`player_choice_id`, `t1`.`family`, `t1`.`re' at line 1")
2026-03-21 15:07:51,052 - ERROR - Трассировка стека:
Traceback (most recent call last):
  File "c:\Users\Alex_SSHOR13\Competitions_TT\venv\Lib\site-packages\peewee.py", line 3322, in execute_sql
    cursor.execute(sql, params or ())
  File "c:\Users\Alex_SSHOR13\Competitions_TT\venv\Lib\site-packages\pymysql\cursors.py", line 153, in execute
    result = self._query(query)
             ^^^^^^^^^^^^^^^^^^
  File "c:\Users\Alex_SSHOR13\Competitions_TT\venv\Lib\site-packages\pymysql\cursors.py", line 322, in _query
    conn.query(q)
  File "c:\Users\Alex_SSHOR13\Competitions_TT\venv\Lib\site-packages\pymysql\connections.py", line 575, in query
    self._affected_rows = self._read_query_result(unbuffered=unbuffered)
                          ^^^^^^^^^^^^^^^^^^^^^^^^^^^^^^^^^^^^^^^^^^^^^^
  File "c:\Users\Alex_SSHOR13\Competitions_TT\venv\Lib\site-packages\pymysql\connections.py", line 826, in _read_query_result
    result.read()
  File "c:\Users\Alex_SSHOR13\Competitions_TT\venv\Lib\site-packages\pymysql\connections.py", line 1203, in read
    first_packet = self.connection._read_packet()
                   ^^^^^^^^^^^^^^^^^^^^^^^^^^^^^^
  File "c:\Users\Alex_SSHOR13\Competitions_TT\venv\Lib\site-packages\pymysql\connections.py", line 782, in _read_packet
    packet.raise_for_error()
  File "c:\Users\Alex_SSHOR13\Competitions_TT\venv\Lib\site-packages\pymysql\protocol.py", line 219, in raise_for_error
    err.raise_mysql_exception(self._data)
  File "c:\Users\Alex_SSHOR13\Competitions_TT\venv\Lib\site-packages\pymysql\err.py", line 150, in raise_mysql_exception
    raise errorclass(errno, errval)
pymysql.err.ProgrammingError: (1064, "You have an error in your SQL syntax; check the manual that corresponds to your MySQL server version for the right syntax to use near 'ON (`t1`.`sf_group`) `t1`.`id`, `t1`.`player_choice_id`, `t1`.`family`, `t1`.`re' at line 1")

During handling of the above exception, another exception occurred:

Traceback (most recent call last):
  File "c:\Users\Alex_SSHOR13\Competitions_TT\main.py", line 1028, in choice
    choice_semifinal_automat(stage)
  File "c:\Users\Alex_SSHOR13\Competitions_TT\main.py", line 9239, in choice_semifinal_automat
    create_semi_final_matches()
  File "c:\Users\Alex_SSHOR13\Competitions_TT\main.py", line 9363, in create_semi_final_matches
    for sf_group in sf_groups:
                    ^^^^^^^^^
  File "c:\Users\Alex_SSHOR13\Competitions_TT\venv\Lib\site-packages\peewee.py", line 7287, in __iter__
    self.execute()
  File "c:\Users\Alex_SSHOR13\Competitions_TT\venv\Lib\site-packages\peewee.py", line 2036, in inner
    return method(self, database, *args, **kwargs)
           ^^^^^^^^^^^^^^^^^^^^^^^^^^^^^^^^^^^^^^^
  File "c:\Users\Alex_SSHOR13\Competitions_TT\venv\Lib\site-packages\peewee.py", line 2107, in execute
    return self._execute(database)
           ^^^^^^^^^^^^^^^^^^^^^^^
  File "c:\Users\Alex_SSHOR13\Competitions_TT\venv\Lib\site-packages\peewee.py", line 2280, in _execute
    cursor = database.execute(self)
             ^^^^^^^^^^^^^^^^^^^^^^
  File "c:\Users\Alex_SSHOR13\Competitions_TT\venv\Lib\site-packages\peewee.py", line 3330, in execute
    return self.execute_sql(sql, params)
           ^^^^^^^^^^^^^^^^^^^^^^^^^^^^^
  File "c:\Users\Alex_SSHOR13\Competitions_TT\venv\Lib\site-packages\peewee.py", line 3320, in execute_sql
    with __exception_wrapper__:
         ^^^^^^^^^^^^^^^^^^^^^
  File "c:\Users\Alex_SSHOR13\Competitions_TT\venv\Lib\site-packages\peewee.py", line 3088, in __exit__
    reraise(new_type, new_type(exc_value, *exc_args), traceback)
  File "c:\Users\Alex_SSHOR13\Competitions_TT\venv\Lib\site-packages\peewee.py", line 196, in reraise
    raise value.with_traceback(tb)
  File "c:\Users\Alex_SSHOR13\Competitions_TT\venv\Lib\site-packages\peewee.py", line 3322, in execute_sql
    cursor.execute(sql, params or ())
  File "c:\Users\Alex_SSHOR13\Competitions_TT\venv\Lib\site-packages\pymysql\cursors.py", line 153, in execute
    result = self._query(query)
             ^^^^^^^^^^^^^^^^^^
  File "c:\Users\Alex_SSHOR13\Competitions_TT\venv\Lib\site-packages\pymysql\cursors.py", line 322, in _query
    conn.query(q)
  File "c:\Users\Alex_SSHOR13\Competitions_TT\venv\Lib\site-packages\pymysql\connections.py", line 575, in query
    self._affected_rows = self._read_query_result(unbuffered=unbuffered)
                          ^^^^^^^^^^^^^^^^^^^^^^^^^^^^^^^^^^^^^^^^^^^^^^
  File "c:\Users\Alex_SSHOR13\Competitions_TT\venv\Lib\site-packages\pymysql\connections.py", line 826, in _read_query_result
    result.read()
  File "c:\Users\Alex_SSHOR13\Competitions_TT\venv\Lib\site-packages\pymysql\connections.py", line 1203, in read
    first_packet = self.connection._read_packet()
                   ^^^^^^^^^^^^^^^^^^^^^^^^^^^^^^
  File "c:\Users\Alex_SSHOR13\Competitions_TT\venv\Lib\site-packages\pymysql\connections.py", line 782, in _read_packet
    packet.raise_for_error()
  File "c:\Users\Alex_SSHOR13\Competitions_TT\venv\Lib\site-packages\pymysql\protocol.py", line 219, in raise_for_error
    err.raise_mysql_exception(self._data)
  File "c:\Users\Alex_SSHOR13\Competitions_TT\venv\Lib\site-packages\pymysql\err.py", line 150, in raise_mysql_exception
    raise errorclass(errno, errval)
peewee.ProgrammingError: (1064, "You have an error in your SQL syntax; check the manual that corresponds to your MySQL server version for the right syntax to use near 'ON (`t1`.`sf_group`) `t1`.`id`, `t1`.`player_choice_id`, `t1`.`family`, `t1`.`re' at line 1")
