2026-03-18 19:56:18,963 - ERROR - Необработанное исключение: ResultDoesNotExist: <Model: Result> instance matching query does not exist:
SQL: SELECT `t1`.`id`, `t1`.`system_stage`, `t1`.`number_group`, `t1`.`tours`, `t1`.`player1`, `t1`.`player2`, `t1`.`winner`, `t1`.`points_win`, `t1`.`score_in_game`, `t1`.`score_win`, `t1`.`loser`, `t1`.`points_loser`, `t1`.`score_loser`, `t1`.`title_id`, `t1`.`round`, `t1`.`system_id`, `t1`.`sex`, `t1`.`schedule_date`, `t1`.`schedule_time`, `t1`.`schedule_table`, `t1`.`stage_net` FROM `results` AS `t1` WHERE ((((`t1`.`title_id` = %s) AND (`t1`.`system_stage` = %s)) AND (`t1`.`player1` IN (%s, %s))) AND (`t1`.`player2` IN (%s, %s))) LIMIT %s OFFSET %s
Params: [70, '2-й полуфинал', 'САВЕНКОВ Илья Владиславович/Нижний Новгород', 'СИЗОВ Александр Сергеевич/Нижний Новгород', 'САВЕНКОВ Илья Владиславович/Нижний Новгород', 'СИЗОВ Александр Сергеевич/Нижний Новгород', 1, 0]
2026-03-18 19:56:18,966 - ERROR - Трассировка стека:
Traceback (most recent call last):
  File "c:\Users\Alex_SSHOR13\Competitions_TT\venv\Lib\site-packages\peewee.py", line 7297, in get
    return clone.execute(database)[0]
           ~~~~~~~~~~~~~~~~~~~~~~~^^^
  File "c:\Users\Alex_SSHOR13\Competitions_TT\venv\Lib\site-packages\peewee.py", line 4583, in __getitem__
    return self.row_cache[item]
           ~~~~~~~~~~~~~~^^^^^^
IndexError: list index out of range

During handling of the above exception, another exception occurred:

Traceback (most recent call last):
  File "c:\Users\Alex_SSHOR13\Competitions_TT\main.py", line 1033, in choice
    load_playing_game_in_table_for_semifinal(stage)
  File "c:\Users\Alex_SSHOR13\Competitions_TT\main.py", line 21620, in load_playing_game_in_table_for_semifinal
    result_semifin = result_semifin_player1.select().where(Result.player2.in_(player_exit)).get()
                     ^^^^^^^^^^^^^^^^^^^^^^^^^^^^^^^^^^^^^^^^^^^^^^^^^^^^^^^^^^^^^^^^^^^^^^^^^^^^
  File "c:\Users\Alex_SSHOR13\Competitions_TT\venv\Lib\site-packages\peewee.py", line 7300, in get
    raise self.model.DoesNotExist('%s instance matching query does '
models.ResultDoesNotExist: <Model: Result> instance matching query does not exist:
SQL: SELECT `t1`.`id`, `t1`.`system_stage`, `t1`.`number_group`, `t1`.`tours`, `t1`.`player1`, `t1`.`player2`, `t1`.`winner`, `t1`.`points_win`, `t1`.`score_in_game`, `t1`.`score_win`, `t1`.`loser`, `t1`.`points_loser`, `t1`.`score_loser`, `t1`.`title_id`, `t1`.`round`, `t1`.`system_id`, `t1`.`sex`, `t1`.`schedule_date`, `t1`.`schedule_time`, `t1`.`schedule_table`, `t1`.`stage_net` FROM `results` AS `t1` WHERE ((((`t1`.`title_id` = %s) AND (`t1`.`system_stage` = %s)) AND (`t1`.`player1` IN (%s, %s))) AND (`t1`.`player2` IN (%s, %s))) LIMIT %s OFFSET %s
Params: [70, '2-й полуфинал', 'САВЕНКОВ Илья Владиславович/Нижний Новгород', 'СИЗОВ Александр Сергеевич/Нижний Новгород', 'САВЕНКОВ Илья Владиславович/Нижний Новгород', 'СИЗОВ Александр Сергеевич/Нижний Новгород', 1, 0]
