2025-12-05 09:54:39,302 - ERROR - Необработанное исключение: CoachDoesNotExist: <Model: Coach> instance matching query does not exist:
SQL: SELECT `t1`.`id`, `t1`.`coach` FROM `coachs` AS `t1` WHERE (`t1`.`id` = %s) LIMIT %s OFFSET %s
Params: ['14 группа', 1, 0]
2025-12-05 09:54:39,303 - ERROR - Трассировка стека:
Traceback (most recent call last):
  File "C:\Users\Alex_SSHOR13\Competitions_TT\venv\Lib\site-packages\peewee.py", line 7297, in get
    return clone.execute(database)[0]
           ~~~~~~~~~~~~~~~~~~~~~~~^^^
  File "C:\Users\Alex_SSHOR13\Competitions_TT\venv\Lib\site-packages\peewee.py", line 4583, in __getitem__
    return self.row_cache[item]
           ~~~~~~~~~~~~~~^^^^^^
IndexError: list index out of range

During handling of the above exception, another exception occurred:

Traceback (most recent call last):
  File "c:\Users\Alex_SSHOR13\Competitions_TT\main.py", line 11498, in choice_filter_on_system
    fill_table(player_list)
  File "c:\Users\Alex_SSHOR13\Competitions_TT\main.py", line 2892, in fill_table
    coach = Coach.get(Coach.id == coach_id)
            ^^^^^^^^^^^^^^^^^^^^^^^^^^^^^^^
  File "C:\Users\Alex_SSHOR13\Competitions_TT\venv\Lib\site-packages\peewee.py", line 6840, in get
    return sq.get()
           ^^^^^^^^
  File "C:\Users\Alex_SSHOR13\Competitions_TT\venv\Lib\site-packages\peewee.py", line 7300, in get
    raise self.model.DoesNotExist('%s instance matching query does '
models.CoachDoesNotExist: <Model: Coach> instance matching query does not exist:
SQL: SELECT `t1`.`id`, `t1`.`coach` FROM `coachs` AS `t1` WHERE (`t1`.`id` = %s) LIMIT %s OFFSET %s
Params: ['14 группа', 1, 0]
2025-12-05 09:55:01,309 - ERROR - Необработанное исключение: AttributeError: 'NoneType' object has no attribute 'keys'
2025-12-05 09:55:01,309 - ERROR - Трассировка стека:
Traceback (most recent call last):
  File "c:\Users\Alex_SSHOR13\Competitions_TT\main.py", line 1144, in choice
    posev_data = player_choice_in_setka(fin)
                 ^^^^^^^^^^^^^^^^^^^^^^^^^^^
  File "c:\Users\Alex_SSHOR13\Competitions_TT\main.py", line 17968, in player_choice_in_setka
    for key in posev.keys():
               ^^^^^^^^^^
AttributeError: 'NoneType' object has no attribute 'keys'
2025-12-05 09:56:29,495 - ERROR - Необработанное исключение: AttributeError: 'NoneType' object has no attribute 'keys'
2025-12-05 09:56:29,497 - ERROR - Трассировка стека:
Traceback (most recent call last):
  File "c:\Users\Alex_SSHOR13\Competitions_TT\main.py", line 1144, in choice
    posev_data = player_choice_in_setka(fin)
                 ^^^^^^^^^^^^^^^^^^^^^^^^^^^
  File "c:\Users\Alex_SSHOR13\Competitions_TT\main.py", line 17965, in player_choice_in_setka
    posev = choice_setka_automat(fin, flag, count_exit)
            ^^^^^^^^^^^^^^^^^^^^^^^^^^^^^^^^^^^^^^^^^^^
  File "c:\Users\Alex_SSHOR13\Competitions_TT\main.py", line 9518, in choice_setka_automat
    player_choice_in_setka(fin)
  File "c:\Users\Alex_SSHOR13\Competitions_TT\main.py", line 17968, in player_choice_in_setka
    for key in posev.keys():
               ^^^^^^^^^^
AttributeError: 'NoneType' object has no attribute 'keys'
2025-12-05 12:01:58,615 - ERROR - Необработанное исключение: PlayerDoesNotExist: <Model: Player> instance matching query does not exist:
SQL: SELECT `t1`.`id`, `t1`.`player`, `t1`.`bday`, `t1`.`rank`, `t1`.`city`, `t1`.`region`, `t1`.`razryad`, `t1`.`coach_id`, `t1`.`mesto`, `t1`.`full_name`, `t1`.`title_id`, `t1`.`pay_rejting`, `t1`.`comment`, `t1`.`coefficient_victories`, `t1`.`total_game_player`, `t1`.`total_win_game`, `t1`.`application`, `t1`.`patronymic_id`, `t1`.`sex` FROM `players` AS `t1` WHERE ((`t1`.`title_id` = %s) AND (`t1`.`full_name` = %s)) LIMIT %s OFFSET %s
Params: [62, 'АЛЕКСЕЕВА Яна/Семибратово', 1, 0]
2025-12-05 12:01:58,616 - ERROR - Трассировка стека:
Traceback (most recent call last):
  File "C:\Users\Alex_SSHOR13\Competitions_TT\venv\Lib\site-packages\peewee.py", line 7297, in get
    return clone.execute(database)[0]
           ~~~~~~~~~~~~~~~~~~~~~~~^^^
  File "C:\Users\Alex_SSHOR13\Competitions_TT\venv\Lib\site-packages\peewee.py", line 4583, in __getitem__
    return self.row_cache[item]
           ~~~~~~~~~~~~~~^^^^^^
IndexError: list index out of range

During handling of the above exception, another exception occurred:

Traceback (most recent call last):
  File "c:\Users\Alex_SSHOR13\Competitions_TT\main.py", line 5665, in view
    view_file = made_pdf_table_for_view(sender)
                ^^^^^^^^^^^^^^^^^^^^^^^^^^^^^^^
  File "c:\Users\Alex_SSHOR13\Competitions_TT\main.py", line 8085, in made_pdf_table_for_view
    setka_32_2_made(fin)
  File "c:\Users\Alex_SSHOR13\Competitions_TT\main.py", line 15848, in setka_32_2_made
    tds = write_in_setka(data, fin, first_mesto, table)
          ^^^^^^^^^^^^^^^^^^^^^^^^^^^^^^^^^^^^^^^^^^^^^
  File "c:\Users\Alex_SSHOR13\Competitions_TT\main.py", line 16220, in write_in_setka
    dict_setka = score_in_setka(stage, place_3rd) # список (номер, игрок, счет в партии, номер куда сносится проигравший, его фамилия)
                 ^^^^^^^^^^^^^^^^^^^^^^^^^^^^^^^^
  File "c:\Users\Alex_SSHOR13\Competitions_TT\main.py", line 17035, in score_in_setka
    id_pl_win = player.select().where(Player.full_name == res.winner).get()
                ^^^^^^^^^^^^^^^^^^^^^^^^^^^^^^^^^^^^^^^^^^^^^^^^^^^^^^^^^^^
  File "C:\Users\Alex_SSHOR13\Competitions_TT\venv\Lib\site-packages\peewee.py", line 7300, in get
    raise self.model.DoesNotExist('%s instance matching query does '
models.PlayerDoesNotExist: <Model: Player> instance matching query does not exist:
SQL: SELECT `t1`.`id`, `t1`.`player`, `t1`.`bday`, `t1`.`rank`, `t1`.`city`, `t1`.`region`, `t1`.`razryad`, `t1`.`coach_id`, `t1`.`mesto`, `t1`.`full_name`, `t1`.`title_id`, `t1`.`pay_rejting`, `t1`.`comment`, `t1`.`coefficient_victories`, `t1`.`total_game_player`, `t1`.`total_win_game`, `t1`.`application`, `t1`.`patronymic_id`, `t1`.`sex` FROM `players` AS `t1` WHERE ((`t1`.`title_id` = %s) AND (`t1`.`full_name` = %s)) LIMIT %s OFFSET %s
Params: [62, 'АЛЕКСЕЕВА Яна/Семибратово', 1, 0]
2025-12-05 12:02:08,814 - ERROR - Необработанное исключение: PlayerDoesNotExist: <Model: Player> instance matching query does not exist:
SQL: SELECT `t1`.`id`, `t1`.`player`, `t1`.`bday`, `t1`.`rank`, `t1`.`city`, `t1`.`region`, `t1`.`razryad`, `t1`.`coach_id`, `t1`.`mesto`, `t1`.`full_name`, `t1`.`title_id`, `t1`.`pay_rejting`, `t1`.`comment`, `t1`.`coefficient_victories`, `t1`.`total_game_player`, `t1`.`total_win_game`, `t1`.`application`, `t1`.`patronymic_id`, `t1`.`sex` FROM `players` AS `t1` WHERE ((`t1`.`title_id` = %s) AND (`t1`.`full_name` = %s)) LIMIT %s OFFSET %s
Params: [62, 'АЛЕКСЕЕВА Яна/Семибратово', 1, 0]
2025-12-05 12:02:08,815 - ERROR - Трассировка стека:
Traceback (most recent call last):
  File "C:\Users\Alex_SSHOR13\Competitions_TT\venv\Lib\site-packages\peewee.py", line 7297, in get
    return clone.execute(database)[0]
           ~~~~~~~~~~~~~~~~~~~~~~~^^^
  File "C:\Users\Alex_SSHOR13\Competitions_TT\venv\Lib\site-packages\peewee.py", line 4583, in __getitem__
    return self.row_cache[item]
           ~~~~~~~~~~~~~~^^^^^^
IndexError: list index out of range

During handling of the above exception, another exception occurred:

Traceback (most recent call last):
  File "c:\Users\Alex_SSHOR13\Competitions_TT\main.py", line 5665, in view
    view_file = made_pdf_table_for_view(sender)
                ^^^^^^^^^^^^^^^^^^^^^^^^^^^^^^^
  File "c:\Users\Alex_SSHOR13\Competitions_TT\main.py", line 8085, in made_pdf_table_for_view
    setka_32_2_made(fin)
  File "c:\Users\Alex_SSHOR13\Competitions_TT\main.py", line 15848, in setka_32_2_made
    tds = write_in_setka(data, fin, first_mesto, table)
          ^^^^^^^^^^^^^^^^^^^^^^^^^^^^^^^^^^^^^^^^^^^^^
  File "c:\Users\Alex_SSHOR13\Competitions_TT\main.py", line 16220, in write_in_setka
    dict_setka = score_in_setka(stage, place_3rd) # список (номер, игрок, счет в партии, номер куда сносится проигравший, его фамилия)
                 ^^^^^^^^^^^^^^^^^^^^^^^^^^^^^^^^
  File "c:\Users\Alex_SSHOR13\Competitions_TT\main.py", line 17035, in score_in_setka
    id_pl_win = player.select().where(Player.full_name == res.winner).get()
                ^^^^^^^^^^^^^^^^^^^^^^^^^^^^^^^^^^^^^^^^^^^^^^^^^^^^^^^^^^^
  File "C:\Users\Alex_SSHOR13\Competitions_TT\venv\Lib\site-packages\peewee.py", line 7300, in get
    raise self.model.DoesNotExist('%s instance matching query does '
models.PlayerDoesNotExist: <Model: Player> instance matching query does not exist:
SQL: SELECT `t1`.`id`, `t1`.`player`, `t1`.`bday`, `t1`.`rank`, `t1`.`city`, `t1`.`region`, `t1`.`razryad`, `t1`.`coach_id`, `t1`.`mesto`, `t1`.`full_name`, `t1`.`title_id`, `t1`.`pay_rejting`, `t1`.`comment`, `t1`.`coefficient_victories`, `t1`.`total_game_player`, `t1`.`total_win_game`, `t1`.`application`, `t1`.`patronymic_id`, `t1`.`sex` FROM `players` AS `t1` WHERE ((`t1`.`title_id` = %s) AND (`t1`.`full_name` = %s)) LIMIT %s OFFSET %s
Params: [62, 'АЛЕКСЕЕВА Яна/Семибратово', 1, 0]
2025-12-05 12:02:59,922 - ERROR - Необработанное исключение: PlayerDoesNotExist: <Model: Player> instance matching query does not exist:
SQL: SELECT `t1`.`id`, `t1`.`player`, `t1`.`bday`, `t1`.`rank`, `t1`.`city`, `t1`.`region`, `t1`.`razryad`, `t1`.`coach_id`, `t1`.`mesto`, `t1`.`full_name`, `t1`.`title_id`, `t1`.`pay_rejting`, `t1`.`comment`, `t1`.`coefficient_victories`, `t1`.`total_game_player`, `t1`.`total_win_game`, `t1`.`application`, `t1`.`patronymic_id`, `t1`.`sex` FROM `players` AS `t1` WHERE ((`t1`.`title_id` = %s) AND (`t1`.`full_name` = %s)) LIMIT %s OFFSET %s
Params: [62, 'АЛЕКСЕЕВА Яна/Семибратово', 1, 0]
2025-12-05 12:02:59,923 - ERROR - Трассировка стека:
Traceback (most recent call last):
  File "C:\Users\Alex_SSHOR13\Competitions_TT\venv\Lib\site-packages\peewee.py", line 7297, in get
    return clone.execute(database)[0]
           ~~~~~~~~~~~~~~~~~~~~~~~^^^
  File "C:\Users\Alex_SSHOR13\Competitions_TT\venv\Lib\site-packages\peewee.py", line 4583, in __getitem__
    return self.row_cache[item]
           ~~~~~~~~~~~~~~^^^^^^
IndexError: list index out of range

During handling of the above exception, another exception occurred:

Traceback (most recent call last):
  File "c:\Users\Alex_SSHOR13\Competitions_TT\main.py", line 5665, in view
    view_file = made_pdf_table_for_view(sender)
                ^^^^^^^^^^^^^^^^^^^^^^^^^^^^^^^
  File "c:\Users\Alex_SSHOR13\Competitions_TT\main.py", line 8085, in made_pdf_table_for_view
    setka_32_2_made(fin)
  File "c:\Users\Alex_SSHOR13\Competitions_TT\main.py", line 15848, in setka_32_2_made
    tds = write_in_setka(data, fin, first_mesto, table)
          ^^^^^^^^^^^^^^^^^^^^^^^^^^^^^^^^^^^^^^^^^^^^^
  File "c:\Users\Alex_SSHOR13\Competitions_TT\main.py", line 16220, in write_in_setka
    dict_setka = score_in_setka(stage, place_3rd) # список (номер, игрок, счет в партии, номер куда сносится проигравший, его фамилия)
                 ^^^^^^^^^^^^^^^^^^^^^^^^^^^^^^^^
  File "c:\Users\Alex_SSHOR13\Competitions_TT\main.py", line 17035, in score_in_setka
    id_pl_win = player.select().where(Player.full_name == res.winner).get()
                ^^^^^^^^^^^^^^^^^^^^^^^^^^^^^^^^^^^^^^^^^^^^^^^^^^^^^^^^^^^
  File "C:\Users\Alex_SSHOR13\Competitions_TT\venv\Lib\site-packages\peewee.py", line 7300, in get
    raise self.model.DoesNotExist('%s instance matching query does '
models.PlayerDoesNotExist: <Model: Player> instance matching query does not exist:
SQL: SELECT `t1`.`id`, `t1`.`player`, `t1`.`bday`, `t1`.`rank`, `t1`.`city`, `t1`.`region`, `t1`.`razryad`, `t1`.`coach_id`, `t1`.`mesto`, `t1`.`full_name`, `t1`.`title_id`, `t1`.`pay_rejting`, `t1`.`comment`, `t1`.`coefficient_victories`, `t1`.`total_game_player`, `t1`.`total_win_game`, `t1`.`application`, `t1`.`patronymic_id`, `t1`.`sex` FROM `players` AS `t1` WHERE ((`t1`.`title_id` = %s) AND (`t1`.`full_name` = %s)) LIMIT %s OFFSET %s
Params: [62, 'АЛЕКСЕЕВА Яна/Семибратово', 1, 0]
2025-12-05 12:06:51,847 - ERROR - Необработанное исключение: PlayerDoesNotExist: <Model: Player> instance matching query does not exist:
SQL: SELECT `t1`.`id`, `t1`.`player`, `t1`.`bday`, `t1`.`rank`, `t1`.`city`, `t1`.`region`, `t1`.`razryad`, `t1`.`coach_id`, `t1`.`mesto`, `t1`.`full_name`, `t1`.`title_id`, `t1`.`pay_rejting`, `t1`.`comment`, `t1`.`coefficient_victories`, `t1`.`total_game_player`, `t1`.`total_win_game`, `t1`.`application`, `t1`.`patronymic_id`, `t1`.`sex` FROM `players` AS `t1` WHERE ((`t1`.`title_id` = %s) AND (`t1`.`full_name` = %s)) LIMIT %s OFFSET %s
Params: [62, 'АЛЕКСЕЕВА Яна/Семибратово', 1, 0]
2025-12-05 12:06:51,848 - ERROR - Трассировка стека:
Traceback (most recent call last):
  File "C:\Users\Alex_SSHOR13\Competitions_TT\venv\Lib\site-packages\peewee.py", line 7297, in get
    return clone.execute(database)[0]
           ~~~~~~~~~~~~~~~~~~~~~~~^^^
  File "C:\Users\Alex_SSHOR13\Competitions_TT\venv\Lib\site-packages\peewee.py", line 4583, in __getitem__
    return self.row_cache[item]
           ~~~~~~~~~~~~~~^^^^^^
IndexError: list index out of range

During handling of the above exception, another exception occurred:

Traceback (most recent call last):
  File "c:\Users\Alex_SSHOR13\Competitions_TT\main.py", line 5665, in view
    view_file = made_pdf_table_for_view(sender)
                ^^^^^^^^^^^^^^^^^^^^^^^^^^^^^^^
  File "c:\Users\Alex_SSHOR13\Competitions_TT\main.py", line 8085, in made_pdf_table_for_view
    setka_32_2_made(fin)
  File "c:\Users\Alex_SSHOR13\Competitions_TT\main.py", line 15848, in setka_32_2_made
    tds = write_in_setka(data, fin, first_mesto, table)
          ^^^^^^^^^^^^^^^^^^^^^^^^^^^^^^^^^^^^^^^^^^^^^
  File "c:\Users\Alex_SSHOR13\Competitions_TT\main.py", line 16220, in write_in_setka
    dict_setka = score_in_setka(stage, place_3rd) # список (номер, игрок, счет в партии, номер куда сносится проигравший, его фамилия)
                 ^^^^^^^^^^^^^^^^^^^^^^^^^^^^^^^^
  File "c:\Users\Alex_SSHOR13\Competitions_TT\main.py", line 17035, in score_in_setka
    id_pl_win = player.select().where(Player.full_name == res.winner).get()
                ^^^^^^^^^^^^^^^^^^^^^^^^^^^^^^^^^^^^^^^^^^^^^^^^^^^^^^^^^^^
  File "C:\Users\Alex_SSHOR13\Competitions_TT\venv\Lib\site-packages\peewee.py", line 7300, in get
    raise self.model.DoesNotExist('%s instance matching query does '
models.PlayerDoesNotExist: <Model: Player> instance matching query does not exist:
SQL: SELECT `t1`.`id`, `t1`.`player`, `t1`.`bday`, `t1`.`rank`, `t1`.`city`, `t1`.`region`, `t1`.`razryad`, `t1`.`coach_id`, `t1`.`mesto`, `t1`.`full_name`, `t1`.`title_id`, `t1`.`pay_rejting`, `t1`.`comment`, `t1`.`coefficient_victories`, `t1`.`total_game_player`, `t1`.`total_win_game`, `t1`.`application`, `t1`.`patronymic_id`, `t1`.`sex` FROM `players` AS `t1` WHERE ((`t1`.`title_id` = %s) AND (`t1`.`full_name` = %s)) LIMIT %s OFFSET %s
Params: [62, 'АЛЕКСЕЕВА Яна/Семибратово', 1, 0]
