2026-03-18 13:03:32,321 - ERROR - Необработанное исключение: CoachDoesNotExist: <Model: Coach> instance matching query does not exist:
SQL: SELECT `t1`.`id`, `t1`.`coach` FROM `coachs` AS `t1` WHERE (`t1`.`id` = %s) LIMIT %s OFFSET %s
Params: ['None', 1, 0]
2026-03-18 13:03:32,322 - ERROR - Трассировка стека:
Traceback (most recent call last):
  File "C:\Users\Alex_SSHOR13\Competitions_TT\venv\Lib\site-packages\peewee.py", line 7297, in get
    return clone.execute(database)[0]
           ~~~~~~~~~~~~~~~~~~~~~~~^^^
  File "C:\Users\Alex_SSHOR13\Competitions_TT\venv\Lib\site-packages\peewee.py", line 4583, in __getitem__
    return self.row_cache[item]
           ~~~~~~~~~~~~~~^^^^^^
IndexError: list index out of range

During handling of the above exception, another exception occurred:

Traceback (most recent call last):
  File "c:\Users\Alex_SSHOR13\Competitions_TT\main.py", line 734, in fast_change_comp
    button_comp_enabled()
  File "c:\Users\Alex_SSHOR13\Competitions_TT\main.py", line 2130, in button_comp_enabled
    tab_etap()
  File "c:\Users\Alex_SSHOR13\Competitions_TT\main.py", line 4211, in tab_etap
    fill_table(player_list)
  File "c:\Users\Alex_SSHOR13\Competitions_TT\main.py", line 3042, in fill_table
    coach = Coach.get(Coach.id == coach_id)
            ^^^^^^^^^^^^^^^^^^^^^^^^^^^^^^^
  File "C:\Users\Alex_SSHOR13\Competitions_TT\venv\Lib\site-packages\peewee.py", line 6840, in get
    return sq.get()
           ^^^^^^^^
  File "C:\Users\Alex_SSHOR13\Competitions_TT\venv\Lib\site-packages\peewee.py", line 7300, in get
    raise self.model.DoesNotExist('%s instance matching query does '
models.CoachDoesNotExist: <Model: Coach> instance matching query does not exist:
SQL: SELECT `t1`.`id`, `t1`.`coach` FROM `coachs` AS `t1` WHERE (`t1`.`id` = %s) LIMIT %s OFFSET %s
Params: ['None', 1, 0]
2026-03-18 13:05:02,041 - ERROR - Необработанное исключение: UnboundLocalError: cannot access local variable 'begunki_data' where it is not associated with a value
2026-03-18 13:05:02,042 - ERROR - Трассировка стека:
Traceback (most recent call last):
  File "c:\Users\Alex_SSHOR13\Competitions_TT\main.py", line 15169, in begunki_made
    pdf.add_begunki(begunki_data)
                    ^^^^^^^^^^^^
UnboundLocalError: cannot access local variable 'begunki_data' where it is not associated with a value
2026-03-18 13:05:09,361 - ERROR - Необработанное исключение: CoachDoesNotExist: <Model: Coach> instance matching query does not exist:
SQL: SELECT `t1`.`id`, `t1`.`coach` FROM `coachs` AS `t1` WHERE (`t1`.`id` = %s) LIMIT %s OFFSET %s
Params: ['None', 1, 0]
2026-03-18 13:05:09,362 - ERROR - Трассировка стека:
Traceback (most recent call last):
  File "C:\Users\Alex_SSHOR13\Competitions_TT\venv\Lib\site-packages\peewee.py", line 7297, in get
    return clone.execute(database)[0]
           ~~~~~~~~~~~~~~~~~~~~~~~^^^
  File "C:\Users\Alex_SSHOR13\Competitions_TT\venv\Lib\site-packages\peewee.py", line 4583, in __getitem__
    return self.row_cache[item]
           ~~~~~~~~~~~~~~^^^^^^
IndexError: list index out of range

During handling of the above exception, another exception occurred:

Traceback (most recent call last):
  File "c:\Users\Alex_SSHOR13\Competitions_TT\main.py", line 734, in fast_change_comp
    button_comp_enabled()
  File "c:\Users\Alex_SSHOR13\Competitions_TT\main.py", line 2130, in button_comp_enabled
    tab_etap()
  File "c:\Users\Alex_SSHOR13\Competitions_TT\main.py", line 4211, in tab_etap
    fill_table(player_list)
  File "c:\Users\Alex_SSHOR13\Competitions_TT\main.py", line 3042, in fill_table
    coach = Coach.get(Coach.id == coach_id)
            ^^^^^^^^^^^^^^^^^^^^^^^^^^^^^^^
  File "C:\Users\Alex_SSHOR13\Competitions_TT\venv\Lib\site-packages\peewee.py", line 6840, in get
    return sq.get()
           ^^^^^^^^
  File "C:\Users\Alex_SSHOR13\Competitions_TT\venv\Lib\site-packages\peewee.py", line 7300, in get
    raise self.model.DoesNotExist('%s instance matching query does '
models.CoachDoesNotExist: <Model: Coach> instance matching query does not exist:
SQL: SELECT `t1`.`id`, `t1`.`coach` FROM `coachs` AS `t1` WHERE (`t1`.`id` = %s) LIMIT %s OFFSET %s
Params: ['None', 1, 0]
2026-03-18 13:10:06,306 - ERROR - Необработанное исключение: CoachDoesNotExist: <Model: Coach> instance matching query does not exist:
SQL: SELECT `t1`.`id`, `t1`.`coach` FROM `coachs` AS `t1` WHERE (`t1`.`id` = %s) LIMIT %s OFFSET %s
Params: ['None', 1, 0]
2026-03-18 13:10:06,306 - ERROR - Трассировка стека:
Traceback (most recent call last):
  File "C:\Users\Alex_SSHOR13\Competitions_TT\venv\Lib\site-packages\peewee.py", line 7297, in get
    return clone.execute(database)[0]
           ~~~~~~~~~~~~~~~~~~~~~~~^^^
  File "C:\Users\Alex_SSHOR13\Competitions_TT\venv\Lib\site-packages\peewee.py", line 4583, in __getitem__
    return self.row_cache[item]
           ~~~~~~~~~~~~~~^^^^^^
IndexError: list index out of range

During handling of the above exception, another exception occurred:

Traceback (most recent call last):
  File "c:\Users\Alex_SSHOR13\Competitions_TT\main.py", line 734, in fast_change_comp
    button_comp_enabled()
  File "c:\Users\Alex_SSHOR13\Competitions_TT\main.py", line 2130, in button_comp_enabled
    tab_etap()
  File "c:\Users\Alex_SSHOR13\Competitions_TT\main.py", line 4211, in tab_etap
    fill_table(player_list)
  File "c:\Users\Alex_SSHOR13\Competitions_TT\main.py", line 3042, in fill_table
    coach = Coach.get(Coach.id == coach_id)
            ^^^^^^^^^^^^^^^^^^^^^^^^^^^^^^^
  File "C:\Users\Alex_SSHOR13\Competitions_TT\venv\Lib\site-packages\peewee.py", line 6840, in get
    return sq.get()
           ^^^^^^^^
  File "C:\Users\Alex_SSHOR13\Competitions_TT\venv\Lib\site-packages\peewee.py", line 7300, in get
    raise self.model.DoesNotExist('%s instance matching query does '
models.CoachDoesNotExist: <Model: Coach> instance matching query does not exist:
SQL: SELECT `t1`.`id`, `t1`.`coach` FROM `coachs` AS `t1` WHERE (`t1`.`id` = %s) LIMIT %s OFFSET %s
Params: ['None', 1, 0]
2026-03-18 13:10:17,451 - ERROR - Необработанное исключение: CoachDoesNotExist: <Model: Coach> instance matching query does not exist:
SQL: SELECT `t1`.`id`, `t1`.`coach` FROM `coachs` AS `t1` WHERE (`t1`.`id` = %s) LIMIT %s OFFSET %s
Params: ['None', 1, 0]
2026-03-18 13:10:17,452 - ERROR - Трассировка стека:
Traceback (most recent call last):
  File "C:\Users\Alex_SSHOR13\Competitions_TT\venv\Lib\site-packages\peewee.py", line 7297, in get
    return clone.execute(database)[0]
           ~~~~~~~~~~~~~~~~~~~~~~~^^^
  File "C:\Users\Alex_SSHOR13\Competitions_TT\venv\Lib\site-packages\peewee.py", line 4583, in __getitem__
    return self.row_cache[item]
           ~~~~~~~~~~~~~~^^^^^^
IndexError: list index out of range

During handling of the above exception, another exception occurred:

Traceback (most recent call last):
  File "c:\Users\Alex_SSHOR13\Competitions_TT\main.py", line 734, in fast_change_comp
    button_comp_enabled()
  File "c:\Users\Alex_SSHOR13\Competitions_TT\main.py", line 2130, in button_comp_enabled
    tab_etap()
  File "c:\Users\Alex_SSHOR13\Competitions_TT\main.py", line 4211, in tab_etap
    fill_table(player_list)
  File "c:\Users\Alex_SSHOR13\Competitions_TT\main.py", line 3042, in fill_table
    coach = Coach.get(Coach.id == coach_id)
            ^^^^^^^^^^^^^^^^^^^^^^^^^^^^^^^
  File "C:\Users\Alex_SSHOR13\Competitions_TT\venv\Lib\site-packages\peewee.py", line 6840, in get
    return sq.get()
           ^^^^^^^^
  File "C:\Users\Alex_SSHOR13\Competitions_TT\venv\Lib\site-packages\peewee.py", line 7300, in get
    raise self.model.DoesNotExist('%s instance matching query does '
models.CoachDoesNotExist: <Model: Coach> instance matching query does not exist:
SQL: SELECT `t1`.`id`, `t1`.`coach` FROM `coachs` AS `t1` WHERE (`t1`.`id` = %s) LIMIT %s OFFSET %s
Params: ['None', 1, 0]
2026-03-18 13:11:06,065 - ERROR - Необработанное исключение: CoachDoesNotExist: <Model: Coach> instance matching query does not exist:
SQL: SELECT `t1`.`id`, `t1`.`coach` FROM `coachs` AS `t1` WHERE (`t1`.`id` = %s) LIMIT %s OFFSET %s
Params: ['None', 1, 0]
2026-03-18 13:11:06,066 - ERROR - Трассировка стека:
Traceback (most recent call last):
  File "C:\Users\Alex_SSHOR13\Competitions_TT\venv\Lib\site-packages\peewee.py", line 7297, in get
    return clone.execute(database)[0]
           ~~~~~~~~~~~~~~~~~~~~~~~^^^
  File "C:\Users\Alex_SSHOR13\Competitions_TT\venv\Lib\site-packages\peewee.py", line 4583, in __getitem__
    return self.row_cache[item]
           ~~~~~~~~~~~~~~^^^^^^
IndexError: list index out of range

During handling of the above exception, another exception occurred:

Traceback (most recent call last):
  File "c:\Users\Alex_SSHOR13\Competitions_TT\main.py", line 734, in fast_change_comp
    button_comp_enabled()
  File "c:\Users\Alex_SSHOR13\Competitions_TT\main.py", line 2130, in button_comp_enabled
    tab_etap()
  File "c:\Users\Alex_SSHOR13\Competitions_TT\main.py", line 4211, in tab_etap
    fill_table(player_list)
  File "c:\Users\Alex_SSHOR13\Competitions_TT\main.py", line 3042, in fill_table
    coach = Coach.get(Coach.id == coach_id)
            ^^^^^^^^^^^^^^^^^^^^^^^^^^^^^^^
  File "C:\Users\Alex_SSHOR13\Competitions_TT\venv\Lib\site-packages\peewee.py", line 6840, in get
    return sq.get()
           ^^^^^^^^
  File "C:\Users\Alex_SSHOR13\Competitions_TT\venv\Lib\site-packages\peewee.py", line 7300, in get
    raise self.model.DoesNotExist('%s instance matching query does '
models.CoachDoesNotExist: <Model: Coach> instance matching query does not exist:
SQL: SELECT `t1`.`id`, `t1`.`coach` FROM `coachs` AS `t1` WHERE (`t1`.`id` = %s) LIMIT %s OFFSET %s
Params: ['None', 1, 0]
2026-03-18 13:11:10,447 - ERROR - Необработанное исключение: CoachDoesNotExist: <Model: Coach> instance matching query does not exist:
SQL: SELECT `t1`.`id`, `t1`.`coach` FROM `coachs` AS `t1` WHERE (`t1`.`id` = %s) LIMIT %s OFFSET %s
Params: ['None', 1, 0]
2026-03-18 13:11:10,448 - ERROR - Трассировка стека:
Traceback (most recent call last):
  File "C:\Users\Alex_SSHOR13\Competitions_TT\venv\Lib\site-packages\peewee.py", line 7297, in get
    return clone.execute(database)[0]
           ~~~~~~~~~~~~~~~~~~~~~~~^^^
  File "C:\Users\Alex_SSHOR13\Competitions_TT\venv\Lib\site-packages\peewee.py", line 4583, in __getitem__
    return self.row_cache[item]
           ~~~~~~~~~~~~~~^^^^^^
IndexError: list index out of range

During handling of the above exception, another exception occurred:

Traceback (most recent call last):
  File "c:\Users\Alex_SSHOR13\Competitions_TT\main.py", line 734, in fast_change_comp
    button_comp_enabled()
  File "c:\Users\Alex_SSHOR13\Competitions_TT\main.py", line 2130, in button_comp_enabled
    tab_etap()
  File "c:\Users\Alex_SSHOR13\Competitions_TT\main.py", line 4211, in tab_etap
    fill_table(player_list)
  File "c:\Users\Alex_SSHOR13\Competitions_TT\main.py", line 3042, in fill_table
    coach = Coach.get(Coach.id == coach_id)
            ^^^^^^^^^^^^^^^^^^^^^^^^^^^^^^^
  File "C:\Users\Alex_SSHOR13\Competitions_TT\venv\Lib\site-packages\peewee.py", line 6840, in get
    return sq.get()
           ^^^^^^^^
  File "C:\Users\Alex_SSHOR13\Competitions_TT\venv\Lib\site-packages\peewee.py", line 7300, in get
    raise self.model.DoesNotExist('%s instance matching query does '
models.CoachDoesNotExist: <Model: Coach> instance matching query does not exist:
SQL: SELECT `t1`.`id`, `t1`.`coach` FROM `coachs` AS `t1` WHERE (`t1`.`id` = %s) LIMIT %s OFFSET %s
Params: ['None', 1, 0]
2026-03-18 13:27:00,347 - ERROR - Необработанное исключение: CoachDoesNotExist: <Model: Coach> instance matching query does not exist:
SQL: SELECT `t1`.`id`, `t1`.`coach` FROM `coachs` AS `t1` WHERE (`t1`.`id` = %s) LIMIT %s OFFSET %s
Params: ['None', 1, 0]
2026-03-18 13:27:00,348 - ERROR - Трассировка стека:
Traceback (most recent call last):
  File "C:\Users\Alex_SSHOR13\Competitions_TT\venv\Lib\site-packages\peewee.py", line 7297, in get
    return clone.execute(database)[0]
           ~~~~~~~~~~~~~~~~~~~~~~~^^^
  File "C:\Users\Alex_SSHOR13\Competitions_TT\venv\Lib\site-packages\peewee.py", line 4583, in __getitem__
    return self.row_cache[item]
           ~~~~~~~~~~~~~~^^^^^^
IndexError: list index out of range

During handling of the above exception, another exception occurred:

Traceback (most recent call last):
  File "c:\Users\Alex_SSHOR13\Competitions_TT\main.py", line 734, in fast_change_comp
    button_comp_enabled()
  File "c:\Users\Alex_SSHOR13\Competitions_TT\main.py", line 2130, in button_comp_enabled
    tab_etap()
  File "c:\Users\Alex_SSHOR13\Competitions_TT\main.py", line 4211, in tab_etap
    fill_table(player_list)
  File "c:\Users\Alex_SSHOR13\Competitions_TT\main.py", line 3042, in fill_table
    coach = Coach.get(Coach.id == coach_id)
            ^^^^^^^^^^^^^^^^^^^^^^^^^^^^^^^
  File "C:\Users\Alex_SSHOR13\Competitions_TT\venv\Lib\site-packages\peewee.py", line 6840, in get
    return sq.get()
           ^^^^^^^^
  File "C:\Users\Alex_SSHOR13\Competitions_TT\venv\Lib\site-packages\peewee.py", line 7300, in get
    raise self.model.DoesNotExist('%s instance matching query does '
models.CoachDoesNotExist: <Model: Coach> instance matching query does not exist:
SQL: SELECT `t1`.`id`, `t1`.`coach` FROM `coachs` AS `t1` WHERE (`t1`.`id` = %s) LIMIT %s OFFSET %s
Params: ['None', 1, 0]
2026-03-18 13:29:49,471 - ERROR - Необработанное исключение: CoachDoesNotExist: <Model: Coach> instance matching query does not exist:
SQL: SELECT `t1`.`id`, `t1`.`coach` FROM `coachs` AS `t1` WHERE (`t1`.`id` = %s) LIMIT %s OFFSET %s
Params: ['None', 1, 0]
2026-03-18 13:29:49,472 - ERROR - Трассировка стека:
Traceback (most recent call last):
  File "C:\Users\Alex_SSHOR13\Competitions_TT\venv\Lib\site-packages\peewee.py", line 7297, in get
    return clone.execute(database)[0]
           ~~~~~~~~~~~~~~~~~~~~~~~^^^
  File "C:\Users\Alex_SSHOR13\Competitions_TT\venv\Lib\site-packages\peewee.py", line 4583, in __getitem__
    return self.row_cache[item]
           ~~~~~~~~~~~~~~^^^^^^
IndexError: list index out of range

During handling of the above exception, another exception occurred:

Traceback (most recent call last):
  File "c:\Users\Alex_SSHOR13\Competitions_TT\main.py", line 734, in fast_change_comp
    button_comp_enabled()
  File "c:\Users\Alex_SSHOR13\Competitions_TT\main.py", line 2130, in button_comp_enabled
    tab_etap()
  File "c:\Users\Alex_SSHOR13\Competitions_TT\main.py", line 4211, in tab_etap
    fill_table(player_list)
  File "c:\Users\Alex_SSHOR13\Competitions_TT\main.py", line 3042, in fill_table
    coach = Coach.get(Coach.id == coach_id)
            ^^^^^^^^^^^^^^^^^^^^^^^^^^^^^^^
  File "C:\Users\Alex_SSHOR13\Competitions_TT\venv\Lib\site-packages\peewee.py", line 6840, in get
    return sq.get()
           ^^^^^^^^
  File "C:\Users\Alex_SSHOR13\Competitions_TT\venv\Lib\site-packages\peewee.py", line 7300, in get
    raise self.model.DoesNotExist('%s instance matching query does '
models.CoachDoesNotExist: <Model: Coach> instance matching query does not exist:
SQL: SELECT `t1`.`id`, `t1`.`coach` FROM `coachs` AS `t1` WHERE (`t1`.`id` = %s) LIMIT %s OFFSET %s
Params: ['None', 1, 0]
2026-03-18 13:41:42,604 - ERROR - Необработанное исключение: CoachDoesNotExist: <Model: Coach> instance matching query does not exist:
SQL: SELECT `t1`.`id`, `t1`.`coach` FROM `coachs` AS `t1` WHERE (`t1`.`id` = %s) LIMIT %s OFFSET %s
Params: ['None', 1, 0]
2026-03-18 13:41:42,605 - ERROR - Трассировка стека:
Traceback (most recent call last):
  File "C:\Users\Alex_SSHOR13\Competitions_TT\venv\Lib\site-packages\peewee.py", line 7297, in get
    return clone.execute(database)[0]
           ~~~~~~~~~~~~~~~~~~~~~~~^^^
  File "C:\Users\Alex_SSHOR13\Competitions_TT\venv\Lib\site-packages\peewee.py", line 4583, in __getitem__
    return self.row_cache[item]
           ~~~~~~~~~~~~~~^^^^^^
IndexError: list index out of range

During handling of the above exception, another exception occurred:

Traceback (most recent call last):
  File "c:\Users\Alex_SSHOR13\Competitions_TT\main.py", line 734, in fast_change_comp
    button_comp_enabled()
  File "c:\Users\Alex_SSHOR13\Competitions_TT\main.py", line 2130, in button_comp_enabled
    tab_etap()
  File "c:\Users\Alex_SSHOR13\Competitions_TT\main.py", line 4211, in tab_etap
    fill_table(player_list)
  File "c:\Users\Alex_SSHOR13\Competitions_TT\main.py", line 3042, in fill_table
    coach = Coach.get(Coach.id == coach_id)
            ^^^^^^^^^^^^^^^^^^^^^^^^^^^^^^^
  File "C:\Users\Alex_SSHOR13\Competitions_TT\venv\Lib\site-packages\peewee.py", line 6840, in get
    return sq.get()
           ^^^^^^^^
  File "C:\Users\Alex_SSHOR13\Competitions_TT\venv\Lib\site-packages\peewee.py", line 7300, in get
    raise self.model.DoesNotExist('%s instance matching query does '
models.CoachDoesNotExist: <Model: Coach> instance matching query does not exist:
SQL: SELECT `t1`.`id`, `t1`.`coach` FROM `coachs` AS `t1` WHERE (`t1`.`id` = %s) LIMIT %s OFFSET %s
Params: ['None', 1, 0]
2026-03-18 13:51:40,602 - ERROR - Необработанное исключение: CoachDoesNotExist: <Model: Coach> instance matching query does not exist:
SQL: SELECT `t1`.`id`, `t1`.`coach` FROM `coachs` AS `t1` WHERE (`t1`.`id` = %s) LIMIT %s OFFSET %s
Params: [0, 1, 0]
2026-03-18 13:51:40,604 - ERROR - Трассировка стека:
Traceback (most recent call last):
  File "C:\Users\Alex_SSHOR13\Competitions_TT\venv\Lib\site-packages\peewee.py", line 7297, in get
    return clone.execute(database)[0]
           ~~~~~~~~~~~~~~~~~~~~~~~^^^
  File "C:\Users\Alex_SSHOR13\Competitions_TT\venv\Lib\site-packages\peewee.py", line 4583, in __getitem__
    return self.row_cache[item]
           ~~~~~~~~~~~~~~^^^^^^
IndexError: list index out of range

During handling of the above exception, another exception occurred:

Traceback (most recent call last):
  File "c:\Users\Alex_SSHOR13\Competitions_TT\main.py", line 734, in fast_change_comp
    button_comp_enabled()
  File "c:\Users\Alex_SSHOR13\Competitions_TT\main.py", line 2130, in button_comp_enabled
    tab_etap()
  File "c:\Users\Alex_SSHOR13\Competitions_TT\main.py", line 4211, in tab_etap
    fill_table(player_list)
  File "c:\Users\Alex_SSHOR13\Competitions_TT\main.py", line 3042, in fill_table
    coach = Coach.get(Coach.id == coach_id)
            ^^^^^^^^^^^^^^^^^^^^^^^^^^^^^^^
  File "C:\Users\Alex_SSHOR13\Competitions_TT\venv\Lib\site-packages\peewee.py", line 6840, in get
    return sq.get()
           ^^^^^^^^
  File "C:\Users\Alex_SSHOR13\Competitions_TT\venv\Lib\site-packages\peewee.py", line 7300, in get
    raise self.model.DoesNotExist('%s instance matching query does '
models.CoachDoesNotExist: <Model: Coach> instance matching query does not exist:
SQL: SELECT `t1`.`id`, `t1`.`coach` FROM `coachs` AS `t1` WHERE (`t1`.`id` = %s) LIMIT %s OFFSET %s
Params: [0, 1, 0]
2026-03-18 14:09:10,065 - ERROR - Необработанное исключение: CoachDoesNotExist: <Model: Coach> instance matching query does not exist:
SQL: SELECT `t1`.`id`, `t1`.`coach` FROM `coachs` AS `t1` WHERE (`t1`.`id` = %s) LIMIT %s OFFSET %s
Params: ['None', 1, 0]
2026-03-18 14:09:10,066 - ERROR - Трассировка стека:
Traceback (most recent call last):
  File "C:\Users\Alex_SSHOR13\Competitions_TT\venv\Lib\site-packages\peewee.py", line 7297, in get
    return clone.execute(database)[0]
           ~~~~~~~~~~~~~~~~~~~~~~~^^^
  File "C:\Users\Alex_SSHOR13\Competitions_TT\venv\Lib\site-packages\peewee.py", line 4583, in __getitem__
    return self.row_cache[item]
           ~~~~~~~~~~~~~~^^^^^^
IndexError: list index out of range

During handling of the above exception, another exception occurred:

Traceback (most recent call last):
  File "c:\Users\Alex_SSHOR13\Competitions_TT\main.py", line 734, in fast_change_comp
    button_comp_enabled()
  File "c:\Users\Alex_SSHOR13\Competitions_TT\main.py", line 2130, in button_comp_enabled
    tab_etap()
  File "c:\Users\Alex_SSHOR13\Competitions_TT\main.py", line 4211, in tab_etap
    fill_table(player_list)
  File "c:\Users\Alex_SSHOR13\Competitions_TT\main.py", line 3042, in fill_table
    coach = Coach.get(Coach.id == coach_id)
            ^^^^^^^^^^^^^^^^^^^^^^^^^^^^^^^
  File "C:\Users\Alex_SSHOR13\Competitions_TT\venv\Lib\site-packages\peewee.py", line 6840, in get
    return sq.get()
           ^^^^^^^^
  File "C:\Users\Alex_SSHOR13\Competitions_TT\venv\Lib\site-packages\peewee.py", line 7300, in get
    raise self.model.DoesNotExist('%s instance matching query does '
models.CoachDoesNotExist: <Model: Coach> instance matching query does not exist:
SQL: SELECT `t1`.`id`, `t1`.`coach` FROM `coachs` AS `t1` WHERE (`t1`.`id` = %s) LIMIT %s OFFSET %s
Params: ['None', 1, 0]
2026-03-18 14:19:23,077 - ERROR - Необработанное исключение: AttributeError: 'Result' object has no attribute 'tour'
2026-03-18 14:19:23,078 - ERROR - Трассировка стека:
Traceback (most recent call last):
  File "c:\Users\Alex_SSHOR13\Competitions_TT\main.py", line 23157, in load_combo_schedule_tours
    tours = i.tour
            ^^^^^^
AttributeError: 'Result' object has no attribute 'tour'. Did you mean: 'tours'?
