2026-01-17 08:48:52,152 - ERROR - Необработанное исключение: ValueError: 'Группы' is not in list
2026-01-17 08:48:52,157 - ERROR - Трассировка стека:
Traceback (most recent call last):
  File "c:\Users\Alex_SSHOR13\Competitions_TT\main.py", line 1434, in open
    go_to()
  File "c:\Users\Alex_SSHOR13\Competitions_TT\main.py", line 2315, in go_to
    tab_enabled(id_title)
  File "c:\Users\Alex_SSHOR13\Competitions_TT\main.py", line 2108, in tab_enabled
    ind = tab_index.index(k)
          ^^^^^^^^^^^^^^^^^^
ValueError: 'Группы' is not in list
2026-01-17 08:50:06,670 - ERROR - Необработанное исключение: KeyError: 'Д 12 лет'
2026-01-17 08:50:06,671 - ERROR - Трассировка стека:
Traceback (most recent call last):
  File "c:\Users\Alex_SSHOR13\Competitions_TT\main.py", line 748, in fast_change_comp
    button_comp_enabled()
  File "c:\Users\Alex_SSHOR13\Competitions_TT\main.py", line 1913, in button_comp_enabled
    id_comp = id_dict[txt_button] # id соревнований к котормы переходим
              ~~~~~~~^^^^^^^^^^^^
KeyError: 'Д 12 лет'
2026-01-17 08:50:09,499 - ERROR - Необработанное исключение: ValueError: 'Группы' is not in list
2026-01-17 08:50:09,499 - ERROR - Трассировка стека:
Traceback (most recent call last):
  File "c:\Users\Alex_SSHOR13\Competitions_TT\main.py", line 4190, in tool_page
    page()
  File "c:\Users\Alex_SSHOR13\Competitions_TT\main.py", line 4218, in page
    db_select_title()
  File "c:\Users\Alex_SSHOR13\Competitions_TT\main.py", line 2379, in db_select_title
    tab_enabled(id_title)
  File "c:\Users\Alex_SSHOR13\Competitions_TT\main.py", line 2108, in tab_enabled
    ind = tab_index.index(k)
          ^^^^^^^^^^^^^^^^^^
ValueError: 'Группы' is not in list
