2026-01-30 14:41:24,955 - ERROR - Необработанное исключение: ValueError: 'Группы' is not in list
2026-01-30 14:41:24,957 - ERROR - Трассировка стека:
Traceback (most recent call last):
  File "c:\Users\Alex\Competitions_TT\main.py", line 1400, in open
    go_to()
    ~~~~~^^
  File "c:\Users\Alex\Competitions_TT\main.py", line 2277, in go_to
    tab_enabled(id_title)
    ~~~~~~~~~~~^^^^^^^^^^
  File "c:\Users\Alex\Competitions_TT\main.py", line 2070, in tab_enabled
    ind = tab_index.index(k)
ValueError: 'Группы' is not in list
2026-01-30 14:41:54,676 - ERROR - Необработанное исключение: ValueError: 'Группы' is not in list
2026-01-30 14:41:54,677 - ERROR - Трассировка стека:
Traceback (most recent call last):
  File "c:\Users\Alex\Competitions_TT\main.py", line 4147, in tool_page
    page()
    ~~~~^^
  File "c:\Users\Alex\Competitions_TT\main.py", line 4175, in page
    db_select_title()
    ~~~~~~~~~~~~~~~^^
  File "c:\Users\Alex\Competitions_TT\main.py", line 2341, in db_select_title
    tab_enabled(id_title)
    ~~~~~~~~~~~^^^^^^^^^^
  File "c:\Users\Alex\Competitions_TT\main.py", line 2070, in tab_enabled
    ind = tab_index.index(k)
ValueError: 'Группы' is not in list
