2025-10-23 09:22:23,244 - ERROR - Необработанное исключение: ValueError: substring not found
2025-10-23 09:22:23,245 - ERROR - Трассировка стека:
Traceback (most recent call last):
  File "c:\Users\Alex_SSHOR13\Competitions_TT\main.py", line 3797, in dclick_in_listwidget
    sz = text.index(",")
         ^^^^^^^^^^^^^^^
ValueError: substring not found
2025-10-23 09:22:24,968 - ERROR - Необработанное исключение: ValueError: substring not found
2025-10-23 09:22:24,968 - ERROR - Трассировка стека:
Traceback (most recent call last):
  File "c:\Users\Alex_SSHOR13\Competitions_TT\main.py", line 3797, in dclick_in_listwidget
    sz = text.index(",")
         ^^^^^^^^^^^^^^^
ValueError: substring not found
2025-10-23 09:32:33,172 - ERROR - Необработанное исключение: ValueError: substring not found
2025-10-23 09:32:33,173 - ERROR - Трассировка стека:
Traceback (most recent call last):
  File "c:\Users\Alex_SSHOR13\Competitions_TT\main.py", line 3797, in dclick_in_listwidget
    sz = text.index(",")
         ^^^^^^^^^^^^^^^
ValueError: substring not found
2025-10-23 09:32:34,347 - ERROR - Необработанное исключение: ValueError: substring not found
2025-10-23 09:32:34,349 - ERROR - Трассировка стека:
Traceback (most recent call last):
  File "c:\Users\Alex_SSHOR13\Competitions_TT\main.py", line 3797, in dclick_in_listwidget
    sz = text.index(",")
         ^^^^^^^^^^^^^^^
ValueError: substring not found
2025-10-23 09:32:36,868 - ERROR - Необработанное исключение: ValueError: substring not found
2025-10-23 09:32:36,869 - ERROR - Трассировка стека:
Traceback (most recent call last):
  File "c:\Users\Alex_SSHOR13\Competitions_TT\main.py", line 3797, in dclick_in_listwidget
    sz = text.index(",")
         ^^^^^^^^^^^^^^^
ValueError: substring not found
