2026-03-21 21:32:40,136 - ERROR - Необработанное исключение: PlayerDoesNotExist: <Model: Player> instance matching query does not exist:
SQL: SELECT `t1`.`id`, `t1`.`player`, `t1`.`bday`, `t1`.`rank`, `t1`.`city`, `t1`.`region`, `t1`.`razryad`, `t1`.`coach_id`, `t1`.`mesto`, `t1`.`fio`, `t1`.`fio_city`, `t1`.`title_id`, `t1`.`pay_rejting`, `t1`.`comment`, `t1`.`coefficient_victories`, `t1`.`total_game_player`, `t1`.`total_win_game`, `t1`.`application`, `t1`.`patronymic_id`, `t1`.`sex` FROM `players` AS `t1` WHERE ((`t1`.`title_id` = %s) AND (`t1`.`id` = %s)) LIMIT %s OFFSET %s
Params: [68, 9052, 1, 0]
2026-03-21 21:32:40,137 - ERROR - Трассировка стека:
Traceback (most recent call last):
  File "c:\Users\Alex_SSHOR13\Competitions_TT\venv\Lib\site-packages\peewee.py", line 7297, in get
    return clone.execute(database)[0]
           ~~~~~~~~~~~~~~~~~~~~~~~^^^
  File "c:\Users\Alex_SSHOR13\Competitions_TT\venv\Lib\site-packages\peewee.py", line 4583, in __getitem__
    return self.row_cache[item]
           ~~~~~~~~~~~~~~^^^^^^
IndexError: list index out of range

During handling of the above exception, another exception occurred:

Traceback (most recent call last):
  File "c:\Users\Alex_SSHOR13\Competitions_TT\main.py", line 1028, in choice
    choice_semifinal_automat(stage)
  File "c:\Users\Alex_SSHOR13\Competitions_TT\main.py", line 9239, in choice_semifinal_automat
    create_semi_final_matches(stage)
  File "c:\Users\Alex_SSHOR13\Competitions_TT\main.py", line 9380, in create_semi_final_matches
    pl1_fio = Player.select().where((Player.title_id == title_id()) & (Player.id == pl1_id)).get()
              ^^^^^^^^^^^^^^^^^^^^^^^^^^^^^^^^^^^^^^^^^^^^^^^^^^^^^^^^^^^^^^^^^^^^^^^^^^^^^^^^^^^^
  File "c:\Users\Alex_SSHOR13\Competitions_TT\venv\Lib\site-packages\peewee.py", line 7300, in get
    raise self.model.DoesNotExist('%s instance matching query does '
models.PlayerDoesNotExist: <Model: Player> instance matching query does not exist:
SQL: SELECT `t1`.`id`, `t1`.`player`, `t1`.`bday`, `t1`.`rank`, `t1`.`city`, `t1`.`region`, `t1`.`razryad`, `t1`.`coach_id`, `t1`.`mesto`, `t1`.`fio`, `t1`.`fio_city`, `t1`.`title_id`, `t1`.`pay_rejting`, `t1`.`comment`, `t1`.`coefficient_victories`, `t1`.`total_game_player`, `t1`.`total_win_game`, `t1`.`application`, `t1`.`patronymic_id`, `t1`.`sex` FROM `players` AS `t1` WHERE ((`t1`.`title_id` = %s) AND (`t1`.`id` = %s)) LIMIT %s OFFSET %s
Params: [68, 9052, 1, 0]
