2025-11-25 14:36:16,486 - ERROR - Необработанное исключение: AttributeError: 'list' object has no attribute 'getKeepWithNext'
2025-11-25 14:36:16,486 - ERROR - Трассировка стека:
Traceback (most recent call last):
  File "c:\Users\Alex_SSHOR13\Competitions_TT\main.py", line 5665, in view
    view_file = made_pdf_table_for_view(sender)
                ^^^^^^^^^^^^^^^^^^^^^^^^^^^^^^^
  File "c:\Users\Alex_SSHOR13\Competitions_TT\main.py", line 8065, in made_pdf_table_for_view
    table_made(pv, stage)
  File "c:\Users\Alex_SSHOR13\Competitions_TT\main.py", line 13785, in table_made
    doc.build(elements, onFirstPage=func_zagolovok, onLaterPages=func_zagolovok)
  File "C:\Users\Alex_SSHOR13\Competitions_TT\venv\Lib\site-packages\reportlab\platypus\doctemplate.py", line 1322, in build
    BaseDocTemplate.build(self,flowables, canvasmaker=canvasmaker)
  File "C:\Users\Alex_SSHOR13\Competitions_TT\venv\Lib\site-packages\reportlab\platypus\doctemplate.py", line 1083, in build
    self.handle_flowable(flowables)
  File "C:\Users\Alex_SSHOR13\Competitions_TT\venv\Lib\site-packages\reportlab\platypus\doctemplate.py", line 908, in handle_flowable
    self.handle_keepWithNext(flowables)
  File "C:\Users\Alex_SSHOR13\Competitions_TT\venv\Lib\site-packages\reportlab\platypus\doctemplate.py", line 873, in handle_keepWithNext
    while i<n and flowables[i].getKeepWithNext() and _ktAllow(flowables[i]): i += 1
                  ^^^^^^^^^^^^^^^^^^^^^^^^^^^^
AttributeError: 'list' object has no attribute 'getKeepWithNext'
