2026-01-15 12:21:46,873 - ERROR - Необработанное исключение: SystemDoesNotExist: <Model: System> instance matching query does not exist:
SQL: SELECT `t1`.`id`, `t1`.`title_id`, `t1`.`total_athletes`, `t1`.`total_group`, `t1`.`max_player`, `t1`.`stage`, `t1`.`type_table`, `t1`.`page_vid`, `t1`.`label_string`, `t1`.`kol_game_string`, `t1`.`choice_flag`, `t1`.`score_flag`, `t1`.`visible_game`, `t1`.`stage_exit`, `t1`.`mesta_exit`, `t1`.`no_game`, `t1`.`sex` FROM `system` AS `t1` WHERE ((`t1`.`stage` = %s) AND (`t1`.`title_id` = %s)) LIMIT %s OFFSET %s
Params: ['Финальный', 66, 1, 0]
2026-01-15 12:21:46,873 - ERROR - Трассировка стека:
Traceback (most recent call last):
  File "C:\Users\Alex_SSHOR13\Competitions_TT\venv\Lib\site-packages\peewee.py", line 7297, in get
    return clone.execute(database)[0]
           ~~~~~~~~~~~~~~~~~~~~~~~^^^
  File "C:\Users\Alex_SSHOR13\Competitions_TT\venv\Lib\site-packages\peewee.py", line 4583, in __getitem__
    return self.row_cache[item]
           ~~~~~~~~~~~~~~^^^^^^
IndexError: list index out of range

During handling of the above exception, another exception occurred:

Traceback (most recent call last):
  File "c:\Users\Alex_SSHOR13\Competitions_TT\main.py", line 11327, in change_player_between_group_after_draw
    id_system = system_id(stage)
                ^^^^^^^^^^^^^^^^
  File "c:\Users\Alex_SSHOR13\Competitions_TT\main.py", line 12956, in system_id
    systems = System.select().where((System.stage == stage) & (System.title_id == title_id())).get()
              ^^^^^^^^^^^^^^^^^^^^^^^^^^^^^^^^^^^^^^^^^^^^^^^^^^^^^^^^^^^^^^^^^^^^^^^^^^^^^^^^^^^^^^
  File "C:\Users\Alex_SSHOR13\Competitions_TT\venv\Lib\site-packages\peewee.py", line 7300, in get
    raise self.model.DoesNotExist('%s instance matching query does '
models.SystemDoesNotExist: <Model: System> instance matching query does not exist:
SQL: SELECT `t1`.`id`, `t1`.`title_id`, `t1`.`total_athletes`, `t1`.`total_group`, `t1`.`max_player`, `t1`.`stage`, `t1`.`type_table`, `t1`.`page_vid`, `t1`.`label_string`, `t1`.`kol_game_string`, `t1`.`choice_flag`, `t1`.`score_flag`, `t1`.`visible_game`, `t1`.`stage_exit`, `t1`.`mesta_exit`, `t1`.`no_game`, `t1`.`sex` FROM `system` AS `t1` WHERE ((`t1`.`stage` = %s) AND (`t1`.`title_id` = %s)) LIMIT %s OFFSET %s
Params: ['Финальный', 66, 1, 0]
2026-01-15 12:48:53,367 - ERROR - Необработанное исключение: SystemDoesNotExist: <Model: System> instance matching query does not exist:
SQL: SELECT `t1`.`id`, `t1`.`title_id`, `t1`.`total_athletes`, `t1`.`total_group`, `t1`.`max_player`, `t1`.`stage`, `t1`.`type_table`, `t1`.`page_vid`, `t1`.`label_string`, `t1`.`kol_game_string`, `t1`.`choice_flag`, `t1`.`score_flag`, `t1`.`visible_game`, `t1`.`stage_exit`, `t1`.`mesta_exit`, `t1`.`no_game`, `t1`.`sex` FROM `system` AS `t1` WHERE ((`t1`.`stage` IS NULL) AND (`t1`.`title_id` = %s)) LIMIT %s OFFSET %s
Params: [67, 1, 0]
2026-01-15 12:48:53,368 - ERROR - Трассировка стека:
Traceback (most recent call last):
  File "C:\Users\Alex_SSHOR13\Competitions_TT\venv\Lib\site-packages\peewee.py", line 7297, in get
    return clone.execute(database)[0]
           ~~~~~~~~~~~~~~~~~~~~~~~^^^
  File "C:\Users\Alex_SSHOR13\Competitions_TT\venv\Lib\site-packages\peewee.py", line 4583, in __getitem__
    return self.row_cache[item]
           ~~~~~~~~~~~~~~^^^^^^
IndexError: list index out of range

During handling of the above exception, another exception occurred:

Traceback (most recent call last):
  File "c:\Users\Alex_SSHOR13\Competitions_TT\main.py", line 7382, in focus
    id_system = system_id(stage)
                ^^^^^^^^^^^^^^^^
  File "c:\Users\Alex_SSHOR13\Competitions_TT\main.py", line 12956, in system_id
    systems = System.select().where((System.stage == stage) & (System.title_id == title_id())).get()
              ^^^^^^^^^^^^^^^^^^^^^^^^^^^^^^^^^^^^^^^^^^^^^^^^^^^^^^^^^^^^^^^^^^^^^^^^^^^^^^^^^^^^^^
  File "C:\Users\Alex_SSHOR13\Competitions_TT\venv\Lib\site-packages\peewee.py", line 7300, in get
    raise self.model.DoesNotExist('%s instance matching query does '
models.SystemDoesNotExist: <Model: System> instance matching query does not exist:
SQL: SELECT `t1`.`id`, `t1`.`title_id`, `t1`.`total_athletes`, `t1`.`total_group`, `t1`.`max_player`, `t1`.`stage`, `t1`.`type_table`, `t1`.`page_vid`, `t1`.`label_string`, `t1`.`kol_game_string`, `t1`.`choice_flag`, `t1`.`score_flag`, `t1`.`visible_game`, `t1`.`stage_exit`, `t1`.`mesta_exit`, `t1`.`no_game`, `t1`.`sex` FROM `system` AS `t1` WHERE ((`t1`.`stage` IS NULL) AND (`t1`.`title_id` = %s)) LIMIT %s OFFSET %s
Params: [67, 1, 0]
2026-01-15 12:48:54,158 - ERROR - Необработанное исключение: SystemDoesNotExist: <Model: System> instance matching query does not exist:
SQL: SELECT `t1`.`id`, `t1`.`title_id`, `t1`.`total_athletes`, `t1`.`total_group`, `t1`.`max_player`, `t1`.`stage`, `t1`.`type_table`, `t1`.`page_vid`, `t1`.`label_string`, `t1`.`kol_game_string`, `t1`.`choice_flag`, `t1`.`score_flag`, `t1`.`visible_game`, `t1`.`stage_exit`, `t1`.`mesta_exit`, `t1`.`no_game`, `t1`.`sex` FROM `system` AS `t1` WHERE ((`t1`.`stage` IS NULL) AND (`t1`.`title_id` = %s)) LIMIT %s OFFSET %s
Params: [67, 1, 0]
2026-01-15 12:48:54,158 - ERROR - Трассировка стека:
Traceback (most recent call last):
  File "C:\Users\Alex_SSHOR13\Competitions_TT\venv\Lib\site-packages\peewee.py", line 7297, in get
    return clone.execute(database)[0]
           ~~~~~~~~~~~~~~~~~~~~~~~^^^
  File "C:\Users\Alex_SSHOR13\Competitions_TT\venv\Lib\site-packages\peewee.py", line 4583, in __getitem__
    return self.row_cache[item]
           ~~~~~~~~~~~~~~^^^^^^
IndexError: list index out of range

During handling of the above exception, another exception occurred:

Traceback (most recent call last):
  File "c:\Users\Alex_SSHOR13\Competitions_TT\main.py", line 7382, in focus
    id_system = system_id(stage)
                ^^^^^^^^^^^^^^^^
  File "c:\Users\Alex_SSHOR13\Competitions_TT\main.py", line 12956, in system_id
    systems = System.select().where((System.stage == stage) & (System.title_id == title_id())).get()
              ^^^^^^^^^^^^^^^^^^^^^^^^^^^^^^^^^^^^^^^^^^^^^^^^^^^^^^^^^^^^^^^^^^^^^^^^^^^^^^^^^^^^^^
  File "C:\Users\Alex_SSHOR13\Competitions_TT\venv\Lib\site-packages\peewee.py", line 7300, in get
    raise self.model.DoesNotExist('%s instance matching query does '
models.SystemDoesNotExist: <Model: System> instance matching query does not exist:
SQL: SELECT `t1`.`id`, `t1`.`title_id`, `t1`.`total_athletes`, `t1`.`total_group`, `t1`.`max_player`, `t1`.`stage`, `t1`.`type_table`, `t1`.`page_vid`, `t1`.`label_string`, `t1`.`kol_game_string`, `t1`.`choice_flag`, `t1`.`score_flag`, `t1`.`visible_game`, `t1`.`stage_exit`, `t1`.`mesta_exit`, `t1`.`no_game`, `t1`.`sex` FROM `system` AS `t1` WHERE ((`t1`.`stage` IS NULL) AND (`t1`.`title_id` = %s)) LIMIT %s OFFSET %s
Params: [67, 1, 0]
2026-01-15 12:48:56,476 - ERROR - Необработанное исключение: SystemDoesNotExist: <Model: System> instance matching query does not exist:
SQL: SELECT `t1`.`id`, `t1`.`title_id`, `t1`.`total_athletes`, `t1`.`total_group`, `t1`.`max_player`, `t1`.`stage`, `t1`.`type_table`, `t1`.`page_vid`, `t1`.`label_string`, `t1`.`kol_game_string`, `t1`.`choice_flag`, `t1`.`score_flag`, `t1`.`visible_game`, `t1`.`stage_exit`, `t1`.`mesta_exit`, `t1`.`no_game`, `t1`.`sex` FROM `system` AS `t1` WHERE ((`t1`.`stage` IS NULL) AND (`t1`.`title_id` = %s)) LIMIT %s OFFSET %s
Params: [67, 1, 0]
2026-01-15 12:48:56,476 - ERROR - Трассировка стека:
Traceback (most recent call last):
  File "C:\Users\Alex_SSHOR13\Competitions_TT\venv\Lib\site-packages\peewee.py", line 7297, in get
    return clone.execute(database)[0]
           ~~~~~~~~~~~~~~~~~~~~~~~^^^
  File "C:\Users\Alex_SSHOR13\Competitions_TT\venv\Lib\site-packages\peewee.py", line 4583, in __getitem__
    return self.row_cache[item]
           ~~~~~~~~~~~~~~^^^^^^
IndexError: list index out of range

During handling of the above exception, another exception occurred:

Traceback (most recent call last):
  File "c:\Users\Alex_SSHOR13\Competitions_TT\main.py", line 7382, in focus
    id_system = system_id(stage)
                ^^^^^^^^^^^^^^^^
  File "c:\Users\Alex_SSHOR13\Competitions_TT\main.py", line 12956, in system_id
    systems = System.select().where((System.stage == stage) & (System.title_id == title_id())).get()
              ^^^^^^^^^^^^^^^^^^^^^^^^^^^^^^^^^^^^^^^^^^^^^^^^^^^^^^^^^^^^^^^^^^^^^^^^^^^^^^^^^^^^^^
  File "C:\Users\Alex_SSHOR13\Competitions_TT\venv\Lib\site-packages\peewee.py", line 7300, in get
    raise self.model.DoesNotExist('%s instance matching query does '
models.SystemDoesNotExist: <Model: System> instance matching query does not exist:
SQL: SELECT `t1`.`id`, `t1`.`title_id`, `t1`.`total_athletes`, `t1`.`total_group`, `t1`.`max_player`, `t1`.`stage`, `t1`.`type_table`, `t1`.`page_vid`, `t1`.`label_string`, `t1`.`kol_game_string`, `t1`.`choice_flag`, `t1`.`score_flag`, `t1`.`visible_game`, `t1`.`stage_exit`, `t1`.`mesta_exit`, `t1`.`no_game`, `t1`.`sex` FROM `system` AS `t1` WHERE ((`t1`.`stage` IS NULL) AND (`t1`.`title_id` = %s)) LIMIT %s OFFSET %s
Params: [67, 1, 0]
2026-01-15 12:48:57,407 - ERROR - Необработанное исключение: SystemDoesNotExist: <Model: System> instance matching query does not exist:
SQL: SELECT `t1`.`id`, `t1`.`title_id`, `t1`.`total_athletes`, `t1`.`total_group`, `t1`.`max_player`, `t1`.`stage`, `t1`.`type_table`, `t1`.`page_vid`, `t1`.`label_string`, `t1`.`kol_game_string`, `t1`.`choice_flag`, `t1`.`score_flag`, `t1`.`visible_game`, `t1`.`stage_exit`, `t1`.`mesta_exit`, `t1`.`no_game`, `t1`.`sex` FROM `system` AS `t1` WHERE ((`t1`.`stage` IS NULL) AND (`t1`.`title_id` = %s)) LIMIT %s OFFSET %s
Params: [67, 1, 0]
2026-01-15 12:48:57,408 - ERROR - Трассировка стека:
Traceback (most recent call last):
  File "C:\Users\Alex_SSHOR13\Competitions_TT\venv\Lib\site-packages\peewee.py", line 7297, in get
    return clone.execute(database)[0]
           ~~~~~~~~~~~~~~~~~~~~~~~^^^
  File "C:\Users\Alex_SSHOR13\Competitions_TT\venv\Lib\site-packages\peewee.py", line 4583, in __getitem__
    return self.row_cache[item]
           ~~~~~~~~~~~~~~^^^^^^
IndexError: list index out of range

During handling of the above exception, another exception occurred:

Traceback (most recent call last):
  File "c:\Users\Alex_SSHOR13\Competitions_TT\main.py", line 7382, in focus
    id_system = system_id(stage)
                ^^^^^^^^^^^^^^^^
  File "c:\Users\Alex_SSHOR13\Competitions_TT\main.py", line 12956, in system_id
    systems = System.select().where((System.stage == stage) & (System.title_id == title_id())).get()
              ^^^^^^^^^^^^^^^^^^^^^^^^^^^^^^^^^^^^^^^^^^^^^^^^^^^^^^^^^^^^^^^^^^^^^^^^^^^^^^^^^^^^^^
  File "C:\Users\Alex_SSHOR13\Competitions_TT\venv\Lib\site-packages\peewee.py", line 7300, in get
    raise self.model.DoesNotExist('%s instance matching query does '
models.SystemDoesNotExist: <Model: System> instance matching query does not exist:
SQL: SELECT `t1`.`id`, `t1`.`title_id`, `t1`.`total_athletes`, `t1`.`total_group`, `t1`.`max_player`, `t1`.`stage`, `t1`.`type_table`, `t1`.`page_vid`, `t1`.`label_string`, `t1`.`kol_game_string`, `t1`.`choice_flag`, `t1`.`score_flag`, `t1`.`visible_game`, `t1`.`stage_exit`, `t1`.`mesta_exit`, `t1`.`no_game`, `t1`.`sex` FROM `system` AS `t1` WHERE ((`t1`.`stage` IS NULL) AND (`t1`.`title_id` = %s)) LIMIT %s OFFSET %s
Params: [67, 1, 0]
2026-01-15 12:48:59,102 - ERROR - Необработанное исключение: SystemDoesNotExist: <Model: System> instance matching query does not exist:
SQL: SELECT `t1`.`id`, `t1`.`title_id`, `t1`.`total_athletes`, `t1`.`total_group`, `t1`.`max_player`, `t1`.`stage`, `t1`.`type_table`, `t1`.`page_vid`, `t1`.`label_string`, `t1`.`kol_game_string`, `t1`.`choice_flag`, `t1`.`score_flag`, `t1`.`visible_game`, `t1`.`stage_exit`, `t1`.`mesta_exit`, `t1`.`no_game`, `t1`.`sex` FROM `system` AS `t1` WHERE ((`t1`.`stage` IS NULL) AND (`t1`.`title_id` = %s)) LIMIT %s OFFSET %s
Params: [67, 1, 0]
2026-01-15 12:48:59,103 - ERROR - Трассировка стека:
Traceback (most recent call last):
  File "C:\Users\Alex_SSHOR13\Competitions_TT\venv\Lib\site-packages\peewee.py", line 7297, in get
    return clone.execute(database)[0]
           ~~~~~~~~~~~~~~~~~~~~~~~^^^
  File "C:\Users\Alex_SSHOR13\Competitions_TT\venv\Lib\site-packages\peewee.py", line 4583, in __getitem__
    return self.row_cache[item]
           ~~~~~~~~~~~~~~^^^^^^
IndexError: list index out of range

During handling of the above exception, another exception occurred:

Traceback (most recent call last):
  File "c:\Users\Alex_SSHOR13\Competitions_TT\main.py", line 7382, in focus
    id_system = system_id(stage)
                ^^^^^^^^^^^^^^^^
  File "c:\Users\Alex_SSHOR13\Competitions_TT\main.py", line 12956, in system_id
    systems = System.select().where((System.stage == stage) & (System.title_id == title_id())).get()
              ^^^^^^^^^^^^^^^^^^^^^^^^^^^^^^^^^^^^^^^^^^^^^^^^^^^^^^^^^^^^^^^^^^^^^^^^^^^^^^^^^^^^^^
  File "C:\Users\Alex_SSHOR13\Competitions_TT\venv\Lib\site-packages\peewee.py", line 7300, in get
    raise self.model.DoesNotExist('%s instance matching query does '
models.SystemDoesNotExist: <Model: System> instance matching query does not exist:
SQL: SELECT `t1`.`id`, `t1`.`title_id`, `t1`.`total_athletes`, `t1`.`total_group`, `t1`.`max_player`, `t1`.`stage`, `t1`.`type_table`, `t1`.`page_vid`, `t1`.`label_string`, `t1`.`kol_game_string`, `t1`.`choice_flag`, `t1`.`score_flag`, `t1`.`visible_game`, `t1`.`stage_exit`, `t1`.`mesta_exit`, `t1`.`no_game`, `t1`.`sex` FROM `system` AS `t1` WHERE ((`t1`.`stage` IS NULL) AND (`t1`.`title_id` = %s)) LIMIT %s OFFSET %s
Params: [67, 1, 0]
2026-01-15 12:48:59,763 - ERROR - Необработанное исключение: SystemDoesNotExist: <Model: System> instance matching query does not exist:
SQL: SELECT `t1`.`id`, `t1`.`title_id`, `t1`.`total_athletes`, `t1`.`total_group`, `t1`.`max_player`, `t1`.`stage`, `t1`.`type_table`, `t1`.`page_vid`, `t1`.`label_string`, `t1`.`kol_game_string`, `t1`.`choice_flag`, `t1`.`score_flag`, `t1`.`visible_game`, `t1`.`stage_exit`, `t1`.`mesta_exit`, `t1`.`no_game`, `t1`.`sex` FROM `system` AS `t1` WHERE ((`t1`.`stage` IS NULL) AND (`t1`.`title_id` = %s)) LIMIT %s OFFSET %s
Params: [67, 1, 0]
2026-01-15 12:48:59,763 - ERROR - Трассировка стека:
Traceback (most recent call last):
  File "C:\Users\Alex_SSHOR13\Competitions_TT\venv\Lib\site-packages\peewee.py", line 7297, in get
    return clone.execute(database)[0]
           ~~~~~~~~~~~~~~~~~~~~~~~^^^
  File "C:\Users\Alex_SSHOR13\Competitions_TT\venv\Lib\site-packages\peewee.py", line 4583, in __getitem__
    return self.row_cache[item]
           ~~~~~~~~~~~~~~^^^^^^
IndexError: list index out of range

During handling of the above exception, another exception occurred:

Traceback (most recent call last):
  File "c:\Users\Alex_SSHOR13\Competitions_TT\main.py", line 7382, in focus
    id_system = system_id(stage)
                ^^^^^^^^^^^^^^^^
  File "c:\Users\Alex_SSHOR13\Competitions_TT\main.py", line 12956, in system_id
    systems = System.select().where((System.stage == stage) & (System.title_id == title_id())).get()
              ^^^^^^^^^^^^^^^^^^^^^^^^^^^^^^^^^^^^^^^^^^^^^^^^^^^^^^^^^^^^^^^^^^^^^^^^^^^^^^^^^^^^^^
  File "C:\Users\Alex_SSHOR13\Competitions_TT\venv\Lib\site-packages\peewee.py", line 7300, in get
    raise self.model.DoesNotExist('%s instance matching query does '
models.SystemDoesNotExist: <Model: System> instance matching query does not exist:
SQL: SELECT `t1`.`id`, `t1`.`title_id`, `t1`.`total_athletes`, `t1`.`total_group`, `t1`.`max_player`, `t1`.`stage`, `t1`.`type_table`, `t1`.`page_vid`, `t1`.`label_string`, `t1`.`kol_game_string`, `t1`.`choice_flag`, `t1`.`score_flag`, `t1`.`visible_game`, `t1`.`stage_exit`, `t1`.`mesta_exit`, `t1`.`no_game`, `t1`.`sex` FROM `system` AS `t1` WHERE ((`t1`.`stage` IS NULL) AND (`t1`.`title_id` = %s)) LIMIT %s OFFSET %s
Params: [67, 1, 0]
2026-01-15 12:49:01,347 - ERROR - Необработанное исключение: SystemDoesNotExist: <Model: System> instance matching query does not exist:
SQL: SELECT `t1`.`id`, `t1`.`title_id`, `t1`.`total_athletes`, `t1`.`total_group`, `t1`.`max_player`, `t1`.`stage`, `t1`.`type_table`, `t1`.`page_vid`, `t1`.`label_string`, `t1`.`kol_game_string`, `t1`.`choice_flag`, `t1`.`score_flag`, `t1`.`visible_game`, `t1`.`stage_exit`, `t1`.`mesta_exit`, `t1`.`no_game`, `t1`.`sex` FROM `system` AS `t1` WHERE ((`t1`.`stage` IS NULL) AND (`t1`.`title_id` = %s)) LIMIT %s OFFSET %s
Params: [67, 1, 0]
2026-01-15 12:49:01,347 - ERROR - Трассировка стека:
Traceback (most recent call last):
  File "C:\Users\Alex_SSHOR13\Competitions_TT\venv\Lib\site-packages\peewee.py", line 7297, in get
    return clone.execute(database)[0]
           ~~~~~~~~~~~~~~~~~~~~~~~^^^
  File "C:\Users\Alex_SSHOR13\Competitions_TT\venv\Lib\site-packages\peewee.py", line 4583, in __getitem__
    return self.row_cache[item]
           ~~~~~~~~~~~~~~^^^^^^
IndexError: list index out of range

During handling of the above exception, another exception occurred:

Traceback (most recent call last):
  File "c:\Users\Alex_SSHOR13\Competitions_TT\main.py", line 7382, in focus
    id_system = system_id(stage)
                ^^^^^^^^^^^^^^^^
  File "c:\Users\Alex_SSHOR13\Competitions_TT\main.py", line 12956, in system_id
    systems = System.select().where((System.stage == stage) & (System.title_id == title_id())).get()
              ^^^^^^^^^^^^^^^^^^^^^^^^^^^^^^^^^^^^^^^^^^^^^^^^^^^^^^^^^^^^^^^^^^^^^^^^^^^^^^^^^^^^^^
  File "C:\Users\Alex_SSHOR13\Competitions_TT\venv\Lib\site-packages\peewee.py", line 7300, in get
    raise self.model.DoesNotExist('%s instance matching query does '
models.SystemDoesNotExist: <Model: System> instance matching query does not exist:
SQL: SELECT `t1`.`id`, `t1`.`title_id`, `t1`.`total_athletes`, `t1`.`total_group`, `t1`.`max_player`, `t1`.`stage`, `t1`.`type_table`, `t1`.`page_vid`, `t1`.`label_string`, `t1`.`kol_game_string`, `t1`.`choice_flag`, `t1`.`score_flag`, `t1`.`visible_game`, `t1`.`stage_exit`, `t1`.`mesta_exit`, `t1`.`no_game`, `t1`.`sex` FROM `system` AS `t1` WHERE ((`t1`.`stage` IS NULL) AND (`t1`.`title_id` = %s)) LIMIT %s OFFSET %s
Params: [67, 1, 0]
2026-01-15 12:49:01,859 - ERROR - Необработанное исключение: SystemDoesNotExist: <Model: System> instance matching query does not exist:
SQL: SELECT `t1`.`id`, `t1`.`title_id`, `t1`.`total_athletes`, `t1`.`total_group`, `t1`.`max_player`, `t1`.`stage`, `t1`.`type_table`, `t1`.`page_vid`, `t1`.`label_string`, `t1`.`kol_game_string`, `t1`.`choice_flag`, `t1`.`score_flag`, `t1`.`visible_game`, `t1`.`stage_exit`, `t1`.`mesta_exit`, `t1`.`no_game`, `t1`.`sex` FROM `system` AS `t1` WHERE ((`t1`.`stage` IS NULL) AND (`t1`.`title_id` = %s)) LIMIT %s OFFSET %s
Params: [67, 1, 0]
2026-01-15 12:49:01,860 - ERROR - Трассировка стека:
Traceback (most recent call last):
  File "C:\Users\Alex_SSHOR13\Competitions_TT\venv\Lib\site-packages\peewee.py", line 7297, in get
    return clone.execute(database)[0]
           ~~~~~~~~~~~~~~~~~~~~~~~^^^
  File "C:\Users\Alex_SSHOR13\Competitions_TT\venv\Lib\site-packages\peewee.py", line 4583, in __getitem__
    return self.row_cache[item]
           ~~~~~~~~~~~~~~^^^^^^
IndexError: list index out of range

During handling of the above exception, another exception occurred:

Traceback (most recent call last):
  File "c:\Users\Alex_SSHOR13\Competitions_TT\main.py", line 7382, in focus
    id_system = system_id(stage)
                ^^^^^^^^^^^^^^^^
  File "c:\Users\Alex_SSHOR13\Competitions_TT\main.py", line 12956, in system_id
    systems = System.select().where((System.stage == stage) & (System.title_id == title_id())).get()
              ^^^^^^^^^^^^^^^^^^^^^^^^^^^^^^^^^^^^^^^^^^^^^^^^^^^^^^^^^^^^^^^^^^^^^^^^^^^^^^^^^^^^^^
  File "C:\Users\Alex_SSHOR13\Competitions_TT\venv\Lib\site-packages\peewee.py", line 7300, in get
    raise self.model.DoesNotExist('%s instance matching query does '
models.SystemDoesNotExist: <Model: System> instance matching query does not exist:
SQL: SELECT `t1`.`id`, `t1`.`title_id`, `t1`.`total_athletes`, `t1`.`total_group`, `t1`.`max_player`, `t1`.`stage`, `t1`.`type_table`, `t1`.`page_vid`, `t1`.`label_string`, `t1`.`kol_game_string`, `t1`.`choice_flag`, `t1`.`score_flag`, `t1`.`visible_game`, `t1`.`stage_exit`, `t1`.`mesta_exit`, `t1`.`no_game`, `t1`.`sex` FROM `system` AS `t1` WHERE ((`t1`.`stage` IS NULL) AND (`t1`.`title_id` = %s)) LIMIT %s OFFSET %s
Params: [67, 1, 0]
2026-01-15 12:49:06,996 - ERROR - Необработанное исключение: SystemDoesNotExist: <Model: System> instance matching query does not exist:
SQL: SELECT `t1`.`id`, `t1`.`title_id`, `t1`.`total_athletes`, `t1`.`total_group`, `t1`.`max_player`, `t1`.`stage`, `t1`.`type_table`, `t1`.`page_vid`, `t1`.`label_string`, `t1`.`kol_game_string`, `t1`.`choice_flag`, `t1`.`score_flag`, `t1`.`visible_game`, `t1`.`stage_exit`, `t1`.`mesta_exit`, `t1`.`no_game`, `t1`.`sex` FROM `system` AS `t1` WHERE ((`t1`.`stage` IS NULL) AND (`t1`.`title_id` = %s)) LIMIT %s OFFSET %s
Params: [67, 1, 0]
2026-01-15 12:49:06,997 - ERROR - Трассировка стека:
Traceback (most recent call last):
  File "C:\Users\Alex_SSHOR13\Competitions_TT\venv\Lib\site-packages\peewee.py", line 7297, in get
    return clone.execute(database)[0]
           ~~~~~~~~~~~~~~~~~~~~~~~^^^
  File "C:\Users\Alex_SSHOR13\Competitions_TT\venv\Lib\site-packages\peewee.py", line 4583, in __getitem__
    return self.row_cache[item]
           ~~~~~~~~~~~~~~^^^^^^
IndexError: list index out of range

During handling of the above exception, another exception occurred:

Traceback (most recent call last):
  File "c:\Users\Alex_SSHOR13\Competitions_TT\main.py", line 7382, in focus
    id_system = system_id(stage)
                ^^^^^^^^^^^^^^^^
  File "c:\Users\Alex_SSHOR13\Competitions_TT\main.py", line 12956, in system_id
    systems = System.select().where((System.stage == stage) & (System.title_id == title_id())).get()
              ^^^^^^^^^^^^^^^^^^^^^^^^^^^^^^^^^^^^^^^^^^^^^^^^^^^^^^^^^^^^^^^^^^^^^^^^^^^^^^^^^^^^^^
  File "C:\Users\Alex_SSHOR13\Competitions_TT\venv\Lib\site-packages\peewee.py", line 7300, in get
    raise self.model.DoesNotExist('%s instance matching query does '
models.SystemDoesNotExist: <Model: System> instance matching query does not exist:
SQL: SELECT `t1`.`id`, `t1`.`title_id`, `t1`.`total_athletes`, `t1`.`total_group`, `t1`.`max_player`, `t1`.`stage`, `t1`.`type_table`, `t1`.`page_vid`, `t1`.`label_string`, `t1`.`kol_game_string`, `t1`.`choice_flag`, `t1`.`score_flag`, `t1`.`visible_game`, `t1`.`stage_exit`, `t1`.`mesta_exit`, `t1`.`no_game`, `t1`.`sex` FROM `system` AS `t1` WHERE ((`t1`.`stage` IS NULL) AND (`t1`.`title_id` = %s)) LIMIT %s OFFSET %s
Params: [67, 1, 0]
2026-01-15 12:49:19,854 - ERROR - Необработанное исключение: SystemDoesNotExist: <Model: System> instance matching query does not exist:
SQL: SELECT `t1`.`id`, `t1`.`title_id`, `t1`.`total_athletes`, `t1`.`total_group`, `t1`.`max_player`, `t1`.`stage`, `t1`.`type_table`, `t1`.`page_vid`, `t1`.`label_string`, `t1`.`kol_game_string`, `t1`.`choice_flag`, `t1`.`score_flag`, `t1`.`visible_game`, `t1`.`stage_exit`, `t1`.`mesta_exit`, `t1`.`no_game`, `t1`.`sex` FROM `system` AS `t1` WHERE ((`t1`.`stage` IS NULL) AND (`t1`.`title_id` = %s)) LIMIT %s OFFSET %s
Params: [67, 1, 0]
2026-01-15 12:49:19,854 - ERROR - Трассировка стека:
Traceback (most recent call last):
  File "C:\Users\Alex_SSHOR13\Competitions_TT\venv\Lib\site-packages\peewee.py", line 7297, in get
    return clone.execute(database)[0]
           ~~~~~~~~~~~~~~~~~~~~~~~^^^
  File "C:\Users\Alex_SSHOR13\Competitions_TT\venv\Lib\site-packages\peewee.py", line 4583, in __getitem__
    return self.row_cache[item]
           ~~~~~~~~~~~~~~^^^^^^
IndexError: list index out of range

During handling of the above exception, another exception occurred:

Traceback (most recent call last):
  File "c:\Users\Alex_SSHOR13\Competitions_TT\main.py", line 7382, in focus
    id_system = system_id(stage)
                ^^^^^^^^^^^^^^^^
  File "c:\Users\Alex_SSHOR13\Competitions_TT\main.py", line 12956, in system_id
    systems = System.select().where((System.stage == stage) & (System.title_id == title_id())).get()
              ^^^^^^^^^^^^^^^^^^^^^^^^^^^^^^^^^^^^^^^^^^^^^^^^^^^^^^^^^^^^^^^^^^^^^^^^^^^^^^^^^^^^^^
  File "C:\Users\Alex_SSHOR13\Competitions_TT\venv\Lib\site-packages\peewee.py", line 7300, in get
    raise self.model.DoesNotExist('%s instance matching query does '
models.SystemDoesNotExist: <Model: System> instance matching query does not exist:
SQL: SELECT `t1`.`id`, `t1`.`title_id`, `t1`.`total_athletes`, `t1`.`total_group`, `t1`.`max_player`, `t1`.`stage`, `t1`.`type_table`, `t1`.`page_vid`, `t1`.`label_string`, `t1`.`kol_game_string`, `t1`.`choice_flag`, `t1`.`score_flag`, `t1`.`visible_game`, `t1`.`stage_exit`, `t1`.`mesta_exit`, `t1`.`no_game`, `t1`.`sex` FROM `system` AS `t1` WHERE ((`t1`.`stage` IS NULL) AND (`t1`.`title_id` = %s)) LIMIT %s OFFSET %s
Params: [67, 1, 0]
2026-01-15 17:20:27,836 - ERROR - Необработанное исключение: TitleDoesNotExist: <Model: Title> instance matching query does not exist:
SQL: SELECT `t1`.`id`, `t1`.`name`, `t1`.`sredi`, `t1`.`vozrast`, `t1`.`data_start`, `t1`.`data_end`, `t1`.`mesto`, `t1`.`referee`, `t1`.`kat_ref`, `t1`.`secretary`, `t1`.`kat_sec`, `t1`.`gamer`, `t1`.`full_name_comp`, `t1`.`pdf_comp`, `t1`.`short_name_comp`, `t1`.`tab_enabled`, `t1`.`multiregion`, `t1`.`perenos`, `t1`.`otchestvo`, `t1`.`r_date` FROM `titles` AS `t1` WHERE (((`t1`.`name` = %s) AND (`t1`.`gamer` = %s)) AND ((`t1`.`data_start` = %s) AND (`t1`.`vozrast` = %s))) LIMIT %s OFFSET %s
Params: ['Региональное соревнованиие "Надежды России"', 'Мальчики', datetime.date(2026, 1, 13), 'до 12 лет', 1, 0]
2026-01-15 17:20:27,840 - ERROR - Трассировка стека:
Traceback (most recent call last):
  File "C:\Users\Alex_SSHOR13\Competitions_TT\venv\Lib\site-packages\peewee.py", line 7297, in get
    return clone.execute(database)[0]
           ~~~~~~~~~~~~~~~~~~~~~~~^^^
  File "C:\Users\Alex_SSHOR13\Competitions_TT\venv\Lib\site-packages\peewee.py", line 4583, in __getitem__
    return self.row_cache[item]
           ~~~~~~~~~~~~~~^^^^^^
IndexError: list index out of range

During handling of the above exception, another exception occurred:

Traceback (most recent call last):
  File "c:\Users\Alex_SSHOR13\Competitions_TT\main.py", line 2515, in title_made
    title_pdf()
  File "c:\Users\Alex_SSHOR13\Competitions_TT\main.py", line 2471, in title_pdf
    tit_id = Title.select().where(Title.id == title_id()).get()
                                              ^^^^^^^^^^
  File "c:\Users\Alex_SSHOR13\Competitions_TT\main.py", line 12945, in title_id
    titles = titles_data.select().where((Title.data_start == data) & (Title.vozrast == age)).get()
             ^^^^^^^^^^^^^^^^^^^^^^^^^^^^^^^^^^^^^^^^^^^^^^^^^^^^^^^^^^^^^^^^^^^^^^^^^^^^^^^^^^^^^
  File "C:\Users\Alex_SSHOR13\Competitions_TT\venv\Lib\site-packages\peewee.py", line 7300, in get
    raise self.model.DoesNotExist('%s instance matching query does '
models.TitleDoesNotExist: <Model: Title> instance matching query does not exist:
SQL: SELECT `t1`.`id`, `t1`.`name`, `t1`.`sredi`, `t1`.`vozrast`, `t1`.`data_start`, `t1`.`data_end`, `t1`.`mesto`, `t1`.`referee`, `t1`.`kat_ref`, `t1`.`secretary`, `t1`.`kat_sec`, `t1`.`gamer`, `t1`.`full_name_comp`, `t1`.`pdf_comp`, `t1`.`short_name_comp`, `t1`.`tab_enabled`, `t1`.`multiregion`, `t1`.`perenos`, `t1`.`otchestvo`, `t1`.`r_date` FROM `titles` AS `t1` WHERE (((`t1`.`name` = %s) AND (`t1`.`gamer` = %s)) AND ((`t1`.`data_start` = %s) AND (`t1`.`vozrast` = %s))) LIMIT %s OFFSET %s
Params: ['Региональное соревнованиие "Надежды России"', 'Мальчики', datetime.date(2026, 1, 13), 'до 12 лет', 1, 0]
2026-01-15 17:20:30,725 - ERROR - Необработанное исключение: TitleDoesNotExist: <Model: Title> instance matching query does not exist:
SQL: SELECT `t1`.`id`, `t1`.`name`, `t1`.`sredi`, `t1`.`vozrast`, `t1`.`data_start`, `t1`.`data_end`, `t1`.`mesto`, `t1`.`referee`, `t1`.`kat_ref`, `t1`.`secretary`, `t1`.`kat_sec`, `t1`.`gamer`, `t1`.`full_name_comp`, `t1`.`pdf_comp`, `t1`.`short_name_comp`, `t1`.`tab_enabled`, `t1`.`multiregion`, `t1`.`perenos`, `t1`.`otchestvo`, `t1`.`r_date` FROM `titles` AS `t1` WHERE (((`t1`.`name` = %s) AND (`t1`.`gamer` = %s)) AND ((`t1`.`data_start` = %s) AND (`t1`.`vozrast` = %s))) LIMIT %s OFFSET %s
Params: ['Региональное соревнованиие "Надежды России"', 'Мальчики', datetime.date(2026, 1, 13), 'до 12 лет', 1, 0]
2026-01-15 17:20:30,728 - ERROR - Трассировка стека:
Traceback (most recent call last):
  File "C:\Users\Alex_SSHOR13\Competitions_TT\venv\Lib\site-packages\peewee.py", line 7297, in get
    return clone.execute(database)[0]
           ~~~~~~~~~~~~~~~~~~~~~~~^^^
  File "C:\Users\Alex_SSHOR13\Competitions_TT\venv\Lib\site-packages\peewee.py", line 4583, in __getitem__
    return self.row_cache[item]
           ~~~~~~~~~~~~~~^^^^^^
IndexError: list index out of range

During handling of the above exception, another exception occurred:

Traceback (most recent call last):
  File "c:\Users\Alex_SSHOR13\Competitions_TT\main.py", line 4190, in tool_page
    page()
  File "c:\Users\Alex_SSHOR13\Competitions_TT\main.py", line 4197, in page
    sf = System.select().where(System.title_id == title_id())
                                                  ^^^^^^^^^^
  File "c:\Users\Alex_SSHOR13\Competitions_TT\main.py", line 12945, in title_id
    titles = titles_data.select().where((Title.data_start == data) & (Title.vozrast == age)).get()
             ^^^^^^^^^^^^^^^^^^^^^^^^^^^^^^^^^^^^^^^^^^^^^^^^^^^^^^^^^^^^^^^^^^^^^^^^^^^^^^^^^^^^^
  File "C:\Users\Alex_SSHOR13\Competitions_TT\venv\Lib\site-packages\peewee.py", line 7300, in get
    raise self.model.DoesNotExist('%s instance matching query does '
models.TitleDoesNotExist: <Model: Title> instance matching query does not exist:
SQL: SELECT `t1`.`id`, `t1`.`name`, `t1`.`sredi`, `t1`.`vozrast`, `t1`.`data_start`, `t1`.`data_end`, `t1`.`mesto`, `t1`.`referee`, `t1`.`kat_ref`, `t1`.`secretary`, `t1`.`kat_sec`, `t1`.`gamer`, `t1`.`full_name_comp`, `t1`.`pdf_comp`, `t1`.`short_name_comp`, `t1`.`tab_enabled`, `t1`.`multiregion`, `t1`.`perenos`, `t1`.`otchestvo`, `t1`.`r_date` FROM `titles` AS `t1` WHERE (((`t1`.`name` = %s) AND (`t1`.`gamer` = %s)) AND ((`t1`.`data_start` = %s) AND (`t1`.`vozrast` = %s))) LIMIT %s OFFSET %s
Params: ['Региональное соревнованиие "Надежды России"', 'Мальчики', datetime.date(2026, 1, 13), 'до 12 лет', 1, 0]
2026-01-15 17:20:32,098 - ERROR - Необработанное исключение: TitleDoesNotExist: <Model: Title> instance matching query does not exist:
SQL: SELECT `t1`.`id`, `t1`.`name`, `t1`.`sredi`, `t1`.`vozrast`, `t1`.`data_start`, `t1`.`data_end`, `t1`.`mesto`, `t1`.`referee`, `t1`.`kat_ref`, `t1`.`secretary`, `t1`.`kat_sec`, `t1`.`gamer`, `t1`.`full_name_comp`, `t1`.`pdf_comp`, `t1`.`short_name_comp`, `t1`.`tab_enabled`, `t1`.`multiregion`, `t1`.`perenos`, `t1`.`otchestvo`, `t1`.`r_date` FROM `titles` AS `t1` WHERE (((`t1`.`name` = %s) AND (`t1`.`gamer` = %s)) AND ((`t1`.`data_start` = %s) AND (`t1`.`vozrast` = %s))) LIMIT %s OFFSET %s
Params: ['Региональное соревнованиие "Надежды России"', 'Мальчики', datetime.date(2026, 1, 13), 'до 12 лет', 1, 0]
2026-01-15 17:20:32,099 - ERROR - Трассировка стека:
Traceback (most recent call last):
  File "C:\Users\Alex_SSHOR13\Competitions_TT\venv\Lib\site-packages\peewee.py", line 7297, in get
    return clone.execute(database)[0]
           ~~~~~~~~~~~~~~~~~~~~~~~^^^
  File "C:\Users\Alex_SSHOR13\Competitions_TT\venv\Lib\site-packages\peewee.py", line 4583, in __getitem__
    return self.row_cache[item]
           ~~~~~~~~~~~~~~^^^^^^
IndexError: list index out of range

During handling of the above exception, another exception occurred:

Traceback (most recent call last):
  File "c:\Users\Alex_SSHOR13\Competitions_TT\main.py", line 4190, in tool_page
    page()
  File "c:\Users\Alex_SSHOR13\Competitions_TT\main.py", line 4197, in page
    sf = System.select().where(System.title_id == title_id())
                                                  ^^^^^^^^^^
  File "c:\Users\Alex_SSHOR13\Competitions_TT\main.py", line 12945, in title_id
    titles = titles_data.select().where((Title.data_start == data) & (Title.vozrast == age)).get()
             ^^^^^^^^^^^^^^^^^^^^^^^^^^^^^^^^^^^^^^^^^^^^^^^^^^^^^^^^^^^^^^^^^^^^^^^^^^^^^^^^^^^^^
  File "C:\Users\Alex_SSHOR13\Competitions_TT\venv\Lib\site-packages\peewee.py", line 7300, in get
    raise self.model.DoesNotExist('%s instance matching query does '
models.TitleDoesNotExist: <Model: Title> instance matching query does not exist:
SQL: SELECT `t1`.`id`, `t1`.`name`, `t1`.`sredi`, `t1`.`vozrast`, `t1`.`data_start`, `t1`.`data_end`, `t1`.`mesto`, `t1`.`referee`, `t1`.`kat_ref`, `t1`.`secretary`, `t1`.`kat_sec`, `t1`.`gamer`, `t1`.`full_name_comp`, `t1`.`pdf_comp`, `t1`.`short_name_comp`, `t1`.`tab_enabled`, `t1`.`multiregion`, `t1`.`perenos`, `t1`.`otchestvo`, `t1`.`r_date` FROM `titles` AS `t1` WHERE (((`t1`.`name` = %s) AND (`t1`.`gamer` = %s)) AND ((`t1`.`data_start` = %s) AND (`t1`.`vozrast` = %s))) LIMIT %s OFFSET %s
Params: ['Региональное соревнованиие "Надежды России"', 'Мальчики', datetime.date(2026, 1, 13), 'до 12 лет', 1, 0]
2026-01-15 17:20:33,411 - ERROR - Необработанное исключение: TitleDoesNotExist: <Model: Title> instance matching query does not exist:
SQL: SELECT `t1`.`id`, `t1`.`name`, `t1`.`sredi`, `t1`.`vozrast`, `t1`.`data_start`, `t1`.`data_end`, `t1`.`mesto`, `t1`.`referee`, `t1`.`kat_ref`, `t1`.`secretary`, `t1`.`kat_sec`, `t1`.`gamer`, `t1`.`full_name_comp`, `t1`.`pdf_comp`, `t1`.`short_name_comp`, `t1`.`tab_enabled`, `t1`.`multiregion`, `t1`.`perenos`, `t1`.`otchestvo`, `t1`.`r_date` FROM `titles` AS `t1` WHERE (((`t1`.`name` = %s) AND (`t1`.`gamer` = %s)) AND ((`t1`.`data_start` = %s) AND (`t1`.`vozrast` = %s))) LIMIT %s OFFSET %s
Params: ['Региональное соревнованиие "Надежды России"', 'Мальчики', datetime.date(2026, 1, 13), 'до 12 лет', 1, 0]
2026-01-15 17:20:33,412 - ERROR - Трассировка стека:
Traceback (most recent call last):
  File "C:\Users\Alex_SSHOR13\Competitions_TT\venv\Lib\site-packages\peewee.py", line 7297, in get
    return clone.execute(database)[0]
           ~~~~~~~~~~~~~~~~~~~~~~~^^^
  File "C:\Users\Alex_SSHOR13\Competitions_TT\venv\Lib\site-packages\peewee.py", line 4583, in __getitem__
    return self.row_cache[item]
           ~~~~~~~~~~~~~~^^^^^^
IndexError: list index out of range

During handling of the above exception, another exception occurred:

Traceback (most recent call last):
  File "c:\Users\Alex_SSHOR13\Competitions_TT\main.py", line 4190, in tool_page
    page()
  File "c:\Users\Alex_SSHOR13\Competitions_TT\main.py", line 4197, in page
    sf = System.select().where(System.title_id == title_id())
                                                  ^^^^^^^^^^
  File "c:\Users\Alex_SSHOR13\Competitions_TT\main.py", line 12945, in title_id
    titles = titles_data.select().where((Title.data_start == data) & (Title.vozrast == age)).get()
             ^^^^^^^^^^^^^^^^^^^^^^^^^^^^^^^^^^^^^^^^^^^^^^^^^^^^^^^^^^^^^^^^^^^^^^^^^^^^^^^^^^^^^
  File "C:\Users\Alex_SSHOR13\Competitions_TT\venv\Lib\site-packages\peewee.py", line 7300, in get
    raise self.model.DoesNotExist('%s instance matching query does '
models.TitleDoesNotExist: <Model: Title> instance matching query does not exist:
SQL: SELECT `t1`.`id`, `t1`.`name`, `t1`.`sredi`, `t1`.`vozrast`, `t1`.`data_start`, `t1`.`data_end`, `t1`.`mesto`, `t1`.`referee`, `t1`.`kat_ref`, `t1`.`secretary`, `t1`.`kat_sec`, `t1`.`gamer`, `t1`.`full_name_comp`, `t1`.`pdf_comp`, `t1`.`short_name_comp`, `t1`.`tab_enabled`, `t1`.`multiregion`, `t1`.`perenos`, `t1`.`otchestvo`, `t1`.`r_date` FROM `titles` AS `t1` WHERE (((`t1`.`name` = %s) AND (`t1`.`gamer` = %s)) AND ((`t1`.`data_start` = %s) AND (`t1`.`vozrast` = %s))) LIMIT %s OFFSET %s
Params: ['Региональное соревнованиие "Надежды России"', 'Мальчики', datetime.date(2026, 1, 13), 'до 12 лет', 1, 0]
2026-01-15 17:20:41,129 - ERROR - Необработанное исключение: TitleDoesNotExist: <Model: Title> instance matching query does not exist:
SQL: SELECT `t1`.`id`, `t1`.`name`, `t1`.`sredi`, `t1`.`vozrast`, `t1`.`data_start`, `t1`.`data_end`, `t1`.`mesto`, `t1`.`referee`, `t1`.`kat_ref`, `t1`.`secretary`, `t1`.`kat_sec`, `t1`.`gamer`, `t1`.`full_name_comp`, `t1`.`pdf_comp`, `t1`.`short_name_comp`, `t1`.`tab_enabled`, `t1`.`multiregion`, `t1`.`perenos`, `t1`.`otchestvo`, `t1`.`r_date` FROM `titles` AS `t1` WHERE (((`t1`.`name` = %s) AND (`t1`.`gamer` = %s)) AND ((`t1`.`data_start` = %s) AND (`t1`.`vozrast` = %s))) LIMIT %s OFFSET %s
Params: ['Региональное соревнованиие "Надежды России"', 'Мальчики', datetime.date(2026, 1, 13), 'до 12 лет', 1, 0]
2026-01-15 17:20:41,131 - ERROR - Трассировка стека:
Traceback (most recent call last):
  File "C:\Users\Alex_SSHOR13\Competitions_TT\venv\Lib\site-packages\peewee.py", line 7297, in get
    return clone.execute(database)[0]
           ~~~~~~~~~~~~~~~~~~~~~~~^^^
  File "C:\Users\Alex_SSHOR13\Competitions_TT\venv\Lib\site-packages\peewee.py", line 4583, in __getitem__
    return self.row_cache[item]
           ~~~~~~~~~~~~~~^^^^^^
IndexError: list index out of range

During handling of the above exception, another exception occurred:

Traceback (most recent call last):
  File "c:\Users\Alex_SSHOR13\Competitions_TT\main.py", line 4190, in tool_page
    page()
  File "c:\Users\Alex_SSHOR13\Competitions_TT\main.py", line 4197, in page
    sf = System.select().where(System.title_id == title_id())
                                                  ^^^^^^^^^^
  File "c:\Users\Alex_SSHOR13\Competitions_TT\main.py", line 12945, in title_id
    titles = titles_data.select().where((Title.data_start == data) & (Title.vozrast == age)).get()
             ^^^^^^^^^^^^^^^^^^^^^^^^^^^^^^^^^^^^^^^^^^^^^^^^^^^^^^^^^^^^^^^^^^^^^^^^^^^^^^^^^^^^^
  File "C:\Users\Alex_SSHOR13\Competitions_TT\venv\Lib\site-packages\peewee.py", line 7300, in get
    raise self.model.DoesNotExist('%s instance matching query does '
models.TitleDoesNotExist: <Model: Title> instance matching query does not exist:
SQL: SELECT `t1`.`id`, `t1`.`name`, `t1`.`sredi`, `t1`.`vozrast`, `t1`.`data_start`, `t1`.`data_end`, `t1`.`mesto`, `t1`.`referee`, `t1`.`kat_ref`, `t1`.`secretary`, `t1`.`kat_sec`, `t1`.`gamer`, `t1`.`full_name_comp`, `t1`.`pdf_comp`, `t1`.`short_name_comp`, `t1`.`tab_enabled`, `t1`.`multiregion`, `t1`.`perenos`, `t1`.`otchestvo`, `t1`.`r_date` FROM `titles` AS `t1` WHERE (((`t1`.`name` = %s) AND (`t1`.`gamer` = %s)) AND ((`t1`.`data_start` = %s) AND (`t1`.`vozrast` = %s))) LIMIT %s OFFSET %s
Params: ['Региональное соревнованиие "Надежды России"', 'Мальчики', datetime.date(2026, 1, 13), 'до 12 лет', 1, 0]
2026-01-15 17:20:46,034 - ERROR - Необработанное исключение: TitleDoesNotExist: <Model: Title> instance matching query does not exist:
SQL: SELECT `t1`.`id`, `t1`.`name`, `t1`.`sredi`, `t1`.`vozrast`, `t1`.`data_start`, `t1`.`data_end`, `t1`.`mesto`, `t1`.`referee`, `t1`.`kat_ref`, `t1`.`secretary`, `t1`.`kat_sec`, `t1`.`gamer`, `t1`.`full_name_comp`, `t1`.`pdf_comp`, `t1`.`short_name_comp`, `t1`.`tab_enabled`, `t1`.`multiregion`, `t1`.`perenos`, `t1`.`otchestvo`, `t1`.`r_date` FROM `titles` AS `t1` WHERE (((`t1`.`name` = %s) AND (`t1`.`gamer` = %s)) AND ((`t1`.`data_start` = %s) AND (`t1`.`vozrast` = %s))) LIMIT %s OFFSET %s
Params: ['Региональное соревнованиие "Надежды России"', 'Мальчики', datetime.date(2026, 1, 13), 'до 12 лет', 1, 0]
2026-01-15 17:20:46,035 - ERROR - Трассировка стека:
Traceback (most recent call last):
  File "C:\Users\Alex_SSHOR13\Competitions_TT\venv\Lib\site-packages\peewee.py", line 7297, in get
    return clone.execute(database)[0]
           ~~~~~~~~~~~~~~~~~~~~~~~^^^
  File "C:\Users\Alex_SSHOR13\Competitions_TT\venv\Lib\site-packages\peewee.py", line 4583, in __getitem__
    return self.row_cache[item]
           ~~~~~~~~~~~~~~^^^^^^
IndexError: list index out of range

During handling of the above exception, another exception occurred:

Traceback (most recent call last):
  File "c:\Users\Alex_SSHOR13\Competitions_TT\main.py", line 4190, in tool_page
    page()
  File "c:\Users\Alex_SSHOR13\Competitions_TT\main.py", line 4197, in page
    sf = System.select().where(System.title_id == title_id())
                                                  ^^^^^^^^^^
  File "c:\Users\Alex_SSHOR13\Competitions_TT\main.py", line 12945, in title_id
    titles = titles_data.select().where((Title.data_start == data) & (Title.vozrast == age)).get()
             ^^^^^^^^^^^^^^^^^^^^^^^^^^^^^^^^^^^^^^^^^^^^^^^^^^^^^^^^^^^^^^^^^^^^^^^^^^^^^^^^^^^^^
  File "C:\Users\Alex_SSHOR13\Competitions_TT\venv\Lib\site-packages\peewee.py", line 7300, in get
    raise self.model.DoesNotExist('%s instance matching query does '
models.TitleDoesNotExist: <Model: Title> instance matching query does not exist:
SQL: SELECT `t1`.`id`, `t1`.`name`, `t1`.`sredi`, `t1`.`vozrast`, `t1`.`data_start`, `t1`.`data_end`, `t1`.`mesto`, `t1`.`referee`, `t1`.`kat_ref`, `t1`.`secretary`, `t1`.`kat_sec`, `t1`.`gamer`, `t1`.`full_name_comp`, `t1`.`pdf_comp`, `t1`.`short_name_comp`, `t1`.`tab_enabled`, `t1`.`multiregion`, `t1`.`perenos`, `t1`.`otchestvo`, `t1`.`r_date` FROM `titles` AS `t1` WHERE (((`t1`.`name` = %s) AND (`t1`.`gamer` = %s)) AND ((`t1`.`data_start` = %s) AND (`t1`.`vozrast` = %s))) LIMIT %s OFFSET %s
Params: ['Региональное соревнованиие "Надежды России"', 'Мальчики', datetime.date(2026, 1, 13), 'до 12 лет', 1, 0]
2026-01-15 17:20:46,951 - ERROR - Необработанное исключение: TitleDoesNotExist: <Model: Title> instance matching query does not exist:
SQL: SELECT `t1`.`id`, `t1`.`name`, `t1`.`sredi`, `t1`.`vozrast`, `t1`.`data_start`, `t1`.`data_end`, `t1`.`mesto`, `t1`.`referee`, `t1`.`kat_ref`, `t1`.`secretary`, `t1`.`kat_sec`, `t1`.`gamer`, `t1`.`full_name_comp`, `t1`.`pdf_comp`, `t1`.`short_name_comp`, `t1`.`tab_enabled`, `t1`.`multiregion`, `t1`.`perenos`, `t1`.`otchestvo`, `t1`.`r_date` FROM `titles` AS `t1` WHERE (((`t1`.`name` = %s) AND (`t1`.`gamer` = %s)) AND ((`t1`.`data_start` = %s) AND (`t1`.`vozrast` = %s))) LIMIT %s OFFSET %s
Params: ['Региональное соревнованиие "Надежды России"', 'Мальчики', datetime.date(2026, 1, 13), 'до 12 лет', 1, 0]
2026-01-15 17:20:46,952 - ERROR - Трассировка стека:
Traceback (most recent call last):
  File "C:\Users\Alex_SSHOR13\Competitions_TT\venv\Lib\site-packages\peewee.py", line 7297, in get
    return clone.execute(database)[0]
           ~~~~~~~~~~~~~~~~~~~~~~~^^^
  File "C:\Users\Alex_SSHOR13\Competitions_TT\venv\Lib\site-packages\peewee.py", line 4583, in __getitem__
    return self.row_cache[item]
           ~~~~~~~~~~~~~~^^^^^^
IndexError: list index out of range

During handling of the above exception, another exception occurred:

Traceback (most recent call last):
  File "c:\Users\Alex_SSHOR13\Competitions_TT\main.py", line 4190, in tool_page
    page()
  File "c:\Users\Alex_SSHOR13\Competitions_TT\main.py", line 4197, in page
    sf = System.select().where(System.title_id == title_id())
                                                  ^^^^^^^^^^
  File "c:\Users\Alex_SSHOR13\Competitions_TT\main.py", line 12945, in title_id
    titles = titles_data.select().where((Title.data_start == data) & (Title.vozrast == age)).get()
             ^^^^^^^^^^^^^^^^^^^^^^^^^^^^^^^^^^^^^^^^^^^^^^^^^^^^^^^^^^^^^^^^^^^^^^^^^^^^^^^^^^^^^
  File "C:\Users\Alex_SSHOR13\Competitions_TT\venv\Lib\site-packages\peewee.py", line 7300, in get
    raise self.model.DoesNotExist('%s instance matching query does '
models.TitleDoesNotExist: <Model: Title> instance matching query does not exist:
SQL: SELECT `t1`.`id`, `t1`.`name`, `t1`.`sredi`, `t1`.`vozrast`, `t1`.`data_start`, `t1`.`data_end`, `t1`.`mesto`, `t1`.`referee`, `t1`.`kat_ref`, `t1`.`secretary`, `t1`.`kat_sec`, `t1`.`gamer`, `t1`.`full_name_comp`, `t1`.`pdf_comp`, `t1`.`short_name_comp`, `t1`.`tab_enabled`, `t1`.`multiregion`, `t1`.`perenos`, `t1`.`otchestvo`, `t1`.`r_date` FROM `titles` AS `t1` WHERE (((`t1`.`name` = %s) AND (`t1`.`gamer` = %s)) AND ((`t1`.`data_start` = %s) AND (`t1`.`vozrast` = %s))) LIMIT %s OFFSET %s
Params: ['Региональное соревнованиие "Надежды России"', 'Мальчики', datetime.date(2026, 1, 13), 'до 12 лет', 1, 0]
2026-01-15 17:20:47,722 - ERROR - Необработанное исключение: TitleDoesNotExist: <Model: Title> instance matching query does not exist:
SQL: SELECT `t1`.`id`, `t1`.`name`, `t1`.`sredi`, `t1`.`vozrast`, `t1`.`data_start`, `t1`.`data_end`, `t1`.`mesto`, `t1`.`referee`, `t1`.`kat_ref`, `t1`.`secretary`, `t1`.`kat_sec`, `t1`.`gamer`, `t1`.`full_name_comp`, `t1`.`pdf_comp`, `t1`.`short_name_comp`, `t1`.`tab_enabled`, `t1`.`multiregion`, `t1`.`perenos`, `t1`.`otchestvo`, `t1`.`r_date` FROM `titles` AS `t1` WHERE (((`t1`.`name` = %s) AND (`t1`.`gamer` = %s)) AND ((`t1`.`data_start` = %s) AND (`t1`.`vozrast` = %s))) LIMIT %s OFFSET %s
Params: ['Региональное соревнованиие "Надежды России"', 'Мальчики', datetime.date(2026, 1, 13), 'до 12 лет', 1, 0]
2026-01-15 17:20:47,723 - ERROR - Трассировка стека:
Traceback (most recent call last):
  File "C:\Users\Alex_SSHOR13\Competitions_TT\venv\Lib\site-packages\peewee.py", line 7297, in get
    return clone.execute(database)[0]
           ~~~~~~~~~~~~~~~~~~~~~~~^^^
  File "C:\Users\Alex_SSHOR13\Competitions_TT\venv\Lib\site-packages\peewee.py", line 4583, in __getitem__
    return self.row_cache[item]
           ~~~~~~~~~~~~~~^^^^^^
IndexError: list index out of range

During handling of the above exception, another exception occurred:

Traceback (most recent call last):
  File "c:\Users\Alex_SSHOR13\Competitions_TT\main.py", line 4190, in tool_page
    page()
  File "c:\Users\Alex_SSHOR13\Competitions_TT\main.py", line 4197, in page
    sf = System.select().where(System.title_id == title_id())
                                                  ^^^^^^^^^^
  File "c:\Users\Alex_SSHOR13\Competitions_TT\main.py", line 12945, in title_id
    titles = titles_data.select().where((Title.data_start == data) & (Title.vozrast == age)).get()
             ^^^^^^^^^^^^^^^^^^^^^^^^^^^^^^^^^^^^^^^^^^^^^^^^^^^^^^^^^^^^^^^^^^^^^^^^^^^^^^^^^^^^^
  File "C:\Users\Alex_SSHOR13\Competitions_TT\venv\Lib\site-packages\peewee.py", line 7300, in get
    raise self.model.DoesNotExist('%s instance matching query does '
models.TitleDoesNotExist: <Model: Title> instance matching query does not exist:
SQL: SELECT `t1`.`id`, `t1`.`name`, `t1`.`sredi`, `t1`.`vozrast`, `t1`.`data_start`, `t1`.`data_end`, `t1`.`mesto`, `t1`.`referee`, `t1`.`kat_ref`, `t1`.`secretary`, `t1`.`kat_sec`, `t1`.`gamer`, `t1`.`full_name_comp`, `t1`.`pdf_comp`, `t1`.`short_name_comp`, `t1`.`tab_enabled`, `t1`.`multiregion`, `t1`.`perenos`, `t1`.`otchestvo`, `t1`.`r_date` FROM `titles` AS `t1` WHERE (((`t1`.`name` = %s) AND (`t1`.`gamer` = %s)) AND ((`t1`.`data_start` = %s) AND (`t1`.`vozrast` = %s))) LIMIT %s OFFSET %s
Params: ['Региональное соревнованиие "Надежды России"', 'Мальчики', datetime.date(2026, 1, 13), 'до 12 лет', 1, 0]
2026-01-15 17:20:48,864 - ERROR - Необработанное исключение: TitleDoesNotExist: <Model: Title> instance matching query does not exist:
SQL: SELECT `t1`.`id`, `t1`.`name`, `t1`.`sredi`, `t1`.`vozrast`, `t1`.`data_start`, `t1`.`data_end`, `t1`.`mesto`, `t1`.`referee`, `t1`.`kat_ref`, `t1`.`secretary`, `t1`.`kat_sec`, `t1`.`gamer`, `t1`.`full_name_comp`, `t1`.`pdf_comp`, `t1`.`short_name_comp`, `t1`.`tab_enabled`, `t1`.`multiregion`, `t1`.`perenos`, `t1`.`otchestvo`, `t1`.`r_date` FROM `titles` AS `t1` WHERE (((`t1`.`name` = %s) AND (`t1`.`gamer` = %s)) AND ((`t1`.`data_start` = %s) AND (`t1`.`vozrast` = %s))) LIMIT %s OFFSET %s
Params: ['Региональное соревнованиие "Надежды России"', 'Мальчики', datetime.date(2026, 1, 13), 'до 12 лет', 1, 0]
2026-01-15 17:20:48,865 - ERROR - Трассировка стека:
Traceback (most recent call last):
  File "C:\Users\Alex_SSHOR13\Competitions_TT\venv\Lib\site-packages\peewee.py", line 7297, in get
    return clone.execute(database)[0]
           ~~~~~~~~~~~~~~~~~~~~~~~^^^
  File "C:\Users\Alex_SSHOR13\Competitions_TT\venv\Lib\site-packages\peewee.py", line 4583, in __getitem__
    return self.row_cache[item]
           ~~~~~~~~~~~~~~^^^^^^
IndexError: list index out of range

During handling of the above exception, another exception occurred:

Traceback (most recent call last):
  File "c:\Users\Alex_SSHOR13\Competitions_TT\main.py", line 4190, in tool_page
    page()
  File "c:\Users\Alex_SSHOR13\Competitions_TT\main.py", line 4197, in page
    sf = System.select().where(System.title_id == title_id())
                                                  ^^^^^^^^^^
  File "c:\Users\Alex_SSHOR13\Competitions_TT\main.py", line 12945, in title_id
    titles = titles_data.select().where((Title.data_start == data) & (Title.vozrast == age)).get()
             ^^^^^^^^^^^^^^^^^^^^^^^^^^^^^^^^^^^^^^^^^^^^^^^^^^^^^^^^^^^^^^^^^^^^^^^^^^^^^^^^^^^^^
  File "C:\Users\Alex_SSHOR13\Competitions_TT\venv\Lib\site-packages\peewee.py", line 7300, in get
    raise self.model.DoesNotExist('%s instance matching query does '
models.TitleDoesNotExist: <Model: Title> instance matching query does not exist:
SQL: SELECT `t1`.`id`, `t1`.`name`, `t1`.`sredi`, `t1`.`vozrast`, `t1`.`data_start`, `t1`.`data_end`, `t1`.`mesto`, `t1`.`referee`, `t1`.`kat_ref`, `t1`.`secretary`, `t1`.`kat_sec`, `t1`.`gamer`, `t1`.`full_name_comp`, `t1`.`pdf_comp`, `t1`.`short_name_comp`, `t1`.`tab_enabled`, `t1`.`multiregion`, `t1`.`perenos`, `t1`.`otchestvo`, `t1`.`r_date` FROM `titles` AS `t1` WHERE (((`t1`.`name` = %s) AND (`t1`.`gamer` = %s)) AND ((`t1`.`data_start` = %s) AND (`t1`.`vozrast` = %s))) LIMIT %s OFFSET %s
Params: ['Региональное соревнованиие "Надежды России"', 'Мальчики', datetime.date(2026, 1, 13), 'до 12 лет', 1, 0]
2026-01-15 17:20:49,372 - ERROR - Необработанное исключение: TitleDoesNotExist: <Model: Title> instance matching query does not exist:
SQL: SELECT `t1`.`id`, `t1`.`name`, `t1`.`sredi`, `t1`.`vozrast`, `t1`.`data_start`, `t1`.`data_end`, `t1`.`mesto`, `t1`.`referee`, `t1`.`kat_ref`, `t1`.`secretary`, `t1`.`kat_sec`, `t1`.`gamer`, `t1`.`full_name_comp`, `t1`.`pdf_comp`, `t1`.`short_name_comp`, `t1`.`tab_enabled`, `t1`.`multiregion`, `t1`.`perenos`, `t1`.`otchestvo`, `t1`.`r_date` FROM `titles` AS `t1` WHERE (((`t1`.`name` = %s) AND (`t1`.`gamer` = %s)) AND ((`t1`.`data_start` = %s) AND (`t1`.`vozrast` = %s))) LIMIT %s OFFSET %s
Params: ['Региональное соревнованиие "Надежды России"', 'Мальчики', datetime.date(2026, 1, 13), 'до 12 лет', 1, 0]
2026-01-15 17:20:49,373 - ERROR - Трассировка стека:
Traceback (most recent call last):
  File "C:\Users\Alex_SSHOR13\Competitions_TT\venv\Lib\site-packages\peewee.py", line 7297, in get
    return clone.execute(database)[0]
           ~~~~~~~~~~~~~~~~~~~~~~~^^^
  File "C:\Users\Alex_SSHOR13\Competitions_TT\venv\Lib\site-packages\peewee.py", line 4583, in __getitem__
    return self.row_cache[item]
           ~~~~~~~~~~~~~~^^^^^^
IndexError: list index out of range

During handling of the above exception, another exception occurred:

Traceback (most recent call last):
  File "c:\Users\Alex_SSHOR13\Competitions_TT\main.py", line 4190, in tool_page
    page()
  File "c:\Users\Alex_SSHOR13\Competitions_TT\main.py", line 4197, in page
    sf = System.select().where(System.title_id == title_id())
                                                  ^^^^^^^^^^
  File "c:\Users\Alex_SSHOR13\Competitions_TT\main.py", line 12945, in title_id
    titles = titles_data.select().where((Title.data_start == data) & (Title.vozrast == age)).get()
             ^^^^^^^^^^^^^^^^^^^^^^^^^^^^^^^^^^^^^^^^^^^^^^^^^^^^^^^^^^^^^^^^^^^^^^^^^^^^^^^^^^^^^
  File "C:\Users\Alex_SSHOR13\Competitions_TT\venv\Lib\site-packages\peewee.py", line 7300, in get
    raise self.model.DoesNotExist('%s instance matching query does '
models.TitleDoesNotExist: <Model: Title> instance matching query does not exist:
SQL: SELECT `t1`.`id`, `t1`.`name`, `t1`.`sredi`, `t1`.`vozrast`, `t1`.`data_start`, `t1`.`data_end`, `t1`.`mesto`, `t1`.`referee`, `t1`.`kat_ref`, `t1`.`secretary`, `t1`.`kat_sec`, `t1`.`gamer`, `t1`.`full_name_comp`, `t1`.`pdf_comp`, `t1`.`short_name_comp`, `t1`.`tab_enabled`, `t1`.`multiregion`, `t1`.`perenos`, `t1`.`otchestvo`, `t1`.`r_date` FROM `titles` AS `t1` WHERE (((`t1`.`name` = %s) AND (`t1`.`gamer` = %s)) AND ((`t1`.`data_start` = %s) AND (`t1`.`vozrast` = %s))) LIMIT %s OFFSET %s
Params: ['Региональное соревнованиие "Надежды России"', 'Мальчики', datetime.date(2026, 1, 13), 'до 12 лет', 1, 0]
2026-01-15 17:20:49,855 - ERROR - Необработанное исключение: TitleDoesNotExist: <Model: Title> instance matching query does not exist:
SQL: SELECT `t1`.`id`, `t1`.`name`, `t1`.`sredi`, `t1`.`vozrast`, `t1`.`data_start`, `t1`.`data_end`, `t1`.`mesto`, `t1`.`referee`, `t1`.`kat_ref`, `t1`.`secretary`, `t1`.`kat_sec`, `t1`.`gamer`, `t1`.`full_name_comp`, `t1`.`pdf_comp`, `t1`.`short_name_comp`, `t1`.`tab_enabled`, `t1`.`multiregion`, `t1`.`perenos`, `t1`.`otchestvo`, `t1`.`r_date` FROM `titles` AS `t1` WHERE (((`t1`.`name` = %s) AND (`t1`.`gamer` = %s)) AND ((`t1`.`data_start` = %s) AND (`t1`.`vozrast` = %s))) LIMIT %s OFFSET %s
Params: ['Региональное соревнованиие "Надежды России"', 'Мальчики', datetime.date(2026, 1, 13), 'до 12 лет', 1, 0]
2026-01-15 17:20:49,856 - ERROR - Трассировка стека:
Traceback (most recent call last):
  File "C:\Users\Alex_SSHOR13\Competitions_TT\venv\Lib\site-packages\peewee.py", line 7297, in get
    return clone.execute(database)[0]
           ~~~~~~~~~~~~~~~~~~~~~~~^^^
  File "C:\Users\Alex_SSHOR13\Competitions_TT\venv\Lib\site-packages\peewee.py", line 4583, in __getitem__
    return self.row_cache[item]
           ~~~~~~~~~~~~~~^^^^^^
IndexError: list index out of range

During handling of the above exception, another exception occurred:

Traceback (most recent call last):
  File "c:\Users\Alex_SSHOR13\Competitions_TT\main.py", line 4190, in tool_page
    page()
  File "c:\Users\Alex_SSHOR13\Competitions_TT\main.py", line 4197, in page
    sf = System.select().where(System.title_id == title_id())
                                                  ^^^^^^^^^^
  File "c:\Users\Alex_SSHOR13\Competitions_TT\main.py", line 12945, in title_id
    titles = titles_data.select().where((Title.data_start == data) & (Title.vozrast == age)).get()
             ^^^^^^^^^^^^^^^^^^^^^^^^^^^^^^^^^^^^^^^^^^^^^^^^^^^^^^^^^^^^^^^^^^^^^^^^^^^^^^^^^^^^^
  File "C:\Users\Alex_SSHOR13\Competitions_TT\venv\Lib\site-packages\peewee.py", line 7300, in get
    raise self.model.DoesNotExist('%s instance matching query does '
models.TitleDoesNotExist: <Model: Title> instance matching query does not exist:
SQL: SELECT `t1`.`id`, `t1`.`name`, `t1`.`sredi`, `t1`.`vozrast`, `t1`.`data_start`, `t1`.`data_end`, `t1`.`mesto`, `t1`.`referee`, `t1`.`kat_ref`, `t1`.`secretary`, `t1`.`kat_sec`, `t1`.`gamer`, `t1`.`full_name_comp`, `t1`.`pdf_comp`, `t1`.`short_name_comp`, `t1`.`tab_enabled`, `t1`.`multiregion`, `t1`.`perenos`, `t1`.`otchestvo`, `t1`.`r_date` FROM `titles` AS `t1` WHERE (((`t1`.`name` = %s) AND (`t1`.`gamer` = %s)) AND ((`t1`.`data_start` = %s) AND (`t1`.`vozrast` = %s))) LIMIT %s OFFSET %s
Params: ['Региональное соревнованиие "Надежды России"', 'Мальчики', datetime.date(2026, 1, 13), 'до 12 лет', 1, 0]
