2026-01-10 14:18:41,718 - ERROR - Необработанное исключение: TypeError: index 0 has type 'datetime.date' but 'str' is expected
2026-01-10 14:18:41,719 - ERROR - Трассировка стека:
Traceback (most recent call last):
  File "c:\Users\Alex\Competitions_TT\main.py", line 19974, in schedule_net
    load_combo_schedule_date()
    ~~~~~~~~~~~~~~~~~~~~~~~~^^
  File "c:\Users\Alex\Competitions_TT\main.py", line 20237, in load_combo_schedule_date
    my_win.comboBox_schedule_date.addItems(date_list)
    ~~~~~~~~~~~~~~~~~~~~~~~~~~~~~~~~~~~~~~^^^^^^^^^^^
TypeError: index 0 has type 'datetime.date' but 'str' is expected
2026-01-10 14:18:48,595 - ERROR - Необработанное исключение: TypeError: index 0 has type 'datetime.date' but 'str' is expected
2026-01-10 14:18:48,595 - ERROR - Трассировка стека:
Traceback (most recent call last):
  File "c:\Users\Alex\Competitions_TT\main.py", line 19974, in schedule_net
    load_combo_schedule_date()
    ~~~~~~~~~~~~~~~~~~~~~~~~^^
  File "c:\Users\Alex\Competitions_TT\main.py", line 20237, in load_combo_schedule_date
    my_win.comboBox_schedule_date.addItems(date_list)
    ~~~~~~~~~~~~~~~~~~~~~~~~~~~~~~~~~~~~~~^^^^^^^^^^^
TypeError: index 0 has type 'datetime.date' but 'str' is expected
