2026-03-18 14:24:33,791 - ERROR - Необработанное исключение: TypeError: argument of type 'function' is not iterable
2026-03-18 14:24:33,792 - ERROR - Трассировка стека:
Traceback (most recent call last):
  File "c:\Users\Alex_SSHOR13\Competitions_TT\main.py", line 23158, in load_combo_schedule_tours
    if tour not in tours_list:
       ^^^^^^^^^^^^^^^^^^^^^^
TypeError: argument of type 'function' is not iterable
2026-03-18 14:26:34,682 - ERROR - Необработанное исключение: CoachDoesNotExist: <Model: Coach> instance matching query does not exist:
SQL: SELECT `t1`.`id`, `t1`.`coach` FROM `coachs` AS `t1` WHERE (`t1`.`id` = %s) LIMIT %s OFFSET %s
Params: ['14 группа', 1, 0]
2026-03-18 14:26:34,684 - ERROR - Трассировка стека:
Traceback (most recent call last):
  File "C:\Users\Alex_SSHOR13\Competitions_TT\venv\Lib\site-packages\peewee.py", line 7297, in get
    return clone.execute(database)[0]
           ~~~~~~~~~~~~~~~~~~~~~~~^^^
  File "C:\Users\Alex_SSHOR13\Competitions_TT\venv\Lib\site-packages\peewee.py", line 4583, in __getitem__
    return self.row_cache[item]
           ~~~~~~~~~~~~~~^^^^^^
IndexError: list index out of range

During handling of the above exception, another exception occurred:

Traceback (most recent call last):
  File "c:\Users\Alex_SSHOR13\Competitions_TT\main.py", line 13290, in choice_filter_on_system
    fill_table(player_list)
  File "c:\Users\Alex_SSHOR13\Competitions_TT\main.py", line 3042, in fill_table
    coach = Coach.get(Coach.id == coach_id)
            ^^^^^^^^^^^^^^^^^^^^^^^^^^^^^^^
  File "C:\Users\Alex_SSHOR13\Competitions_TT\venv\Lib\site-packages\peewee.py", line 6840, in get
    return sq.get()
           ^^^^^^^^
  File "C:\Users\Alex_SSHOR13\Competitions_TT\venv\Lib\site-packages\peewee.py", line 7300, in get
    raise self.model.DoesNotExist('%s instance matching query does '
models.CoachDoesNotExist: <Model: Coach> instance matching query does not exist:
SQL: SELECT `t1`.`id`, `t1`.`coach` FROM `coachs` AS `t1` WHERE (`t1`.`id` = %s) LIMIT %s OFFSET %s
Params: ['14 группа', 1, 0]
2026-03-18 14:39:58,824 - ERROR - Необработанное исключение: UnboundLocalError: cannot access local variable 'begunki_data' where it is not associated with a value
2026-03-18 14:39:58,825 - ERROR - Трассировка стека:
Traceback (most recent call last):
  File "c:\Users\Alex_SSHOR13\Competitions_TT\main.py", line 15169, in begunki_made
    pdf.add_begunki(begunki_data)
                    ^^^^^^^^^^^^
UnboundLocalError: cannot access local variable 'begunki_data' where it is not associated with a value
2026-03-18 14:41:04,356 - ERROR - Необработанное исключение: UnboundLocalError: cannot access local variable 'begunki_data' where it is not associated with a value
2026-03-18 14:41:04,357 - ERROR - Трассировка стека:
Traceback (most recent call last):
  File "c:\Users\Alex_SSHOR13\Competitions_TT\main.py", line 15169, in begunki_made
    pdf.add_begunki(begunki_data)
                    ^^^^^^^^^^^^
UnboundLocalError: cannot access local variable 'begunki_data' where it is not associated with a value
2026-03-18 14:42:11,933 - ERROR - Необработанное исключение: UnboundLocalError: cannot access local variable 'begunki_data' where it is not associated with a value
2026-03-18 14:42:11,934 - ERROR - Трассировка стека:
Traceback (most recent call last):
  File "c:\Users\Alex_SSHOR13\Competitions_TT\main.py", line 15169, in begunki_made
    pdf.add_begunki(begunki_data)
                    ^^^^^^^^^^^^
UnboundLocalError: cannot access local variable 'begunki_data' where it is not associated with a value
2026-03-18 14:45:36,325 - ERROR - Необработанное исключение: UnboundLocalError: cannot access local variable 'begunki_data' where it is not associated with a value
2026-03-18 14:45:36,326 - ERROR - Трассировка стека:
Traceback (most recent call last):
  File "c:\Users\Alex_SSHOR13\Competitions_TT\main.py", line 15169, in begunki_made
    pdf.add_begunki(begunki_data)
                    ^^^^^^^^^^^^
UnboundLocalError: cannot access local variable 'begunki_data' where it is not associated with a value
2026-03-18 14:50:51,077 - ERROR - Необработанное исключение: UnboundLocalError: cannot access local variable 'begunki_data' where it is not associated with a value
2026-03-18 14:50:51,078 - ERROR - Трассировка стека:
Traceback (most recent call last):
  File "c:\Users\Alex_SSHOR13\Competitions_TT\main.py", line 15169, in begunki_made
    pdf.add_begunki(begunki_data)
                    ^^^^^^^^^^^^
UnboundLocalError: cannot access local variable 'begunki_data' where it is not associated with a value
2026-03-18 14:56:00,796 - ERROR - Необработанное исключение: UnboundLocalError: cannot access local variable 'begunki_data' where it is not associated with a value
2026-03-18 14:56:00,797 - ERROR - Трассировка стека:
Traceback (most recent call last):
  File "c:\Users\Alex_SSHOR13\Competitions_TT\main.py", line 15169, in begunki_made
    pdf.add_begunki(begunki_data)
                    ^^^^^^^^^^^^
UnboundLocalError: cannot access local variable 'begunki_data' where it is not associated with a value
2026-03-18 14:57:43,658 - ERROR - Необработанное исключение: TypeError: argument of type 'function' is not iterable
2026-03-18 14:57:43,658 - ERROR - Трассировка стека:
Traceback (most recent call last):
  File "c:\Users\Alex_SSHOR13\Competitions_TT\main.py", line 23158, in load_combo_schedule_tours
    if tour not in tours_list:
       ^^^^^^^^^^^^^^^^^^^^^^
TypeError: argument of type 'function' is not iterable
2026-03-18 16:45:42,189 - ERROR - Необработанное исключение: SystemDoesNotExist: <Model: System> instance matching query does not exist:
SQL: SELECT `t1`.`id`, `t1`.`title_id`, `t1`.`total_athletes`, `t1`.`total_group`, `t1`.`max_player`, `t1`.`stage`, `t1`.`type_table`, `t1`.`page_vid`, `t1`.`label_string`, `t1`.`kol_game_string`, `t1`.`choice_flag`, `t1`.`score_flag`, `t1`.`visible_game`, `t1`.`stage_exit`, `t1`.`mesta_exit`, `t1`.`no_game`, `t1`.`sex` FROM `system` AS `t1` WHERE ((`t1`.`title_id` = %s) AND (`t1`.`stage` = %s)) LIMIT %s OFFSET %s
Params: [70, 'Парный разряд', 1, 0]
2026-03-18 16:45:42,190 - ERROR - Трассировка стека:
Traceback (most recent call last):
  File "C:\Users\Alex_SSHOR13\Competitions_TT\venv\Lib\site-packages\peewee.py", line 7297, in get
    return clone.execute(database)[0]
           ~~~~~~~~~~~~~~~~~~~~~~~^^^
  File "C:\Users\Alex_SSHOR13\Competitions_TT\venv\Lib\site-packages\peewee.py", line 4583, in __getitem__
    return self.row_cache[item]
           ~~~~~~~~~~~~~~^^^^^^
IndexError: list index out of range

During handling of the above exception, another exception occurred:

Traceback (most recent call last):
  File "c:\Users\Alex_SSHOR13\Competitions_TT\main.py", line 4335, in tool_page
    page()
  File "c:\Users\Alex_SSHOR13\Competitions_TT\main.py", line 4768, in page
    id_sys = sf.select().where(System.stage == "Парный разряд").get()
             ^^^^^^^^^^^^^^^^^^^^^^^^^^^^^^^^^^^^^^^^^^^^^^^^^^^^^^^^
  File "C:\Users\Alex_SSHOR13\Competitions_TT\venv\Lib\site-packages\peewee.py", line 7300, in get
    raise self.model.DoesNotExist('%s instance matching query does '
models.SystemDoesNotExist: <Model: System> instance matching query does not exist:
SQL: SELECT `t1`.`id`, `t1`.`title_id`, `t1`.`total_athletes`, `t1`.`total_group`, `t1`.`max_player`, `t1`.`stage`, `t1`.`type_table`, `t1`.`page_vid`, `t1`.`label_string`, `t1`.`kol_game_string`, `t1`.`choice_flag`, `t1`.`score_flag`, `t1`.`visible_game`, `t1`.`stage_exit`, `t1`.`mesta_exit`, `t1`.`no_game`, `t1`.`sex` FROM `system` AS `t1` WHERE ((`t1`.`title_id` = %s) AND (`t1`.`stage` = %s)) LIMIT %s OFFSET %s
Params: [70, 'Парный разряд', 1, 0]
2026-03-18 16:47:41,921 - ERROR - Необработанное исключение: SystemDoesNotExist: <Model: System> instance matching query does not exist:
SQL: SELECT `t1`.`id`, `t1`.`title_id`, `t1`.`total_athletes`, `t1`.`total_group`, `t1`.`max_player`, `t1`.`stage`, `t1`.`type_table`, `t1`.`page_vid`, `t1`.`label_string`, `t1`.`kol_game_string`, `t1`.`choice_flag`, `t1`.`score_flag`, `t1`.`visible_game`, `t1`.`stage_exit`, `t1`.`mesta_exit`, `t1`.`no_game`, `t1`.`sex` FROM `system` AS `t1` WHERE ((`t1`.`title_id` = %s) AND (`t1`.`stage` = %s)) LIMIT %s OFFSET %s
Params: [70, 'Парный разряд', 1, 0]
2026-03-18 16:47:41,922 - ERROR - Трассировка стека:
Traceback (most recent call last):
  File "C:\Users\Alex_SSHOR13\Competitions_TT\venv\Lib\site-packages\peewee.py", line 7297, in get
    return clone.execute(database)[0]
           ~~~~~~~~~~~~~~~~~~~~~~~^^^
  File "C:\Users\Alex_SSHOR13\Competitions_TT\venv\Lib\site-packages\peewee.py", line 4583, in __getitem__
    return self.row_cache[item]
           ~~~~~~~~~~~~~~^^^^^^
IndexError: list index out of range

During handling of the above exception, another exception occurred:

Traceback (most recent call last):
  File "c:\Users\Alex_SSHOR13\Competitions_TT\main.py", line 4335, in tool_page
    page()
  File "c:\Users\Alex_SSHOR13\Competitions_TT\main.py", line 4768, in page
    id_sys = sf.select().where(System.stage == "Парный разряд").get()
             ^^^^^^^^^^^^^^^^^^^^^^^^^^^^^^^^^^^^^^^^^^^^^^^^^^^^^^^^
  File "C:\Users\Alex_SSHOR13\Competitions_TT\venv\Lib\site-packages\peewee.py", line 7300, in get
    raise self.model.DoesNotExist('%s instance matching query does '
models.SystemDoesNotExist: <Model: System> instance matching query does not exist:
SQL: SELECT `t1`.`id`, `t1`.`title_id`, `t1`.`total_athletes`, `t1`.`total_group`, `t1`.`max_player`, `t1`.`stage`, `t1`.`type_table`, `t1`.`page_vid`, `t1`.`label_string`, `t1`.`kol_game_string`, `t1`.`choice_flag`, `t1`.`score_flag`, `t1`.`visible_game`, `t1`.`stage_exit`, `t1`.`mesta_exit`, `t1`.`no_game`, `t1`.`sex` FROM `system` AS `t1` WHERE ((`t1`.`title_id` = %s) AND (`t1`.`stage` = %s)) LIMIT %s OFFSET %s
Params: [70, 'Парный разряд', 1, 0]
2026-03-18 16:49:33,842 - ERROR - Необработанное исключение: SystemDoesNotExist: <Model: System> instance matching query does not exist:
SQL: SELECT `t1`.`id`, `t1`.`title_id`, `t1`.`total_athletes`, `t1`.`total_group`, `t1`.`max_player`, `t1`.`stage`, `t1`.`type_table`, `t1`.`page_vid`, `t1`.`label_string`, `t1`.`kol_game_string`, `t1`.`choice_flag`, `t1`.`score_flag`, `t1`.`visible_game`, `t1`.`stage_exit`, `t1`.`mesta_exit`, `t1`.`no_game`, `t1`.`sex` FROM `system` AS `t1` WHERE ((`t1`.`title_id` = %s) AND (`t1`.`stage` = %s)) LIMIT %s OFFSET %s
Params: [70, 'Парный разряд', 1, 0]
2026-03-18 16:49:33,843 - ERROR - Трассировка стека:
Traceback (most recent call last):
  File "C:\Users\Alex_SSHOR13\Competitions_TT\venv\Lib\site-packages\peewee.py", line 7297, in get
    return clone.execute(database)[0]
           ~~~~~~~~~~~~~~~~~~~~~~~^^^
  File "C:\Users\Alex_SSHOR13\Competitions_TT\venv\Lib\site-packages\peewee.py", line 4583, in __getitem__
    return self.row_cache[item]
           ~~~~~~~~~~~~~~^^^^^^
IndexError: list index out of range

During handling of the above exception, another exception occurred:

Traceback (most recent call last):
  File "c:\Users\Alex_SSHOR13\Competitions_TT\main.py", line 4335, in tool_page
    page()
  File "c:\Users\Alex_SSHOR13\Competitions_TT\main.py", line 4768, in page
    id_sys = sf.select().where(System.stage == "Парный разряд").get()
             ^^^^^^^^^^^^^^^^^^^^^^^^^^^^^^^^^^^^^^^^^^^^^^^^^^^^^^^^
  File "C:\Users\Alex_SSHOR13\Competitions_TT\venv\Lib\site-packages\peewee.py", line 7300, in get
    raise self.model.DoesNotExist('%s instance matching query does '
models.SystemDoesNotExist: <Model: System> instance matching query does not exist:
SQL: SELECT `t1`.`id`, `t1`.`title_id`, `t1`.`total_athletes`, `t1`.`total_group`, `t1`.`max_player`, `t1`.`stage`, `t1`.`type_table`, `t1`.`page_vid`, `t1`.`label_string`, `t1`.`kol_game_string`, `t1`.`choice_flag`, `t1`.`score_flag`, `t1`.`visible_game`, `t1`.`stage_exit`, `t1`.`mesta_exit`, `t1`.`no_game`, `t1`.`sex` FROM `system` AS `t1` WHERE ((`t1`.`title_id` = %s) AND (`t1`.`stage` = %s)) LIMIT %s OFFSET %s
Params: [70, 'Парный разряд', 1, 0]
2026-03-18 16:52:05,629 - ERROR - Необработанное исключение: UnboundLocalError: cannot access local variable 'begunki_data' where it is not associated with a value
2026-03-18 16:52:05,630 - ERROR - Трассировка стека:
Traceback (most recent call last):
  File "c:\Users\Alex_SSHOR13\Competitions_TT\main.py", line 15169, in begunki_made
    pdf.add_begunki(begunki_data)
                    ^^^^^^^^^^^^
UnboundLocalError: cannot access local variable 'begunki_data' where it is not associated with a value
2026-03-18 16:52:16,790 - ERROR - Необработанное исключение: IndexError: list index out of range
2026-03-18 16:52:16,791 - ERROR - Трассировка стека:
Traceback (most recent call last):
  File "c:\Users\Alex_SSHOR13\Competitions_TT\main.py", line 1046, in choice
    choice_semifinal_automat(stage)
  File "c:\Users\Alex_SSHOR13\Competitions_TT\main.py", line 9135, in choice_semifinal_automat
    player_in_table_group_and_write_Game_list_Result(stage)
  File "c:\Users\Alex_SSHOR13\Competitions_TT\main.py", line 6792, in player_in_table_group_and_write_Game_list_Result
    pl2_id = gr[second * 2 - 2][1]  # фамилия второго игрока
             ~~^^^^^^^^^^^^^^^^
IndexError: list index out of range
2026-03-18 16:59:00,522 - ERROR - Необработанное исключение: UnboundLocalError: cannot access local variable 'stage' where it is not associated with a value
2026-03-18 16:59:00,522 - ERROR - Трассировка стека:
Traceback (most recent call last):
  File "c:\Users\Alex_SSHOR13\Competitions_TT\main.py", line 13181, in change_player_between_group_after_draw
    player_in_table_group_and_write_Game_list_Result(stage)
                                                    ^^^^^
UnboundLocalError: cannot access local variable 'stage' where it is not associated with a value
2026-03-18 17:01:22,573 - ERROR - Необработанное исключение: UnboundLocalError: cannot access local variable 'begunki_data' where it is not associated with a value
2026-03-18 17:01:22,573 - ERROR - Трассировка стека:
Traceback (most recent call last):
  File "c:\Users\Alex_SSHOR13\Competitions_TT\main.py", line 15169, in begunki_made
    pdf.add_begunki(begunki_data)
                    ^^^^^^^^^^^^
UnboundLocalError: cannot access local variable 'begunki_data' where it is not associated with a value
