2025-12-09 12:03:26,183 - ERROR - Необработанное исключение: AttributeError: 'NoneType' object has no attribute 'keys'
2025-12-09 12:03:26,185 - ERROR - Трассировка стека:
Traceback (most recent call last):
  File "c:\Users\Alex\Competitions_TT\main.py", line 1144, in choice
    posev_data = player_choice_in_setka(fin)
  File "c:\Users\Alex\Competitions_TT\main.py", line 18004, in player_choice_in_setka
    posev = choice_setka_automat(fin, flag, count_exit)
  File "c:\Users\Alex\Competitions_TT\main.py", line 9519, in choice_setka_automat
    player_choice_in_setka(fin)
    ~~~~~~~~~~~~~~~~~~~~~~^^^^^
  File "c:\Users\Alex\Competitions_TT\main.py", line 18004, in player_choice_in_setka
    posev = choice_setka_automat(fin, flag, count_exit)
  File "c:\Users\Alex\Competitions_TT\main.py", line 9512, in choice_setka_automat
    choice_setka_automat(fin, flag, count_exit)
    ~~~~~~~~~~~~~~~~~~~~^^^^^^^^^^^^^^^^^^^^^^^
  File "c:\Users\Alex\Competitions_TT\main.py", line 9519, in choice_setka_automat
    player_choice_in_setka(fin)
    ~~~~~~~~~~~~~~~~~~~~~~^^^^^
  File "c:\Users\Alex\Competitions_TT\main.py", line 18007, in player_choice_in_setka
    for key in posev.keys():
               ^^^^^^^^^^
AttributeError: 'NoneType' object has no attribute 'keys'
2025-12-09 12:04:09,516 - ERROR - Необработанное исключение: AttributeError: 'ModelSelect' object has no attribute 'fio_city'
2025-12-09 12:04:09,516 - ERROR - Трассировка стека:
Traceback (most recent call last):
  File "c:\Users\Alex\Competitions_TT\main.py", line 1145, in choice
    player_in_setka_and_write_Game_list_and_Result(fin, posev_data)
    ~~~~~~~~~~~~~~~~~~~~~~~~~~~~~~~~~~~~~~~~~~~~~~^^^^^^^^^^^^^^^^^
  File "c:\Users\Alex\Competitions_TT\main.py", line 5842, in player_in_setka_and_write_Game_list_and_Result
    all_list = setka_data(fin, posev_data)
  File "c:\Users\Alex\Competitions_TT\main.py", line 16544, in setka_data
    name_list = full_player_id(family) # словарь {name: фамилия/город, id: номер игрока}, {name: фамилия, id: номер мгрока}
  File "c:\Users\Alex\Competitions_TT\main.py", line 16582, in full_player_id
    pl_id = player.select().where(player.fio_city == family).get()
                                  ^^^^^^^^^^^^^^^
AttributeError: 'ModelSelect' object has no attribute 'fio_city'
