2026-04-01 11:03:28,801 - ERROR - Необработанное исключение: IndexError: list index out of range
2026-04-01 11:03:28,802 - ERROR - Трассировка стека:
Traceback (most recent call last):
  File "c:\Users\Alex\Competitions_TT\main.py", line 1031, in choice
    choice_semifinal_automat(stage)
    ~~~~~~~~~~~~~~~~~~~~~~~~^^^^^^^
  File "c:\Users\Alex\Competitions_TT\main.py", line 9248, in choice_semifinal_automat
    sf1_groups = create_semi_final_1(mesto_first)
  File "c:\Users\Alex\Competitions_TT\main.py", line 9463, in create_semi_final_1
    flag_same = 1
    
IndexError: list index out of range
2026-04-01 11:03:46,835 - ERROR - Необработанное исключение: IndexError: list index out of range
2026-04-01 11:03:46,835 - ERROR - Трассировка стека:
Traceback (most recent call last):
  File "c:\Users\Alex\Competitions_TT\main.py", line 1031, in choice
    choice_semifinal_automat(stage)
    ~~~~~~~~~~~~~~~~~~~~~~~~^^^^^^^
  File "c:\Users\Alex\Competitions_TT\main.py", line 9248, in choice_semifinal_automat
    sf1_groups = create_semi_final_1(mesto_first)
  File "c:\Users\Alex\Competitions_TT\main.py", line 9463, in create_semi_final_1
    flag_same = 1
    
IndexError: list index out of range
