2026-03-19 09:30:36,172 - ERROR - Необработанное исключение: UnboundLocalError: cannot access local variable 'begunki_data' where it is not associated with a value
2026-03-19 09:30:36,172 - ERROR - Трассировка стека:
Traceback (most recent call last):
  File "c:\Users\Alex_SSHOR13\Competitions_TT\main.py", line 15170, in begunki_made
    pdf.add_begunki(begunki_data)
                    ^^^^^^^^^^^^
UnboundLocalError: cannot access local variable 'begunki_data' where it is not associated with a value
2026-03-19 09:34:50,008 - ERROR - Необработанное исключение: UnboundLocalError: cannot access local variable 'begunki_data' where it is not associated with a value
2026-03-19 09:34:50,010 - ERROR - Трассировка стека:
Traceback (most recent call last):
  File "c:\Users\Alex_SSHOR13\Competitions_TT\main.py", line 15170, in begunki_made
    pdf.add_begunki(begunki_data)
                    ^^^^^^^^^^^^
UnboundLocalError: cannot access local variable 'begunki_data' where it is not associated with a value
2026-03-19 09:40:33,291 - ERROR - Необработанное исключение: UnboundLocalError: cannot access local variable 'begunki_data' where it is not associated with a value
2026-03-19 09:40:33,292 - ERROR - Трассировка стека:
Traceback (most recent call last):
  File "c:\Users\Alex_SSHOR13\Competitions_TT\main.py", line 15170, in begunki_made
    pdf.add_begunki(begunki_data)
                    ^^^^^^^^^^^^
UnboundLocalError: cannot access local variable 'begunki_data' where it is not associated with a value
2026-03-19 09:45:32,019 - ERROR - Необработанное исключение: UnboundLocalError: cannot access local variable 'begunki_data' where it is not associated with a value
2026-03-19 09:45:32,020 - ERROR - Трассировка стека:
Traceback (most recent call last):
  File "c:\Users\Alex_SSHOR13\Competitions_TT\main.py", line 15170, in begunki_made
    pdf.add_begunki(begunki_data)
                    ^^^^^^^^^^^^
UnboundLocalError: cannot access local variable 'begunki_data' where it is not associated with a value
2026-03-19 09:51:46,507 - ERROR - Необработанное исключение: UnboundLocalError: cannot access local variable 'begunki_data' where it is not associated with a value
2026-03-19 09:51:46,507 - ERROR - Трассировка стека:
Traceback (most recent call last):
  File "c:\Users\Alex_SSHOR13\Competitions_TT\main.py", line 15170, in begunki_made
    pdf.add_begunki(begunki_data)
                    ^^^^^^^^^^^^
UnboundLocalError: cannot access local variable 'begunki_data' where it is not associated with a value
