2025-10-22 12:36:24,269 - ERROR - Необработанное исключение: TypeError: 'NoneType' object is not subscriptable
2025-10-22 12:36:24,270 - ERROR - Трассировка стека:
Traceback (most recent call last):
  File "c:\Users\Alex_SSHOR13\Competitions_TT\main.py", line 3822, in dclick_in_listwidget
    flag_player = player_full[5] # если 0 то спортсмен есть в базе, 1 есть в базе, но у него другой город, 2 новый спортсмен с таким же именем и др
                  ~~~~~~~~~~~^^^
TypeError: 'NoneType' object is not subscriptable
2025-10-22 12:37:20,341 - ERROR - Необработанное исключение: TypeError: 'NoneType' object is not subscriptable
2025-10-22 12:37:20,341 - ERROR - Трассировка стека:
Traceback (most recent call last):
  File "c:\Users\Alex_SSHOR13\Competitions_TT\main.py", line 3822, in dclick_in_listwidget
    flag_player = player_full[5] # если 0 то спортсмен есть в базе, 1 есть в базе, но у него другой город, 2 новый спортсмен с таким же именем и др
                  ~~~~~~~~~~~^^^
TypeError: 'NoneType' object is not subscriptable
2025-10-22 12:39:31,033 - ERROR - Необработанное исключение: TypeError: 'NoneType' object is not subscriptable
2025-10-22 12:39:31,034 - ERROR - Трассировка стека:
Traceback (most recent call last):
  File "c:\Users\Alex_SSHOR13\Competitions_TT\main.py", line 3822, in dclick_in_listwidget
    flag_player = player_full[5] # если 0 то спортсмен есть в базе, 1 есть в базе, но у него другой город, 2 новый спортсмен с таким же именем и др
                  ~~~~~~~~~~~^^^
TypeError: 'NoneType' object is not subscriptable
