2026-02-16 12:00:36,926 - ERROR - Необработанное исключение: ChoiceDoesNotExist: <Model: Choice> instance matching query does not exist:
SQL: SELECT `t1`.`id`, `t1`.`player_choice_id`, `t1`.`family`, `t1`.`region`, `t1`.`coach`, `t1`.`rank`, `t1`.`basic`, `t1`.`group`, `t1`.`posev_group`, `t1`.`mesto_group`, `t1`.`semi_final`, `t1`.`sf_group`, `t1`.`posev_sf`, `t1`.`mesto_semi_final`, `t1`.`final`, `t1`.`posev_final`, `t1`.`mesto_final`, `t1`.`super_final`, `t1`.`title_id`, `t1`.`sex` FROM `choices` AS `t1` WHERE (`t1`.`player_choice_id` = %s) LIMIT %s OFFSET %s
Params: [3495, 1, 0]
2026-02-16 12:00:36,926 - ERROR - Трассировка стека:
Traceback (most recent call last):
  File "C:\Users\Alex_SSHOR13\Competitions_TT\venv\Lib\site-packages\peewee.py", line 7297, in get
    return clone.execute(database)[0]
           ~~~~~~~~~~~~~~~~~~~~~~~^^^
  File "C:\Users\Alex_SSHOR13\Competitions_TT\venv\Lib\site-packages\peewee.py", line 4583, in __getitem__
    return self.row_cache[item]
           ~~~~~~~~~~~~~~^^^^^^
IndexError: list index out of range

During handling of the above exception, another exception occurred:

Traceback (most recent call last):
  File "c:\Users\Alex_SSHOR13\Competitions_TT\main.py", line 3512, in add_player
    choices = Choice.select().where(Choice.player_choice_id == pl_id).get()
              ^^^^^^^^^^^^^^^^^^^^^^^^^^^^^^^^^^^^^^^^^^^^^^^^^^^^^^^^^^^^^
  File "C:\Users\Alex_SSHOR13\Competitions_TT\venv\Lib\site-packages\peewee.py", line 7300, in get
    raise self.model.DoesNotExist('%s instance matching query does '
models.ChoiceDoesNotExist: <Model: Choice> instance matching query does not exist:
SQL: SELECT `t1`.`id`, `t1`.`player_choice_id`, `t1`.`family`, `t1`.`region`, `t1`.`coach`, `t1`.`rank`, `t1`.`basic`, `t1`.`group`, `t1`.`posev_group`, `t1`.`mesto_group`, `t1`.`semi_final`, `t1`.`sf_group`, `t1`.`posev_sf`, `t1`.`mesto_semi_final`, `t1`.`final`, `t1`.`posev_final`, `t1`.`mesto_final`, `t1`.`super_final`, `t1`.`title_id`, `t1`.`sex` FROM `choices` AS `t1` WHERE (`t1`.`player_choice_id` = %s) LIMIT %s OFFSET %s
Params: [3495, 1, 0]
