2025-10-25 12:32:26,113 - ERROR - Необработанное исключение: ValueError: substring not found
2025-10-25 12:32:26,115 - ERROR - Трассировка стека:
Traceback (most recent call last):
  File "c:\Users\Alex_SSHOR13\Competitions_TT\main.py", line 3797, in dclick_in_listwidget
    sz = text.index(",")
         ^^^^^^^^^^^^^^^
ValueError: substring not found
2025-10-25 12:32:27,235 - ERROR - Необработанное исключение: ValueError: substring not found
2025-10-25 12:32:27,236 - ERROR - Трассировка стека:
Traceback (most recent call last):
  File "c:\Users\Alex_SSHOR13\Competitions_TT\main.py", line 3797, in dclick_in_listwidget
    sz = text.index(",")
         ^^^^^^^^^^^^^^^
ValueError: substring not found
2025-10-25 12:32:28,523 - ERROR - Необработанное исключение: ValueError: substring not found
2025-10-25 12:32:28,523 - ERROR - Трассировка стека:
Traceback (most recent call last):
  File "c:\Users\Alex_SSHOR13\Competitions_TT\main.py", line 3797, in dclick_in_listwidget
    sz = text.index(",")
         ^^^^^^^^^^^^^^^
ValueError: substring not found
2025-10-25 12:32:37,994 - ERROR - Необработанное исключение: ValueError: substring not found
2025-10-25 12:32:37,995 - ERROR - Трассировка стека:
Traceback (most recent call last):
  File "c:\Users\Alex_SSHOR13\Competitions_TT\main.py", line 3797, in dclick_in_listwidget
    sz = text.index(",")
         ^^^^^^^^^^^^^^^
ValueError: substring not found
