2026-03-22 10:25:23,132 - ERROR - Необработанное исключение: FileNotFoundError: [WinError 2] Не удается найти указанный файл: 'table_pdf'
2026-03-22 10:25:23,133 - ERROR - Трассировка стека:
Traceback (most recent call last):
  File "c:\Users\Alex\Competitions_TT\main.py", line 1194, in view
    view()
    ~~~~^^
  File "c:\Users\Alex\Competitions_TT\main.py", line 6198, in view
    view_file = made_pdf_table_for_view(sender)
  File "c:\Users\Alex\Competitions_TT\main.py", line 8506, in made_pdf_table_for_view
    table_made(pv, stage)
    ~~~~~~~~~~^^^^^^^^^^^
  File "c:\Users\Alex\Competitions_TT\main.py", line 15943, in table_made
    change_dir(catalog)
    ~~~~~~~~~~^^^^^^^^^
  File "c:\Users\Alex\Competitions_TT\main.py", line 21255, in change_dir
    os.chdir("table_pdf") # переходит в каталог pdf
    ~~~~~~~~^^^^^^^^^^^^^
FileNotFoundError: [WinError 2] Не удается найти указанный файл: 'table_pdf'
2026-03-22 10:25:33,538 - ERROR - Необработанное исключение: FileNotFoundError: [WinError 3] Системе не удается найти указанный путь: 'table_pdf'
2026-03-22 10:25:33,538 - ERROR - Трассировка стека:
Traceback (most recent call last):
  File "c:\Users\Alex\Competitions_TT\main.py", line 22513, in view_all_page_pdf
    all_pdf_files_list = os.listdir("table_pdf")
FileNotFoundError: [WinError 3] Системе не удается найти указанный путь: 'table_pdf'
2026-03-22 10:26:00,929 - ERROR - Необработанное исключение: FileNotFoundError: [WinError 2] Не удается найти указанный файл: 'table_pdf'
2026-03-22 10:26:00,929 - ERROR - Трассировка стека:
Traceback (most recent call last):
  File "c:\Users\Alex\Competitions_TT\main.py", line 22710, in made_pdf_list
    list_referee_pdf()
    ~~~~~~~~~~~~~~~~^^
  File "c:\Users\Alex\Competitions_TT\main.py", line 16472, in list_referee_pdf
    change_dir(catalog)
    ~~~~~~~~~~^^^^^^^^^
  File "c:\Users\Alex\Competitions_TT\main.py", line 21255, in change_dir
    os.chdir("table_pdf") # переходит в каталог pdf
    ~~~~~~~~^^^^^^^^^^^^^
FileNotFoundError: [WinError 2] Не удается найти указанный файл: 'table_pdf'
2026-03-22 10:26:10,370 - ERROR - Необработанное исключение: FileNotFoundError: [WinError 2] Не удается найти указанный файл: 'table_pdf'
2026-03-22 10:26:10,370 - ERROR - Трассировка стека:
Traceback (most recent call last):
  File "c:\Users\Alex\Competitions_TT\main.py", line 22713, in made_pdf_list
    list_regions_pdf()
    ~~~~~~~~~~~~~~~~^^
  File "c:\Users\Alex\Competitions_TT\main.py", line 16249, in list_regions_pdf
    change_dir(catalog)
    ~~~~~~~~~~^^^^^^^^^
  File "c:\Users\Alex\Competitions_TT\main.py", line 21255, in change_dir
    os.chdir("table_pdf") # переходит в каталог pdf
    ~~~~~~~~^^^^^^^^^^^^^
FileNotFoundError: [WinError 2] Не удается найти указанный файл: 'table_pdf'
2026-03-22 10:26:13,604 - ERROR - Необработанное исключение: FileNotFoundError: [WinError 2] Не удается найти указанный файл: 'table_pdf'
2026-03-22 10:26:13,604 - ERROR - Трассировка стека:
Traceback (most recent call last):
  File "c:\Users\Alex\Competitions_TT\main.py", line 5562, in list_player_pdf
    change_dir(catalog)
    ~~~~~~~~~~^^^^^^^^^
  File "c:\Users\Alex\Competitions_TT\main.py", line 21255, in change_dir
    os.chdir("table_pdf") # переходит в каталог pdf
    ~~~~~~~~^^^^^^^^^^^^^
FileNotFoundError: [WinError 2] Не удается найти указанный файл: 'table_pdf'
2026-03-22 10:26:15,785 - ERROR - Необработанное исключение: AttributeError: 'NoneType' object has no attribute 'text'
2026-03-22 10:26:15,785 - ERROR - Трассировка стека:
Traceback (most recent call last):
  File "c:\Users\Alex\Competitions_TT\main.py", line 22715, in made_pdf_list
    list_winners_pdf()
    ~~~~~~~~~~~~~~~~^^
  File "c:\Users\Alex\Competitions_TT\main.py", line 16268, in list_winners_pdf
    bday = my_win.tableWidget.item(l, 2).text()
           ^^^^^^^^^^^^^^^^^^^^^^^^^^^^^^^^^^
AttributeError: 'NoneType' object has no attribute 'text'
2026-03-22 10:26:16,909 - ERROR - Необработанное исключение: FileNotFoundError: [WinError 2] Не удается найти указанный файл: 'table_pdf'
2026-03-22 10:26:16,910 - ERROR - Трассировка стека:
Traceback (most recent call last):
  File "c:\Users\Alex\Competitions_TT\main.py", line 22662, in made_list_players_for_pdf_file
    change_dir(catalog)
    ~~~~~~~~~~^^^^^^^^^
  File "c:\Users\Alex\Competitions_TT\main.py", line 21255, in change_dir
    os.chdir("table_pdf") # переходит в каталог pdf
    ~~~~~~~~^^^^^^^^^^^^^
FileNotFoundError: [WinError 2] Не удается найти указанный файл: 'table_pdf'
2026-03-22 10:26:17,989 - ERROR - Необработанное исключение: AttributeError: 'NoneType' object has no attribute 'text'
2026-03-22 10:26:17,990 - ERROR - Трассировка стека:
Traceback (most recent call last):
  File "c:\Users\Alex\Competitions_TT\main.py", line 22715, in made_pdf_list
    list_winners_pdf()
    ~~~~~~~~~~~~~~~~^^
  File "c:\Users\Alex\Competitions_TT\main.py", line 16268, in list_winners_pdf
    bday = my_win.tableWidget.item(l, 2).text()
           ^^^^^^^^^^^^^^^^^^^^^^^^^^^^^^^^^^
AttributeError: 'NoneType' object has no attribute 'text'
2026-03-22 10:26:25,038 - ERROR - Необработанное исключение: FileNotFoundError: [WinError 2] Не удается найти указанный файл: 'table_pdf'
2026-03-22 10:26:25,038 - ERROR - Трассировка стека:
Traceback (most recent call last):
  File "c:\Users\Alex\Competitions_TT\main.py", line 22662, in made_list_players_for_pdf_file
    change_dir(catalog)
    ~~~~~~~~~~^^^^^^^^^
  File "c:\Users\Alex\Competitions_TT\main.py", line 21255, in change_dir
    os.chdir("table_pdf") # переходит в каталог pdf
    ~~~~~~~~^^^^^^^^^^^^^
FileNotFoundError: [WinError 2] Не удается найти указанный файл: 'table_pdf'
2026-03-22 10:26:30,484 - ERROR - Необработанное исключение: FileNotFoundError: [WinError 3] Системе не удается найти указанный путь: 'table_pdf'
2026-03-22 10:26:30,485 - ERROR - Трассировка стека:
Traceback (most recent call last):
  File "c:\Users\Alex\Competitions_TT\main.py", line 22513, in view_all_page_pdf
    all_pdf_files_list = os.listdir("table_pdf")
FileNotFoundError: [WinError 3] Системе не удается найти указанный путь: 'table_pdf'
2026-03-22 10:28:00,096 - ERROR - Необработанное исключение: FileNotFoundError: [WinError 2] Не удается найти указанный файл: 'table_pdf'
2026-03-22 10:28:00,096 - ERROR - Трассировка стека:
Traceback (most recent call last):
  File "c:\Users\Alex\Competitions_TT\main.py", line 5562, in list_player_pdf
    change_dir(catalog)
    ~~~~~~~~~~^^^^^^^^^
  File "c:\Users\Alex\Competitions_TT\main.py", line 21255, in change_dir
    os.chdir("table_pdf") # переходит в каталог pdf
    ~~~~~~~~^^^^^^^^^^^^^
FileNotFoundError: [WinError 2] Не удается найти указанный файл: 'table_pdf'
2026-03-22 10:28:03,055 - ERROR - Необработанное исключение: FileNotFoundError: [WinError 2] Не удается найти указанный файл: 'table_pdf'
2026-03-22 10:28:03,056 - ERROR - Трассировка стека:
Traceback (most recent call last):
  File "c:\Users\Alex\Competitions_TT\main.py", line 22662, in made_list_players_for_pdf_file
    change_dir(catalog)
    ~~~~~~~~~~^^^^^^^^^
  File "c:\Users\Alex\Competitions_TT\main.py", line 21255, in change_dir
    os.chdir("table_pdf") # переходит в каталог pdf
    ~~~~~~~~^^^^^^^^^^^^^
FileNotFoundError: [WinError 2] Не удается найти указанный файл: 'table_pdf'
