2026-03-06 21:08:47,643 - ERROR - Необработанное исключение: ValueError: invalid literal for int() with base 10: '1-15'
2026-03-06 21:08:47,659 - ERROR - Трассировка стека:
Traceback (most recent call last):
  File "c:\Users\Alex\Competitions_TT\main.py", line 1206, in print_clear
    setka_32_full_made(fin="1-й финал") # сетка 32 прогресс
    ~~~~~~~~~~~~~~~~~~^^^^^^^^^^^^^^^^^
  File "c:\Users\Alex\Competitions_TT\main.py", line 17508, in setka_32_full_made
    style_color_schedule = schedule_data(data, fin)
  File "c:\Users\Alex\Competitions_TT\main.py", line 18176, in schedule_data
    schedule_list = find_match_numbers_in_table(data, fin)
  File "c:\Users\Alex\Competitions_TT\main.py", line 16194, in find_match_numbers_in_table
    schedule_dict = find_match_numbers_in_results_db(match_num, fin)
  File "c:\Users\Alex\Competitions_TT\main.py", line 16170, in find_match_numbers_in_results_db
    if int(num) == match_num:
       ~~~^^^^^
ValueError: invalid literal for int() with base 10: '1-15'
2026-03-06 21:09:28,608 - ERROR - Необработанное исключение: ValueError: invalid literal for int() with base 10: '1-15'
2026-03-06 21:09:28,608 - ERROR - Трассировка стека:
Traceback (most recent call last):
  File "c:\Users\Alex\Competitions_TT\main.py", line 1206, in print_clear
    setka_32_full_made(fin="1-й финал") # сетка 32 прогресс
    ~~~~~~~~~~~~~~~~~~^^^^^^^^^^^^^^^^^
  File "c:\Users\Alex\Competitions_TT\main.py", line 17508, in setka_32_full_made
    style_color_schedule = schedule_data(data, fin)
  File "c:\Users\Alex\Competitions_TT\main.py", line 18176, in schedule_data
    schedule_list = find_match_numbers_in_table(data, fin)
  File "c:\Users\Alex\Competitions_TT\main.py", line 16194, in find_match_numbers_in_table
    schedule_dict = find_match_numbers_in_results_db(match_num, fin)
  File "c:\Users\Alex\Competitions_TT\main.py", line 16170, in find_match_numbers_in_results_db
    if int(num) == match_num:
       ~~~^^^^^
ValueError: invalid literal for int() with base 10: '1-15'
