2026-02-21 12:41:35,960 - ERROR - Необработанное исключение: FileNotFoundError: [WinError 2] Не удается найти указанный файл: 'table_pdf'
2026-02-21 12:41:35,961 - ERROR - Трассировка стека:
Traceback (most recent call last):
  File "c:\Users\Alex_SSHOR13\Competitions_TT\main.py", line 1182, in view
    view()
  File "c:\Users\Alex_SSHOR13\Competitions_TT\main.py", line 5883, in view
    view_file = made_pdf_table_for_view(sender)
                ^^^^^^^^^^^^^^^^^^^^^^^^^^^^^^^
  File "c:\Users\Alex_SSHOR13\Competitions_TT\main.py", line 8160, in made_pdf_table_for_view
    table_made(pv, stage)
  File "c:\Users\Alex_SSHOR13\Competitions_TT\main.py", line 15223, in table_made
    change_dir(catalog)
  File "c:\Users\Alex_SSHOR13\Competitions_TT\main.py", line 19717, in change_dir
    os.chdir("table_pdf") # переходит в каталог pdf
    ^^^^^^^^^^^^^^^^^^^^^
FileNotFoundError: [WinError 2] Не удается найти указанный файл: 'table_pdf'
2026-02-21 12:41:42,953 - ERROR - Необработанное исключение: FileNotFoundError: [WinError 2] Не удается найти указанный файл: 'table_pdf'
2026-02-21 12:41:42,953 - ERROR - Трассировка стека:
Traceback (most recent call last):
  File "c:\Users\Alex_SSHOR13\Competitions_TT\main.py", line 1182, in view
    view()
  File "c:\Users\Alex_SSHOR13\Competitions_TT\main.py", line 5758, in view
    view_file = made_pdf_table_for_view(sender)
                ^^^^^^^^^^^^^^^^^^^^^^^^^^^^^^^
  File "c:\Users\Alex_SSHOR13\Competitions_TT\main.py", line 8160, in made_pdf_table_for_view
    table_made(pv, stage)
  File "c:\Users\Alex_SSHOR13\Competitions_TT\main.py", line 15223, in table_made
    change_dir(catalog)
  File "c:\Users\Alex_SSHOR13\Competitions_TT\main.py", line 19717, in change_dir
    os.chdir("table_pdf") # переходит в каталог pdf
    ^^^^^^^^^^^^^^^^^^^^^
FileNotFoundError: [WinError 2] Не удается найти указанный файл: 'table_pdf'
2026-02-21 12:41:53,268 - ERROR - Необработанное исключение: FileNotFoundError: [WinError 2] Не удается найти указанный файл: 'table_pdf'
2026-02-21 12:41:53,269 - ERROR - Трассировка стека:
Traceback (most recent call last):
  File "c:\Users\Alex_SSHOR13\Competitions_TT\main.py", line 21160, in made_pdf_list
    list_regions_pdf()
  File "c:\Users\Alex_SSHOR13\Competitions_TT\main.py", line 15529, in list_regions_pdf
    change_dir(catalog)
  File "c:\Users\Alex_SSHOR13\Competitions_TT\main.py", line 19717, in change_dir
    os.chdir("table_pdf") # переходит в каталог pdf
    ^^^^^^^^^^^^^^^^^^^^^
FileNotFoundError: [WinError 2] Не удается найти указанный файл: 'table_pdf'
2026-02-21 12:41:58,993 - ERROR - Необработанное исключение: FileNotFoundError: [WinError 2] Не удается найти указанный файл: 'table_pdf'
2026-02-21 12:41:58,994 - ERROR - Трассировка стека:
Traceback (most recent call last):
  File "c:\Users\Alex_SSHOR13\Competitions_TT\main.py", line 1182, in view
    view()
  File "c:\Users\Alex_SSHOR13\Competitions_TT\main.py", line 5767, in view
    change_dir(catalog)
  File "c:\Users\Alex_SSHOR13\Competitions_TT\main.py", line 19717, in change_dir
    os.chdir("table_pdf") # переходит в каталог pdf
    ^^^^^^^^^^^^^^^^^^^^^
FileNotFoundError: [WinError 2] Не удается найти указанный файл: 'table_pdf'
