2026-03-21 18:07:47,569 - ERROR - Необработанное исключение: TypeError: int() argument must be a string, a bytes-like object or a real number, not 'function'
2026-03-21 18:07:47,576 - ERROR - Трассировка стека:
Traceback (most recent call last):
  File "c:\Users\Alex_SSHOR13\Competitions_TT\main.py", line 1028, in choice
    choice_semifinal_automat(stage)
  File "c:\Users\Alex_SSHOR13\Competitions_TT\main.py", line 9239, in choice_semifinal_automat
    create_semi_final_matches(stage)
  File "c:\Users\Alex_SSHOR13\Competitions_TT\main.py", line 9391, in create_semi_final_matches
    system_id=system_id).save()
                         ^^^^^^
  File "c:\Users\Alex_SSHOR13\Competitions_TT\venv\Lib\site-packages\peewee.py", line 6958, in save
    pk = self.insert(**field_dict).execute()
         ^^^^^^^^^^^^^^^^^^^^^^^^^^^^^^^^^^^
  File "c:\Users\Alex_SSHOR13\Competitions_TT\venv\Lib\site-packages\peewee.py", line 2036, in inner
    return method(self, database, *args, **kwargs)
           ^^^^^^^^^^^^^^^^^^^^^^^^^^^^^^^^^^^^^^^
  File "c:\Users\Alex_SSHOR13\Competitions_TT\venv\Lib\site-packages\peewee.py", line 2107, in execute
    return self._execute(database)
           ^^^^^^^^^^^^^^^^^^^^^^^
  File "c:\Users\Alex_SSHOR13\Competitions_TT\venv\Lib\site-packages\peewee.py", line 2912, in _execute
    return super(Insert, self)._execute(database)
           ^^^^^^^^^^^^^^^^^^^^^^^^^^^^^^^^^^^^^^
  File "c:\Users\Alex_SSHOR13\Competitions_TT\venv\Lib\site-packages\peewee.py", line 2625, in _execute
    cursor = database.execute(self)
             ^^^^^^^^^^^^^^^^^^^^^^
  File "c:\Users\Alex_SSHOR13\Competitions_TT\venv\Lib\site-packages\peewee.py", line 3329, in execute
    sql, params = ctx.sql(query).query()
                  ^^^^^^^^^^^^^^
  File "c:\Users\Alex_SSHOR13\Competitions_TT\venv\Lib\site-packages\peewee.py", line 664, in sql
    return obj.__sql__(self)
           ^^^^^^^^^^^^^^^^^
  File "c:\Users\Alex_SSHOR13\Competitions_TT\venv\Lib\site-packages\peewee.py", line 2889, in __sql__
    self._simple_insert(ctx)
  File "c:\Users\Alex_SSHOR13\Competitions_TT\venv\Lib\site-packages\peewee.py", line 2739, in _simple_insert
    return self._generate_insert((self._insert,), ctx)
           ^^^^^^^^^^^^^^^^^^^^^^^^^^^^^^^^^^^^^^^^^^^
  File "c:\Users\Alex_SSHOR13\Competitions_TT\venv\Lib\site-packages\peewee.py", line 2861, in _generate_insert
    return ctx.sql(CommaNodeList(all_values))
           ^^^^^^^^^^^^^^^^^^^^^^^^^^^^^^^^^^
  File "c:\Users\Alex_SSHOR13\Competitions_TT\venv\Lib\site-packages\peewee.py", line 664, in sql
    return obj.__sql__(self)
           ^^^^^^^^^^^^^^^^^
  File "c:\Users\Alex_SSHOR13\Competitions_TT\venv\Lib\site-packages\peewee.py", line 1902, in __sql__
    ctx.sql(self.nodes[n_nodes - 1])
  File "c:\Users\Alex_SSHOR13\Competitions_TT\venv\Lib\site-packages\peewee.py", line 664, in sql
    return obj.__sql__(self)
           ^^^^^^^^^^^^^^^^^
  File "c:\Users\Alex_SSHOR13\Competitions_TT\venv\Lib\site-packages\peewee.py", line 1902, in __sql__
    ctx.sql(self.nodes[n_nodes - 1])
  File "c:\Users\Alex_SSHOR13\Competitions_TT\venv\Lib\site-packages\peewee.py", line 664, in sql
    return obj.__sql__(self)
           ^^^^^^^^^^^^^^^^^
  File "c:\Users\Alex_SSHOR13\Competitions_TT\venv\Lib\site-packages\peewee.py", line 1479, in __sql__
    return ctx.value(self.value, self.converter)
           ^^^^^^^^^^^^^^^^^^^^^^^^^^^^^^^^^^^^^
  File "c:\Users\Alex_SSHOR13\Competitions_TT\venv\Lib\site-packages\peewee.py", line 676, in value
    value = converter(value)
            ^^^^^^^^^^^^^^^^
  File "c:\Users\Alex_SSHOR13\Competitions_TT\venv\Lib\site-packages\peewee.py", line 5581, in db_value
    return self.rel_field.db_value(value)
           ^^^^^^^^^^^^^^^^^^^^^^^^^^^^^^
  File "c:\Users\Alex_SSHOR13\Competitions_TT\venv\Lib\site-packages\peewee.py", line 4846, in db_value
    return value if value is None else self.adapt(value)
                                       ^^^^^^^^^^^^^^^^^
  File "c:\Users\Alex_SSHOR13\Competitions_TT\venv\Lib\site-packages\peewee.py", line 4906, in adapt
    return int(value)
           ^^^^^^^^^^
TypeError: int() argument must be a string, a bytes-like object or a real number, not 'function'
