2025-12-09 12:45:22,500 - ERROR - Необработанное исключение: AttributeError: 'ModelSelect' object has no attribute 'fio_city'
2025-12-09 12:45:22,505 - ERROR - Трассировка стека:
Traceback (most recent call last):
  File "c:\Users\Alex\Competitions_TT\main.py", line 5666, in view
    view_file = made_pdf_table_for_view(sender)
  File "c:\Users\Alex\Competitions_TT\main.py", line 8072, in made_pdf_table_for_view
    setka_8_full_made(fin)
    ~~~~~~~~~~~~~~~~~^^^^^
  File "c:\Users\Alex\Competitions_TT\main.py", line 14514, in setka_8_full_made
    tds = write_in_setka(data, fin, first_mesto, table)
  File "c:\Users\Alex\Competitions_TT\main.py", line 16198, in write_in_setka
    dict_setka = score_in_setka(stage, place_3rd) # список (номер, игрок, счет в партии, номер куда сносится проигравший, его фамилия)
  File "c:\Users\Alex\Competitions_TT\main.py", line 17073, in score_in_setka
    id_pl_win = player.select().where(player.fio_city == res.winner).get()
                                      ^^^^^^^^^^^^^^^
AttributeError: 'ModelSelect' object has no attribute 'fio_city'
2025-12-09 12:45:40,435 - ERROR - Необработанное исключение: AttributeError: 'ModelSelect' object has no attribute 'fio_city'
2025-12-09 12:45:40,435 - ERROR - Трассировка стека:
Traceback (most recent call last):
  File "c:\Users\Alex\Competitions_TT\main.py", line 5666, in view
    view_file = made_pdf_table_for_view(sender)
  File "c:\Users\Alex\Competitions_TT\main.py", line 8072, in made_pdf_table_for_view
    setka_8_full_made(fin)
    ~~~~~~~~~~~~~~~~~^^^^^
  File "c:\Users\Alex\Competitions_TT\main.py", line 14514, in setka_8_full_made
    tds = write_in_setka(data, fin, first_mesto, table)
  File "c:\Users\Alex\Competitions_TT\main.py", line 16198, in write_in_setka
    dict_setka = score_in_setka(stage, place_3rd) # список (номер, игрок, счет в партии, номер куда сносится проигравший, его фамилия)
  File "c:\Users\Alex\Competitions_TT\main.py", line 17073, in score_in_setka
    id_pl_win = player.select().where(player.fio_city == res.winner).get()
                                      ^^^^^^^^^^^^^^^
AttributeError: 'ModelSelect' object has no attribute 'fio_city'
