2026-01-18 10:18:26,476 - ERROR - Необработанное исключение: KeyError: 'protokol_3-fin.pdf'
2026-01-18 10:18:26,477 - ERROR - Трассировка стека:
Traceback (most recent call last):
  File "c:\Users\Alex_SSHOR13\Competitions_TT\main.py", line 19414, in view_all_page_pdf
    rus_name = stage_dict[text_stage]
               ~~~~~~~~~~^^^^^^^^^^^^
KeyError: 'protokol_3-fin.pdf'
2026-01-18 10:18:54,576 - ERROR - Необработанное исключение: KeyError: 'protokol_3-fin.pdf'
2026-01-18 10:18:54,576 - ERROR - Трассировка стека:
Traceback (most recent call last):
  File "c:\Users\Alex_SSHOR13\Competitions_TT\main.py", line 19414, in view_all_page_pdf
    rus_name = stage_dict[text_stage]
               ~~~~~~~~~~^^^^^^^^^^^^
KeyError: 'protokol_3-fin.pdf'
2026-01-18 10:19:09,656 - ERROR - Необработанное исключение: KeyError: 'protokol_3-fin.pdf'
2026-01-18 10:19:09,657 - ERROR - Трассировка стека:
Traceback (most recent call last):
  File "c:\Users\Alex_SSHOR13\Competitions_TT\main.py", line 19414, in view_all_page_pdf
    rus_name = stage_dict[text_stage]
               ~~~~~~~~~~^^^^^^^^^^^^
KeyError: 'protokol_3-fin.pdf'
