2025-10-28 10:59:49,724 - ERROR - Необработанное исключение: CoachDoesNotExist: <Model: Coach> instance matching query does not exist:
SQL: SELECT `t1`.`id`, `t1`.`coach` FROM `coachs` AS `t1` WHERE (`t1`.`coach` IS NULL) LIMIT %s OFFSET %s
Params: [1, 0]
2025-10-28 10:59:49,725 - ERROR - Трассировка стека:
Traceback (most recent call last):
  File "C:\Users\Alex\Competitions_TT\venv\Lib\site-packages\peewee.py", line 7297, in get
    return clone.execute(database)[0]
           ~~~~~~~~~~~~~~~~~~~~~~~^^^
  File "C:\Users\Alex\Competitions_TT\venv\Lib\site-packages\peewee.py", line 4583, in __getitem__
    return self.row_cache[item]
           ~~~~~~~~~~~~~~^^^^^^
IndexError: list index out of range

During handling of the above exception, another exception occurred:

Traceback (most recent call last):
  File "c:\Users\Alex\Competitions_TT\main.py", line 6871, in delete_player
    coach_id = Coach.get(Coach.coach == coach)
  File "C:\Users\Alex\Competitions_TT\venv\Lib\site-packages\peewee.py", line 6840, in get
    return sq.get()
           ~~~~~~^^
  File "C:\Users\Alex\Competitions_TT\venv\Lib\site-packages\peewee.py", line 7300, in get
    raise self.model.DoesNotExist('%s instance matching query does '
                                  'not exist:\nSQL: %s\nParams: %s' %
                                  (clone.model, sql, params))
models.CoachDoesNotExist: <Model: Coach> instance matching query does not exist:
SQL: SELECT `t1`.`id`, `t1`.`coach` FROM `coachs` AS `t1` WHERE (`t1`.`coach` IS NULL) LIMIT %s OFFSET %s
Params: [1, 0]
2025-10-28 11:00:00,156 - ERROR - Необработанное исключение: CoachDoesNotExist: <Model: Coach> instance matching query does not exist:
SQL: SELECT `t1`.`id`, `t1`.`coach` FROM `coachs` AS `t1` WHERE (`t1`.`coach` IS NULL) LIMIT %s OFFSET %s
Params: [1, 0]
2025-10-28 11:00:00,156 - ERROR - Трассировка стека:
Traceback (most recent call last):
  File "C:\Users\Alex\Competitions_TT\venv\Lib\site-packages\peewee.py", line 7297, in get
    return clone.execute(database)[0]
           ~~~~~~~~~~~~~~~~~~~~~~~^^^
  File "C:\Users\Alex\Competitions_TT\venv\Lib\site-packages\peewee.py", line 4583, in __getitem__
    return self.row_cache[item]
           ~~~~~~~~~~~~~~^^^^^^
IndexError: list index out of range

During handling of the above exception, another exception occurred:

Traceback (most recent call last):
  File "c:\Users\Alex\Competitions_TT\main.py", line 6871, in delete_player
    coach_id = Coach.get(Coach.coach == coach)
  File "C:\Users\Alex\Competitions_TT\venv\Lib\site-packages\peewee.py", line 6840, in get
    return sq.get()
           ~~~~~~^^
  File "C:\Users\Alex\Competitions_TT\venv\Lib\site-packages\peewee.py", line 7300, in get
    raise self.model.DoesNotExist('%s instance matching query does '
                                  'not exist:\nSQL: %s\nParams: %s' %
                                  (clone.model, sql, params))
models.CoachDoesNotExist: <Model: Coach> instance matching query does not exist:
SQL: SELECT `t1`.`id`, `t1`.`coach` FROM `coachs` AS `t1` WHERE (`t1`.`coach` IS NULL) LIMIT %s OFFSET %s
Params: [1, 0]
