2026-03-21 21:46:51,005 - ERROR - Необработанное исключение: ChoiceDoesNotExist: <Model: Choice> instance matching query does not exist:
SQL: SELECT `t1`.`id`, `t1`.`player_choice_id`, `t1`.`family`, `t1`.`region`, `t1`.`coach`, `t1`.`rank`, `t1`.`basic`, `t1`.`group`, `t1`.`posev_group`, `t1`.`mesto_group`, `t1`.`semi_final`, `t1`.`sf_group`, `t1`.`posev_sf`, `t1`.`mesto_semi_final`, `t1`.`final`, `t1`.`posev_final`, `t1`.`mesto_final`, `t1`.`super_final`, `t1`.`title_id`, `t1`.`sex` FROM `choices` AS `t1` WHERE (((`t1`.`semi_final` = %s) AND (`t1`.`title_id` = %s)) AND (`t1`.`player_choice_id` = %s)) LIMIT %s OFFSET %s
Params: [1, 68, 9052, 1, 0]
2026-03-21 21:46:51,007 - ERROR - Трассировка стека:
Traceback (most recent call last):
  File "c:\Users\Alex_SSHOR13\Competitions_TT\venv\Lib\site-packages\peewee.py", line 7297, in get
    return clone.execute(database)[0]
           ~~~~~~~~~~~~~~~~~~~~~~~^^^
  File "c:\Users\Alex_SSHOR13\Competitions_TT\venv\Lib\site-packages\peewee.py", line 4583, in __getitem__
    return self.row_cache[item]
           ~~~~~~~~~~~~~~^^^^^^
IndexError: list index out of range

During handling of the above exception, another exception occurred:

Traceback (most recent call last):
  File "c:\Users\Alex_SSHOR13\Competitions_TT\main.py", line 1028, in choice
    choice_semifinal_automat(stage)
  File "c:\Users\Alex_SSHOR13\Competitions_TT\main.py", line 9239, in choice_semifinal_automat
    create_semi_final_matches(stage)
  File "c:\Users\Alex_SSHOR13\Competitions_TT\main.py", line 9380, in create_semi_final_matches
    p1_id = sf_groups.select().where(Choice.player_choice_id == pl1_choice_id).get()
            ^^^^^^^^^^^^^^^^^^^^^^^^^^^^^^^^^^^^^^^^^^^^^^^^^^^^^^^^^^^^^^^^^^^^^^^^
  File "c:\Users\Alex_SSHOR13\Competitions_TT\venv\Lib\site-packages\peewee.py", line 7300, in get
    raise self.model.DoesNotExist('%s instance matching query does '
models.ChoiceDoesNotExist: <Model: Choice> instance matching query does not exist:
SQL: SELECT `t1`.`id`, `t1`.`player_choice_id`, `t1`.`family`, `t1`.`region`, `t1`.`coach`, `t1`.`rank`, `t1`.`basic`, `t1`.`group`, `t1`.`posev_group`, `t1`.`mesto_group`, `t1`.`semi_final`, `t1`.`sf_group`, `t1`.`posev_sf`, `t1`.`mesto_semi_final`, `t1`.`final`, `t1`.`posev_final`, `t1`.`mesto_final`, `t1`.`super_final`, `t1`.`title_id`, `t1`.`sex` FROM `choices` AS `t1` WHERE (((`t1`.`semi_final` = %s) AND (`t1`.`title_id` = %s)) AND (`t1`.`player_choice_id` = %s)) LIMIT %s OFFSET %s
Params: [1, 68, 9052, 1, 0]
