2026-03-19 12:51:05,005 - ERROR - Необработанное исключение: ValueError: invalid literal for int() with base 10: ''
2026-03-19 12:51:05,006 - ERROR - Трассировка стека:
Traceback (most recent call last):
  File "c:\Users\Alex_SSHOR13\Competitions_TT\main.py", line 8197, in enter_score
    sc_total = setka_type(none_player) # список 1-й счет победителя, 2-й счет проигравшего, 3-й очки победителя и очки проигравшего
               ^^^^^^^^^^^^^^^^^^^^^^^
  File "c:\Users\Alex_SSHOR13\Competitions_TT\main.py", line 8498, in setka_type
    st1 = int(my_win.lineEdit_pl1_score_total.text())
          ^^^^^^^^^^^^^^^^^^^^^^^^^^^^^^^^^^^^^^^^^^^
ValueError: invalid literal for int() with base 10: ''
2026-03-19 12:51:07,255 - ERROR - Необработанное исключение: ValueError: invalid literal for int() with base 10: ''
2026-03-19 12:51:07,256 - ERROR - Трассировка стека:
Traceback (most recent call last):
  File "c:\Users\Alex_SSHOR13\Competitions_TT\main.py", line 8197, in enter_score
    sc_total = setka_type(none_player) # список 1-й счет победителя, 2-й счет проигравшего, 3-й очки победителя и очки проигравшего
               ^^^^^^^^^^^^^^^^^^^^^^^
  File "c:\Users\Alex_SSHOR13\Competitions_TT\main.py", line 8498, in setka_type
    st1 = int(my_win.lineEdit_pl1_score_total.text())
          ^^^^^^^^^^^^^^^^^^^^^^^^^^^^^^^^^^^^^^^^^^^
ValueError: invalid literal for int() with base 10: ''
2026-03-19 13:05:06,812 - ERROR - Необработанное исключение: SystemDoesNotExist: <Model: System> instance matching query does not exist:
SQL: SELECT `t1`.`id`, `t1`.`title_id`, `t1`.`total_athletes`, `t1`.`total_group`, `t1`.`max_player`, `t1`.`stage`, `t1`.`type_table`, `t1`.`page_vid`, `t1`.`label_string`, `t1`.`kol_game_string`, `t1`.`choice_flag`, `t1`.`score_flag`, `t1`.`visible_game`, `t1`.`stage_exit`, `t1`.`mesta_exit`, `t1`.`no_game`, `t1`.`sex` FROM `system` AS `t1` WHERE ((`t1`.`title_id` = %s) AND (`t1`.`stage` = %s)) LIMIT %s OFFSET %s
Params: [71, 'все финалы', 1, 0]
2026-03-19 13:05:06,812 - ERROR - Трассировка стека:
Traceback (most recent call last):
  File "C:\Users\Alex_SSHOR13\Competitions_TT\venv\Lib\site-packages\peewee.py", line 7297, in get
    return clone.execute(database)[0]
           ~~~~~~~~~~~~~~~~~~~~~~~^^^
  File "C:\Users\Alex_SSHOR13\Competitions_TT\venv\Lib\site-packages\peewee.py", line 4583, in __getitem__
    return self.row_cache[item]
           ~~~~~~~~~~~~~~^^^^^^
IndexError: list index out of range

During handling of the above exception, another exception occurred:

Traceback (most recent call last):
  File "c:\Users\Alex_SSHOR13\Competitions_TT\main.py", line 7716, in focus
    sum_total_game = score_in_game()  # подсчет очков в партии
                     ^^^^^^^^^^^^^^^
  File "c:\Users\Alex_SSHOR13\Competitions_TT\main.py", line 7788, in score_in_game
    sys = system.select().where(System.stage == stage).get()
          ^^^^^^^^^^^^^^^^^^^^^^^^^^^^^^^^^^^^^^^^^^^^^^^^^^
  File "C:\Users\Alex_SSHOR13\Competitions_TT\venv\Lib\site-packages\peewee.py", line 7300, in get
    raise self.model.DoesNotExist('%s instance matching query does '
models.SystemDoesNotExist: <Model: System> instance matching query does not exist:
SQL: SELECT `t1`.`id`, `t1`.`title_id`, `t1`.`total_athletes`, `t1`.`total_group`, `t1`.`max_player`, `t1`.`stage`, `t1`.`type_table`, `t1`.`page_vid`, `t1`.`label_string`, `t1`.`kol_game_string`, `t1`.`choice_flag`, `t1`.`score_flag`, `t1`.`visible_game`, `t1`.`stage_exit`, `t1`.`mesta_exit`, `t1`.`no_game`, `t1`.`sex` FROM `system` AS `t1` WHERE ((`t1`.`title_id` = %s) AND (`t1`.`stage` = %s)) LIMIT %s OFFSET %s
Params: [71, 'все финалы', 1, 0]
2026-03-19 13:05:11,723 - ERROR - Необработанное исключение: SystemDoesNotExist: <Model: System> instance matching query does not exist:
SQL: SELECT `t1`.`id`, `t1`.`title_id`, `t1`.`total_athletes`, `t1`.`total_group`, `t1`.`max_player`, `t1`.`stage`, `t1`.`type_table`, `t1`.`page_vid`, `t1`.`label_string`, `t1`.`kol_game_string`, `t1`.`choice_flag`, `t1`.`score_flag`, `t1`.`visible_game`, `t1`.`stage_exit`, `t1`.`mesta_exit`, `t1`.`no_game`, `t1`.`sex` FROM `system` AS `t1` WHERE ((`t1`.`title_id` = %s) AND (`t1`.`stage` = %s)) LIMIT %s OFFSET %s
Params: [71, 'все финалы', 1, 0]
2026-03-19 13:05:11,723 - ERROR - Трассировка стека:
Traceback (most recent call last):
  File "C:\Users\Alex_SSHOR13\Competitions_TT\venv\Lib\site-packages\peewee.py", line 7297, in get
    return clone.execute(database)[0]
           ~~~~~~~~~~~~~~~~~~~~~~~^^^
  File "C:\Users\Alex_SSHOR13\Competitions_TT\venv\Lib\site-packages\peewee.py", line 4583, in __getitem__
    return self.row_cache[item]
           ~~~~~~~~~~~~~~^^^^^^
IndexError: list index out of range

During handling of the above exception, another exception occurred:

Traceback (most recent call last):
  File "c:\Users\Alex_SSHOR13\Competitions_TT\main.py", line 7716, in focus
    sum_total_game = score_in_game()  # подсчет очков в партии
                     ^^^^^^^^^^^^^^^
  File "c:\Users\Alex_SSHOR13\Competitions_TT\main.py", line 7788, in score_in_game
    sys = system.select().where(System.stage == stage).get()
          ^^^^^^^^^^^^^^^^^^^^^^^^^^^^^^^^^^^^^^^^^^^^^^^^^^
  File "C:\Users\Alex_SSHOR13\Competitions_TT\venv\Lib\site-packages\peewee.py", line 7300, in get
    raise self.model.DoesNotExist('%s instance matching query does '
models.SystemDoesNotExist: <Model: System> instance matching query does not exist:
SQL: SELECT `t1`.`id`, `t1`.`title_id`, `t1`.`total_athletes`, `t1`.`total_group`, `t1`.`max_player`, `t1`.`stage`, `t1`.`type_table`, `t1`.`page_vid`, `t1`.`label_string`, `t1`.`kol_game_string`, `t1`.`choice_flag`, `t1`.`score_flag`, `t1`.`visible_game`, `t1`.`stage_exit`, `t1`.`mesta_exit`, `t1`.`no_game`, `t1`.`sex` FROM `system` AS `t1` WHERE ((`t1`.`title_id` = %s) AND (`t1`.`stage` = %s)) LIMIT %s OFFSET %s
Params: [71, 'все финалы', 1, 0]
2026-03-19 13:05:15,173 - ERROR - Необработанное исключение: SystemDoesNotExist: <Model: System> instance matching query does not exist:
SQL: SELECT `t1`.`id`, `t1`.`title_id`, `t1`.`total_athletes`, `t1`.`total_group`, `t1`.`max_player`, `t1`.`stage`, `t1`.`type_table`, `t1`.`page_vid`, `t1`.`label_string`, `t1`.`kol_game_string`, `t1`.`choice_flag`, `t1`.`score_flag`, `t1`.`visible_game`, `t1`.`stage_exit`, `t1`.`mesta_exit`, `t1`.`no_game`, `t1`.`sex` FROM `system` AS `t1` WHERE ((`t1`.`title_id` = %s) AND (`t1`.`stage` = %s)) LIMIT %s OFFSET %s
Params: [71, 'все финалы', 1, 0]
2026-03-19 13:05:15,173 - ERROR - Трассировка стека:
Traceback (most recent call last):
  File "C:\Users\Alex_SSHOR13\Competitions_TT\venv\Lib\site-packages\peewee.py", line 7297, in get
    return clone.execute(database)[0]
           ~~~~~~~~~~~~~~~~~~~~~~~^^^
  File "C:\Users\Alex_SSHOR13\Competitions_TT\venv\Lib\site-packages\peewee.py", line 4583, in __getitem__
    return self.row_cache[item]
           ~~~~~~~~~~~~~~^^^^^^
IndexError: list index out of range

During handling of the above exception, another exception occurred:

Traceback (most recent call last):
  File "c:\Users\Alex_SSHOR13\Competitions_TT\main.py", line 7716, in focus
    sum_total_game = score_in_game()  # подсчет очков в партии
                     ^^^^^^^^^^^^^^^
  File "c:\Users\Alex_SSHOR13\Competitions_TT\main.py", line 7788, in score_in_game
    sys = system.select().where(System.stage == stage).get()
          ^^^^^^^^^^^^^^^^^^^^^^^^^^^^^^^^^^^^^^^^^^^^^^^^^^
  File "C:\Users\Alex_SSHOR13\Competitions_TT\venv\Lib\site-packages\peewee.py", line 7300, in get
    raise self.model.DoesNotExist('%s instance matching query does '
models.SystemDoesNotExist: <Model: System> instance matching query does not exist:
SQL: SELECT `t1`.`id`, `t1`.`title_id`, `t1`.`total_athletes`, `t1`.`total_group`, `t1`.`max_player`, `t1`.`stage`, `t1`.`type_table`, `t1`.`page_vid`, `t1`.`label_string`, `t1`.`kol_game_string`, `t1`.`choice_flag`, `t1`.`score_flag`, `t1`.`visible_game`, `t1`.`stage_exit`, `t1`.`mesta_exit`, `t1`.`no_game`, `t1`.`sex` FROM `system` AS `t1` WHERE ((`t1`.`title_id` = %s) AND (`t1`.`stage` = %s)) LIMIT %s OFFSET %s
Params: [71, 'все финалы', 1, 0]
2026-03-19 13:05:17,547 - ERROR - Необработанное исключение: SystemDoesNotExist: <Model: System> instance matching query does not exist:
SQL: SELECT `t1`.`id`, `t1`.`title_id`, `t1`.`total_athletes`, `t1`.`total_group`, `t1`.`max_player`, `t1`.`stage`, `t1`.`type_table`, `t1`.`page_vid`, `t1`.`label_string`, `t1`.`kol_game_string`, `t1`.`choice_flag`, `t1`.`score_flag`, `t1`.`visible_game`, `t1`.`stage_exit`, `t1`.`mesta_exit`, `t1`.`no_game`, `t1`.`sex` FROM `system` AS `t1` WHERE ((`t1`.`title_id` = %s) AND (`t1`.`stage` = %s)) LIMIT %s OFFSET %s
Params: [71, 'все финалы', 1, 0]
2026-03-19 13:05:17,548 - ERROR - Трассировка стека:
Traceback (most recent call last):
  File "C:\Users\Alex_SSHOR13\Competitions_TT\venv\Lib\site-packages\peewee.py", line 7297, in get
    return clone.execute(database)[0]
           ~~~~~~~~~~~~~~~~~~~~~~~^^^
  File "C:\Users\Alex_SSHOR13\Competitions_TT\venv\Lib\site-packages\peewee.py", line 4583, in __getitem__
    return self.row_cache[item]
           ~~~~~~~~~~~~~~^^^^^^
IndexError: list index out of range

During handling of the above exception, another exception occurred:

Traceback (most recent call last):
  File "c:\Users\Alex_SSHOR13\Competitions_TT\main.py", line 7716, in focus
    sum_total_game = score_in_game()  # подсчет очков в партии
                     ^^^^^^^^^^^^^^^
  File "c:\Users\Alex_SSHOR13\Competitions_TT\main.py", line 7788, in score_in_game
    sys = system.select().where(System.stage == stage).get()
          ^^^^^^^^^^^^^^^^^^^^^^^^^^^^^^^^^^^^^^^^^^^^^^^^^^
  File "C:\Users\Alex_SSHOR13\Competitions_TT\venv\Lib\site-packages\peewee.py", line 7300, in get
    raise self.model.DoesNotExist('%s instance matching query does '
models.SystemDoesNotExist: <Model: System> instance matching query does not exist:
SQL: SELECT `t1`.`id`, `t1`.`title_id`, `t1`.`total_athletes`, `t1`.`total_group`, `t1`.`max_player`, `t1`.`stage`, `t1`.`type_table`, `t1`.`page_vid`, `t1`.`label_string`, `t1`.`kol_game_string`, `t1`.`choice_flag`, `t1`.`score_flag`, `t1`.`visible_game`, `t1`.`stage_exit`, `t1`.`mesta_exit`, `t1`.`no_game`, `t1`.`sex` FROM `system` AS `t1` WHERE ((`t1`.`title_id` = %s) AND (`t1`.`stage` = %s)) LIMIT %s OFFSET %s
Params: [71, 'все финалы', 1, 0]
2026-03-19 13:31:53,638 - ERROR - Необработанное исключение: UnboundLocalError: cannot access local variable 'begunki_data' where it is not associated with a value
2026-03-19 13:31:53,639 - ERROR - Трассировка стека:
Traceback (most recent call last):
  File "c:\Users\Alex_SSHOR13\Competitions_TT\main.py", line 15170, in begunki_made
    pdf.add_begunki(begunki_data)
                    ^^^^^^^^^^^^
UnboundLocalError: cannot access local variable 'begunki_data' where it is not associated with a value
