2026-03-19 16:02:03,881 - ERROR - Необработанное исключение: ValueError: invalid literal for int() with base 10: 'None'
2026-03-19 16:02:03,882 - ERROR - Трассировка стека:
Traceback (most recent call last):
  File "c:\Users\Alex_SSHOR13\Competitions_TT\main.py", line 5989, in view
    view_file = made_pdf_table_for_view(sender)
                ^^^^^^^^^^^^^^^^^^^^^^^^^^^^^^^
  File "c:\Users\Alex_SSHOR13\Competitions_TT\main.py", line 8422, in made_pdf_table_for_view
    table_made(pv, stage)
  File "c:\Users\Alex_SSHOR13\Competitions_TT\main.py", line 15522, in table_made
    dict_table = tbl(stage, kg, ts, zagolovok, cW, rH)
                 ^^^^^^^^^^^^^^^^^^^^^^^^^^^^^^^^^^^^^
  File "c:\Users\Alex_SSHOR13\Competitions_TT\main.py", line 14742, in tbl
    tdt_all = table_data(stage, kg)  # данные результатов в группах
              ^^^^^^^^^^^^^^^^^^^^^
  File "c:\Users\Alex_SSHOR13\Competitions_TT\main.py", line 19146, in table_data
    tdt_tmp = tdt_news(max_gamer, posev_data, count_player_group, tr, num_gr)
              ^^^^^^^^^^^^^^^^^^^^^^^^^^^^^^^^^^^^^^^^^^^^^^^^^^^^^^^^^^^^^^^
  File "c:\Users\Alex_SSHOR13\Competitions_TT\main.py", line 19273, in tdt_news
    td_color = score_in_table(td, num_gr)
               ^^^^^^^^^^^^^^^^^^^^^^^^^^
  File "c:\Users\Alex_SSHOR13\Competitions_TT\main.py", line 19532, in score_in_table
    plr1 = plr1 + int(tp1)  # прибавляет очки 1-ого игрока
                  ^^^^^^^^
ValueError: invalid literal for int() with base 10: 'None'
