2026-02-21 09:56:20,692 - ERROR - Необработанное исключение: NameError: name 'Qt' is not defined
2026-02-21 09:56:20,693 - ERROR - Трассировка стека:
Traceback (most recent call last):
  File "c:\Users\Alex_SSHOR13\Competitions_TT\main.py", line 4687, in toggle_clear_button
    if state == Qt.Checked:
                ^^
NameError: name 'Qt' is not defined
2026-02-21 09:56:25,612 - ERROR - Необработанное исключение: NameError: name 'Qt' is not defined
2026-02-21 09:56:25,613 - ERROR - Трассировка стека:
Traceback (most recent call last):
  File "c:\Users\Alex_SSHOR13\Competitions_TT\main.py", line 4687, in toggle_clear_button
    if state == Qt.Checked:
                ^^
NameError: name 'Qt' is not defined
2026-02-21 09:56:26,333 - ERROR - Необработанное исключение: NameError: name 'Qt' is not defined
2026-02-21 09:56:26,333 - ERROR - Трассировка стека:
Traceback (most recent call last):
  File "c:\Users\Alex_SSHOR13\Competitions_TT\main.py", line 4687, in toggle_clear_button
    if state == Qt.Checked:
                ^^
NameError: name 'Qt' is not defined
2026-02-21 09:56:27,253 - ERROR - Необработанное исключение: NameError: name 'Qt' is not defined
2026-02-21 09:56:27,253 - ERROR - Трассировка стека:
Traceback (most recent call last):
  File "c:\Users\Alex_SSHOR13\Competitions_TT\main.py", line 4687, in toggle_clear_button
    if state == Qt.Checked:
                ^^
NameError: name 'Qt' is not defined
